<?xml version="1.0" encoding="UTF-8"?>
<coverage generated="1766998867506" clover="3.2.0">
  <project timestamp="1766998867506" name="All files">
    <metrics statements="4" coveredstatements="4" conditionals="2" coveredconditionals="1" methods="2" coveredmethods="2" elements="8" coveredelements="7" complexity="0" loc="4" ncloc="4" packages="1" files="1" classes="1"/>
    <file name="checklistIntentAdapter.ts" path="/Users/miladarbabi/Codes/projects/SynchroFlow/apps/frontend/src/wiring/checklistIntentAdapter.ts">
      <metrics statements="4" coveredstatements="4" conditionals="2" coveredconditionals="1" methods="2" coveredmethods="2"/>
      <line num="6" count="2" type="stmt"/>
      <line num="8" count="2" type="stmt"/>
      <line num="9" count="2" type="cond" truecount="1" falsecount="1"/>
      <line num="10" count="2" type="stmt"/>
    </file>
  </project>
</coverage>
