{"/Users/miladarbabi/Codes/projects/SynchroFlow/packages/api/knexfile.ts": {"path":"/Users/miladarbabi/Codes/projects/SynchroFlow/packages/api/knexfile.ts","statementMap":{"0":{"start":{"line":1,"column":0},"end":{"line":3,"column":1}},"1":{"start":{"line":2,"column":2},"end":{"line":2,"column":30}},"2":{"start":{"line":4,"column":0},"end":{"line":4,"column":98}},"3":{"start":{"line":9,"column":47},"end":{"line":47,"column":1}},"4":{"start":{"line":49,"column":0},"end":{"line":49,"column":24}}},"fnMap":{},"branchMap":{"0":{"loc":{"start":{"line":1,"column":0},"end":{"line":3,"column":1}},"type":"if","locations":[{"start":{"line":1,"column":0},"end":{"line":3,"column":1}},{"start":{},"end":{}}],"line":1}},"s":{"0":1,"1":1,"2":1,"3":1,"4":1},"f":{},"b":{"0":[1,0]},"_coverageSchema":"1a1c01bbd47fc00a2c39e90264f33305004495a9","hash":"d002db406b46c67ca60b687a78cd0d63ecba137f"}
,"/Users/miladarbabi/Codes/projects/SynchroFlow/packages/api/src/db.ts": {"path":"/Users/miladarbabi/Codes/projects/SynchroFlow/packages/api/src/db.ts","statementMap":{"0":{"start":{"line":7,"column":15},"end":{"line":7,"column":37}},"1":{"start":{"line":11,"column":20},"end":{"line":11,"column":57}},"2":{"start":{"line":14,"column":17},"end":{"line":14,"column":36}},"3":{"start":{"line":16,"column":0},"end":{"line":18,"column":1}},"4":{"start":{"line":17,"column":2},"end":{"line":17,"column":84}},"5":{"start":{"line":21,"column":0},"end":{"line":23,"column":1}},"6":{"start":{"line":22,"column":2},"end":{"line":22,"column":89}},"7":{"start":{"line":26,"column":11},"end":{"line":26,"column":25}},"8":{"start":{"line":29,"column":0},"end":{"line":35,"column":3}},"9":{"start":{"line":30,"column":4},"end":{"line":30,"column":75}},"10":{"start":{"line":32,"column":4},"end":{"line":32,"column":74}},"11":{"start":{"line":33,"column":4},"end":{"line":33,"column":23}},"12":{"start":{"line":34,"column":4},"end":{"line":34,"column":20}}},"fnMap":{"0":{"name":"(anonymous_0)","decl":{"start":{"line":29,"column":36},"end":{"line":29,"column":37}},"loc":{"start":{"line":29,"column":42},"end":{"line":31,"column":1}},"line":29},"1":{"name":"(anonymous_1)","decl":{"start":{"line":31,"column":9},"end":{"line":31,"column":10}},"loc":{"start":{"line":31,"column":18},"end":{"line":35,"column":1}},"line":31}},"branchMap":{"0":{"loc":{"start":{"line":11,"column":20},"end":{"line":11,"column":57}},"type":"binary-expr","locations":[{"start":{"line":11,"column":20},"end":{"line":11,"column":40}},{"start":{"line":11,"column":44},"end":{"line":11,"column":57}}],"line":11},"1":{"loc":{"start":{"line":16,"column":0},"end":{"line":18,"column":1}},"type":"if","locations":[{"start":{"line":16,"column":0},"end":{"line":18,"column":1}},{"start":{},"end":{}}],"line":16},"2":{"loc":{"start":{"line":21,"column":0},"end":{"line":23,"column":1}},"type":"if","locations":[{"start":{"line":21,"column":0},"end":{"line":23,"column":1}},{"start":{},"end":{}}],"line":21},"3":{"loc":{"start":{"line":21,"column":4},"end":{"line":21,"column":61}},"type":"binary-expr","locations":[{"start":{"line":21,"column":4},"end":{"line":21,"column":32}},{"start":{"line":21,"column":36},"end":{"line":21,"column":61}}],"line":21}},"s":{"0":1,"1":1,"2":1,"3":1,"4":0,"5":1,"6":0,"7":1,"8":1,"9":0,"10":0,"11":0,"12":0},"f":{"0":0,"1":0},"b":{"0":[1,0],"1":[0,1],"2":[0,1],"3":[1,0]},"_coverageSchema":"1a1c01bbd47fc00a2c39e90264f33305004495a9","hash":"99abef014a4cd32893c7fe580c3f2cf109b6a34e"}
,"/Users/miladarbabi/Codes/projects/SynchroFlow/packages/api/src/api/integrations/integration.controller.ts": {"path":"/Users/miladarbabi/Codes/projects/SynchroFlow/packages/api/src/api/integrations/integration.controller.ts","statementMap":{"0":{"start":{"line":15,"column":29},"end":{"line":23,"column":1}},"1":{"start":{"line":16,"column":2},"end":{"line":16,"column":29}},"2":{"start":{"line":16,"column":17},"end":{"line":16,"column":29}},"3":{"start":{"line":17,"column":17},"end":{"line":17,"column":32}},"4":{"start":{"line":20,"column":15},"end":{"line":20,"column":77}},"5":{"start":{"line":22,"column":2},"end":{"line":22,"column":31}},"6":{"start":{"line":33,"column":21},"end":{"line":39,"column":1}},"7":{"start":{"line":34,"column":17},"end":{"line":34,"column":43}},"8":{"start":{"line":35,"column":2},"end":{"line":37,"column":3}},"9":{"start":{"line":36,"column":4},"end":{"line":36,"column":65}},"10":{"start":{"line":38,"column":2},"end":{"line":38,"column":56}},"11":{"start":{"line":41,"column":29},"end":{"line":95,"column":1}},"12":{"start":{"line":42,"column":29},"end":{"line":42,"column":76}},"13":{"start":{"line":43,"column":18},"end":{"line":43,"column":45}},"14":{"start":{"line":44,"column":16},"end":{"line":44,"column":32}},"15":{"start":{"line":47,"column":2},"end":{"line":49,"column":3}},"16":{"start":{"line":48,"column":4},"end":{"line":48,"column":79}},"17":{"start":{"line":52,"column":2},"end":{"line":54,"column":3}},"18":{"start":{"line":53,"column":4},"end":{"line":53,"column":85}},"19":{"start":{"line":57,"column":16},"end":{"line":57,"column":54}},"20":{"start":{"line":58,"column":2},"end":{"line":58,"column":30}},"21":{"start":{"line":59,"column":2},"end":{"line":59,"column":33}},"22":{"start":{"line":61,"column":25},"end":{"line":61,"column":27}},"23":{"start":{"line":62,"column":22},"end":{"line":62,"column":93}},"24":{"start":{"line":65,"column":2},"end":{"line":89,"column":3}},"25":{"start":{"line":66,"column":4},"end":{"line":68,"column":5}},"26":{"start":{"line":67,"column":6},"end":{"line":67,"column":83}},"27":{"start":{"line":69,"column":26},"end":{"line":69,"column":53}},"28":{"start":{"line":71,"column":19},"end":{"line":71,"column":92}},"29":{"start":{"line":74,"column":23},"end":{"line":74,"column":46}},"30":{"start":{"line":77,"column":31},"end":{"line":77,"column":62}},"31":{"start":{"line":79,"column":4},"end":{"line":83,"column":6}},"32":{"start":{"line":84,"column":9},"end":{"line":89,"column":3}},"33":{"start":{"line":86,"column":4},"end":{"line":86,"column":77}},"34":{"start":{"line":88,"column":4},"end":{"line":88,"column":67}},"35":{"start":{"line":93,"column":2},"end":{"line":93,"column":67}},"36":{"start":{"line":94,"column":2},"end":{"line":94,"column":45}},"37":{"start":{"line":101,"column":37},"end":{"line":118,"column":1}},"38":{"start":{"line":102,"column":43},"end":{"line":115,"column":3}},"39":{"start":{"line":117,"column":2},"end":{"line":117,"column":99}},"40":{"start":{"line":120,"column":35},"end":{"line":240,"column":1}},"41":{"start":{"line":121,"column":23},"end":{"line":121,"column":57}},"42":{"start":{"line":123,"column":58},"end":{"line":129,"column":3}},"43":{"start":{"line":130,"column":18},"end":{"line":130,"column":45}},"44":{"start":{"line":131,"column":17},"end":{"line":131,"column":38}},"45":{"start":{"line":135,"column":2},"end":{"line":147,"column":3}},"46":{"start":{"line":136,"column":30},"end":{"line":136,"column":83}},"47":{"start":{"line":138,"column":4},"end":{"line":138,"column":36}},"48":{"start":{"line":139,"column":4},"end":{"line":139,"column":38}},"49":{"start":{"line":142,"column":24},"end":{"line":142,"column":72}},"50":{"start":{"line":143,"column":4},"end":{"line":143,"column":56}},"51":{"start":{"line":144,"column":4},"end":{"line":144,"column":66}},"52":{"start":{"line":146,"column":4},"end":{"line":146,"column":48}},"53":{"start":{"line":150,"column":24},"end":{"line":150,"column":43}},"54":{"start":{"line":153,"column":2},"end":{"line":155,"column":3}},"55":{"start":{"line":154,"column":4},"end":{"line":154,"column":81}},"56":{"start":{"line":157,"column":2},"end":{"line":161,"column":3}},"57":{"start":{"line":159,"column":4},"end":{"line":159,"column":36}},"58":{"start":{"line":160,"column":4},"end":{"line":160,"column":72}},"59":{"start":{"line":164,"column":2},"end":{"line":164,"column":34}},"60":{"start":{"line":165,"column":2},"end":{"line":165,"column":36}},"61":{"start":{"line":167,"column":2},"end":{"line":239,"column":3}},"62":{"start":{"line":168,"column":22},"end":{"line":168,"column":24}},"63":{"start":{"line":171,"column":4},"end":{"line":184,"column":5}},"64":{"start":{"line":172,"column":23},"end":{"line":172,"column":65}},"65":{"start":{"line":173,"column":22},"end":{"line":177,"column":7}},"66":{"start":{"line":179,"column":28},"end":{"line":179,"column":63}},"67":{"start":{"line":180,"column":6},"end":{"line":180,"column":52}},"68":{"start":{"line":183,"column":6},"end":{"line":183,"column":69}},"69":{"start":{"line":186,"column":4},"end":{"line":188,"column":5}},"70":{"start":{"line":187,"column":6},"end":{"line":187,"column":81}},"71":{"start":{"line":191,"column":17},"end":{"line":191,"column":70}},"72":{"start":{"line":192,"column":4},"end":{"line":194,"column":5}},"73":{"start":{"line":193,"column":6},"end":{"line":193,"column":91}},"74":{"start":{"line":195,"column":23},"end":{"line":195,"column":35}},"75":{"start":{"line":198,"column":27},"end":{"line":198,"column":52}},"76":{"start":{"line":200,"column":29},"end":{"line":207,"column":21}},"77":{"start":{"line":209,"column":28},"end":{"line":209,"column":45}},"78":{"start":{"line":210,"column":6},"end":{"line":210,"column":74}},"79":{"start":{"line":213,"column":6},"end":{"line":218,"column":11}},"80":{"start":{"line":221,"column":6},"end":{"line":225,"column":55}},"81":{"start":{"line":227,"column":6},"end":{"line":227,"column":92}},"82":{"start":{"line":229,"column":26},"end":{"line":229,"column":54}},"83":{"start":{"line":230,"column":25},"end":{"line":230,"column":42}},"84":{"start":{"line":231,"column":6},"end":{"line":231,"column":84}},"85":{"start":{"line":232,"column":6},"end":{"line":232,"column":82}},"86":{"start":{"line":234,"column":6},"end":{"line":234,"column":76}},"87":{"start":{"line":237,"column":4},"end":{"line":237,"column":51}},"88":{"start":{"line":238,"column":4},"end":{"line":238,"column":84}},"89":{"start":{"line":246,"column":29},"end":{"line":292,"column":1}},"90":{"start":{"line":247,"column":2},"end":{"line":291,"column":3}},"91":{"start":{"line":248,"column":19},"end":{"line":248,"column":50}},"92":{"start":{"line":249,"column":4},"end":{"line":251,"column":5}},"93":{"start":{"line":250,"column":6},"end":{"line":250,"column":69}},"94":{"start":{"line":255,"column":24},"end":{"line":262,"column":7}},"95":{"start":{"line":264,"column":4},"end":{"line":267,"column":5}},"96":{"start":{"line":266,"column":6},"end":{"line":266,"column":79}},"97":{"start":{"line":270,"column":21},"end":{"line":270,"column":22}},"98":{"start":{"line":271,"column":4},"end":{"line":277,"column":5}},"99":{"start":{"line":272,"column":6},"end":{"line":274,"column":8}},"100":{"start":{"line":275,"column":11},"end":{"line":277,"column":5}},"101":{"start":{"line":276,"column":6},"end":{"line":276,"column":23}},"102":{"start":{"line":279,"column":4},"end":{"line":287,"column":7}},"103":{"start":{"line":289,"column":4},"end":{"line":289,"column":77}},"104":{"start":{"line":290,"column":4},"end":{"line":290,"column":68}},"105":{"start":{"line":298,"column":30},"end":{"line":331,"column":1}},"106":{"start":{"line":299,"column":27},"end":{"line":299,"column":29}},"107":{"start":{"line":300,"column":16},"end":{"line":300,"column":21}},"108":{"start":{"line":301,"column":19},"end":{"line":301,"column":24}},"109":{"start":{"line":304,"column":2},"end":{"line":310,"column":3}},"110":{"start":{"line":305,"column":4},"end":{"line":305,"column":29}},"111":{"start":{"line":306,"column":4},"end":{"line":306,"column":19}},"112":{"start":{"line":308,"column":4},"end":{"line":308,"column":86}},"113":{"start":{"line":309,"column":4},"end":{"line":309,"column":46}},"114":{"start":{"line":313,"column":2},"end":{"line":313,"column":40}},"115":{"start":{"line":314,"column":2},"end":{"line":316,"column":3}},"116":{"start":{"line":315,"column":4},"end":{"line":315,"column":48}},"117":{"start":{"line":319,"column":2},"end":{"line":321,"column":3}},"118":{"start":{"line":320,"column":4},"end":{"line":320,"column":52}},"119":{"start":{"line":323,"column":18},"end":{"line":323,"column":62}},"120":{"start":{"line":325,"column":2},"end":{"line":330,"column":3}},"121":{"start":{"line":326,"column":4},"end":{"line":326,"column":61}},"122":{"start":{"line":329,"column":4},"end":{"line":329,"column":58}}},"fnMap":{"0":{"name":"(anonymous_0)","decl":{"start":{"line":15,"column":29},"end":{"line":15,"column":30}},"loc":{"start":{"line":15,"column":77},"end":{"line":23,"column":1}},"line":15},"1":{"name":"(anonymous_1)","decl":{"start":{"line":33,"column":21},"end":{"line":33,"column":22}},"loc":{"start":{"line":33,"column":48},"end":{"line":39,"column":1}},"line":33},"2":{"name":"(anonymous_2)","decl":{"start":{"line":41,"column":29},"end":{"line":41,"column":30}},"loc":{"start":{"line":41,"column":62},"end":{"line":95,"column":1}},"line":41},"3":{"name":"(anonymous_3)","decl":{"start":{"line":101,"column":37},"end":{"line":101,"column":38}},"loc":{"start":{"line":101,"column":92},"end":{"line":118,"column":1}},"line":101},"4":{"name":"(anonymous_4)","decl":{"start":{"line":120,"column":35},"end":{"line":120,"column":36}},"loc":{"start":{"line":120,"column":74},"end":{"line":240,"column":1}},"line":120},"5":{"name":"(anonymous_5)","decl":{"start":{"line":246,"column":29},"end":{"line":246,"column":30}},"loc":{"start":{"line":246,"column":68},"end":{"line":292,"column":1}},"line":246},"6":{"name":"(anonymous_6)","decl":{"start":{"line":298,"column":30},"end":{"line":298,"column":31}},"loc":{"start":{"line":298,"column":69},"end":{"line":331,"column":1}},"line":298}},"branchMap":{"0":{"loc":{"start":{"line":16,"column":2},"end":{"line":16,"column":29}},"type":"if","locations":[{"start":{"line":16,"column":2},"end":{"line":16,"column":29}},{"start":{},"end":{}}],"line":16},"1":{"loc":{"start":{"line":22,"column":9},"end":{"line":22,"column":30}},"type":"binary-expr","locations":[{"start":{"line":22,"column":9},"end":{"line":22,"column":22}},{"start":{"line":22,"column":26},"end":{"line":22,"column":30}}],"line":22},"2":{"loc":{"start":{"line":35,"column":2},"end":{"line":37,"column":3}},"type":"if","locations":[{"start":{"line":35,"column":2},"end":{"line":37,"column":3}},{"start":{},"end":{}}],"line":35},"3":{"loc":{"start":{"line":47,"column":2},"end":{"line":49,"column":3}},"type":"if","locations":[{"start":{"line":47,"column":2},"end":{"line":49,"column":3}},{"start":{},"end":{}}],"line":47},"4":{"loc":{"start":{"line":52,"column":2},"end":{"line":54,"column":3}},"type":"if","locations":[{"start":{"line":52,"column":2},"end":{"line":54,"column":3}},{"start":{},"end":{}}],"line":52},"5":{"loc":{"start":{"line":65,"column":2},"end":{"line":89,"column":3}},"type":"if","locations":[{"start":{"line":65,"column":2},"end":{"line":89,"column":3}},{"start":{"line":84,"column":9},"end":{"line":89,"column":3}}],"line":65},"6":{"loc":{"start":{"line":66,"column":4},"end":{"line":68,"column":5}},"type":"if","locations":[{"start":{"line":66,"column":4},"end":{"line":68,"column":5}},{"start":{},"end":{}}],"line":66},"7":{"loc":{"start":{"line":84,"column":9},"end":{"line":89,"column":3}},"type":"if","locations":[{"start":{"line":84,"column":9},"end":{"line":89,"column":3}},{"start":{"line":87,"column":9},"end":{"line":89,"column":3}}],"line":84},"8":{"loc":{"start":{"line":117,"column":9},"end":{"line":117,"column":98}},"type":"binary-expr","locations":[{"start":{"line":117,"column":9},"end":{"line":117,"column":31}},{"start":{"line":117,"column":35},"end":{"line":117,"column":46}},{"start":{"line":117,"column":50},"end":{"line":117,"column":98}}],"line":117},"9":{"loc":{"start":{"line":135,"column":2},"end":{"line":147,"column":3}},"type":"if","locations":[{"start":{"line":135,"column":2},"end":{"line":147,"column":3}},{"start":{},"end":{}}],"line":135},"10":{"loc":{"start":{"line":136,"column":59},"end":{"line":136,"column":82}},"type":"binary-expr","locations":[{"start":{"line":136,"column":59},"end":{"line":136,"column":76}},{"start":{"line":136,"column":80},"end":{"line":136,"column":82}}],"line":136},"11":{"loc":{"start":{"line":153,"column":2},"end":{"line":155,"column":3}},"type":"if","locations":[{"start":{"line":153,"column":2},"end":{"line":155,"column":3}},{"start":{},"end":{}}],"line":153},"12":{"loc":{"start":{"line":157,"column":2},"end":{"line":161,"column":3}},"type":"if","locations":[{"start":{"line":157,"column":2},"end":{"line":161,"column":3}},{"start":{},"end":{}}],"line":157},"13":{"loc":{"start":{"line":157,"column":6},"end":{"line":157,"column":57}},"type":"binary-expr","locations":[{"start":{"line":157,"column":6},"end":{"line":157,"column":20}},{"start":{"line":157,"column":24},"end":{"line":157,"column":30}},{"start":{"line":157,"column":34},"end":{"line":157,"column":57}}],"line":157},"14":{"loc":{"start":{"line":171,"column":4},"end":{"line":184,"column":5}},"type":"if","locations":[{"start":{"line":171,"column":4},"end":{"line":184,"column":5}},{"start":{"line":182,"column":11},"end":{"line":184,"column":5}}],"line":171},"15":{"loc":{"start":{"line":186,"column":4},"end":{"line":188,"column":5}},"type":"if","locations":[{"start":{"line":186,"column":4},"end":{"line":188,"column":5}},{"start":{},"end":{}}],"line":186},"16":{"loc":{"start":{"line":192,"column":4},"end":{"line":194,"column":5}},"type":"if","locations":[{"start":{"line":192,"column":4},"end":{"line":194,"column":5}},{"start":{},"end":{}}],"line":192},"17":{"loc":{"start":{"line":192,"column":8},"end":{"line":192,"column":30}},"type":"binary-expr","locations":[{"start":{"line":192,"column":8},"end":{"line":192,"column":13}},{"start":{"line":192,"column":17},"end":{"line":192,"column":30}}],"line":192},"18":{"loc":{"start":{"line":249,"column":4},"end":{"line":251,"column":5}},"type":"if","locations":[{"start":{"line":249,"column":4},"end":{"line":251,"column":5}},{"start":{},"end":{}}],"line":249},"19":{"loc":{"start":{"line":264,"column":4},"end":{"line":267,"column":5}},"type":"if","locations":[{"start":{"line":264,"column":4},"end":{"line":267,"column":5}},{"start":{},"end":{}}],"line":264},"20":{"loc":{"start":{"line":271,"column":4},"end":{"line":277,"column":5}},"type":"if","locations":[{"start":{"line":271,"column":4},"end":{"line":277,"column":5}},{"start":{"line":275,"column":11},"end":{"line":277,"column":5}}],"line":271},"21":{"loc":{"start":{"line":275,"column":11},"end":{"line":277,"column":5}},"type":"if","locations":[{"start":{"line":275,"column":11},"end":{"line":277,"column":5}},{"start":{},"end":{}}],"line":275},"22":{"loc":{"start":{"line":314,"column":2},"end":{"line":316,"column":3}},"type":"if","locations":[{"start":{"line":314,"column":2},"end":{"line":316,"column":3}},{"start":{},"end":{}}],"line":314},"23":{"loc":{"start":{"line":319,"column":2},"end":{"line":321,"column":3}},"type":"if","locations":[{"start":{"line":319,"column":2},"end":{"line":321,"column":3}},{"start":{},"end":{}}],"line":319},"24":{"loc":{"start":{"line":319,"column":6},"end":{"line":319,"column":69}},"type":"binary-expr","locations":[{"start":{"line":319,"column":6},"end":{"line":319,"column":34}},{"start":{"line":319,"column":38},"end":{"line":319,"column":69}}],"line":319},"25":{"loc":{"start":{"line":323,"column":18},"end":{"line":323,"column":62}},"type":"binary-expr","locations":[{"start":{"line":323,"column":18},"end":{"line":323,"column":25}},{"start":{"line":323,"column":29},"end":{"line":323,"column":39}},{"start":{"line":323,"column":43},"end":{"line":323,"column":62}}],"line":323},"26":{"loc":{"start":{"line":325,"column":2},"end":{"line":330,"column":3}},"type":"if","locations":[{"start":{"line":325,"column":2},"end":{"line":330,"column":3}},{"start":{"line":327,"column":9},"end":{"line":330,"column":3}}],"line":325}},"s":{"0":1,"1":0,"2":0,"3":0,"4":0,"5":0,"6":1,"7":0,"8":0,"9":0,"10":0,"11":1,"12":1,"13":1,"14":1,"15":1,"16":1,"17":0,"18":0,"19":0,"20":0,"21":0,"22":0,"23":0,"24":0,"25":0,"26":0,"27":0,"28":0,"29":0,"30":0,"31":0,"32":0,"33":0,"34":0,"35":0,"36":0,"37":1,"38":0,"39":0,"40":1,"41":0,"42":0,"43":0,"44":0,"45":0,"46":0,"47":0,"48":0,"49":0,"50":0,"51":0,"52":0,"53":0,"54":0,"55":0,"56":0,"57":0,"58":0,"59":0,"60":0,"61":0,"62":0,"63":0,"64":0,"65":0,"66":0,"67":0,"68":0,"69":0,"70":0,"71":0,"72":0,"73":0,"74":0,"75":0,"76":0,"77":0,"78":0,"79":0,"80":0,"81":0,"82":0,"83":0,"84":0,"85":0,"86":0,"87":0,"88":0,"89":1,"90":0,"91":0,"92":0,"93":0,"94":0,"95":0,"96":0,"97":0,"98":0,"99":0,"100":0,"101":0,"102":0,"103":0,"104":0,"105":1,"106":0,"107":0,"108":0,"109":0,"110":0,"111":0,"112":0,"113":0,"114":0,"115":0,"116":0,"117":0,"118":0,"119":0,"120":0,"121":0,"122":0},"f":{"0":0,"1":0,"2":1,"3":0,"4":0,"5":0,"6":0},"b":{"0":[0,0],"1":[0,0],"2":[0,0],"3":[1,0],"4":[0,0],"5":[0,0],"6":[0,0],"7":[0,0],"8":[0,0,0],"9":[0,0],"10":[0,0],"11":[0,0],"12":[0,0],"13":[0,0,0],"14":[0,0],"15":[0,0],"16":[0,0],"17":[0,0],"18":[0,0],"19":[0,0],"20":[0,0],"21":[0,0],"22":[0,0],"23":[0,0],"24":[0,0],"25":[0,0,0],"26":[0,0]},"_coverageSchema":"1a1c01bbd47fc00a2c39e90264f33305004495a9","hash":"0b3790a8f756264b2a30f6cfcab28aec76e558b2"}
}
