{"/Users/miladarbabi/Codes/projects/SynchroFlow/jest.file-mock.js": {"path":"/Users/miladarbabi/Codes/projects/SynchroFlow/jest.file-mock.js","statementMap":{"0":{"start":{"line":2,"column":0},"end":{"line":2,"column":34}}},"fnMap":{},"branchMap":{},"s":{"0":1},"f":{},"b":{},"_coverageSchema":"1a1c01bbd47fc00a2c39e90264f33305004495a9","hash":"8f2bce4bb1f46e71a137f00826d0578dc8f23934"}
,"/Users/miladarbabi/Codes/projects/SynchroFlow/apps/frontend/src/config.ts": {"path":"/Users/miladarbabi/Codes/projects/SynchroFlow/apps/frontend/src/config.ts","statementMap":{"0":{"start":{"line":2,"column":30},"end":{"line":2,"column":44}},"1":{"start":{"line":3,"column":35},"end":{"line":3,"column":36}},"2":{"start":{"line":4,"column":30},"end":{"line":4,"column":32}},"3":{"start":{"line":35,"column":24},"end":{"line":35,"column":40}},"4":{"start":{"line":36,"column":34},"end":{"line":36,"column":50}},"5":{"start":{"line":53,"column":28},"end":{"line":65,"column":1}},"6":{"start":{"line":68,"column":27},"end":{"line":68,"column":30}},"7":{"start":{"line":69,"column":27},"end":{"line":69,"column":28}}},"fnMap":{},"branchMap":{},"s":{"0":31,"1":31,"2":31,"3":31,"4":31,"5":31,"6":31,"7":31},"f":{},"b":{},"_coverageSchema":"1a1c01bbd47fc00a2c39e90264f33305004495a9","hash":"575e6492d1901b4f2bc69c05cd619fb0b32648ca"}
,"/Users/miladarbabi/Codes/projects/SynchroFlow/apps/frontend/src/routes.tsx": {"path":"/Users/miladarbabi/Codes/projects/SynchroFlow/apps/frontend/src/routes.tsx","statementMap":{"0":{"start":{"line":17,"column":30},"end":{"line":34,"column":1}},"1":{"start":{"line":48,"column":2},"end":{"line":50,"column":3}},"2":{"start":{"line":49,"column":4},"end":{"line":49,"column":16}},"3":{"start":{"line":53,"column":2},"end":{"line":55,"column":3}},"4":{"start":{"line":54,"column":4},"end":{"line":54,"column":17}},"5":{"start":{"line":57,"column":29},"end":{"line":57,"column":41}},"6":{"start":{"line":59,"column":2},"end":{"line":61,"column":3}},"7":{"start":{"line":60,"column":4},"end":{"line":60,"column":17}},"8":{"start":{"line":63,"column":2},"end":{"line":65,"column":3}},"9":{"start":{"line":64,"column":4},"end":{"line":64,"column":17}},"10":{"start":{"line":67,"column":2},"end":{"line":67,"column":14}},"11":{"start":{"line":78,"column":2},"end":{"line":78,"column":74}},"12":{"start":{"line":78,"column":37},"end":{"line":78,"column":72}}},"fnMap":{"0":{"name":"isRouteEnabled","decl":{"start":{"line":43,"column":16},"end":{"line":43,"column":30}},"loc":{"start":{"line":46,"column":11},"end":{"line":68,"column":1}},"line":46},"1":{"name":"filterRoutesByEntitlements","decl":{"start":{"line":74,"column":16},"end":{"line":74,"column":42}},"loc":{"start":{"line":77,"column":17},"end":{"line":79,"column":1}},"line":77},"2":{"name":"(anonymous_2)","decl":{"start":{"line":78,"column":26},"end":{"line":78,"column":27}},"loc":{"start":{"line":78,"column":37},"end":{"line":78,"column":72}},"line":78}},"branchMap":{"0":{"loc":{"start":{"line":48,"column":2},"end":{"line":50,"column":3}},"type":"if","locations":[{"start":{"line":48,"column":2},"end":{"line":50,"column":3}},{"start":{},"end":{}}],"line":48},"1":{"loc":{"start":{"line":48,"column":6},"end":{"line":48,"column":54}},"type":"binary-expr","locations":[{"start":{"line":48,"column":6},"end":{"line":48,"column":29}},{"start":{"line":48,"column":33},"end":{"line":48,"column":54}}],"line":48},"2":{"loc":{"start":{"line":53,"column":2},"end":{"line":55,"column":3}},"type":"if","locations":[{"start":{"line":53,"column":2},"end":{"line":55,"column":3}},{"start":{},"end":{}}],"line":53},"3":{"loc":{"start":{"line":59,"column":2},"end":{"line":61,"column":3}},"type":"if","locations":[{"start":{"line":59,"column":2},"end":{"line":61,"column":3}},{"start":{},"end":{}}],"line":59},"4":{"loc":{"start":{"line":59,"column":6},"end":{"line":59,"column":73}},"type":"binary-expr","locations":[{"start":{"line":59,"column":6},"end":{"line":59,"column":28}},{"start":{"line":59,"column":32},"end":{"line":59,"column":73}}],"line":59},"5":{"loc":{"start":{"line":63,"column":2},"end":{"line":65,"column":3}},"type":"if","locations":[{"start":{"line":63,"column":2},"end":{"line":65,"column":3}},{"start":{},"end":{}}],"line":63},"6":{"loc":{"start":{"line":63,"column":6},"end":{"line":63,"column":67}},"type":"binary-expr","locations":[{"start":{"line":63,"column":6},"end":{"line":63,"column":26}},{"start":{"line":63,"column":30},"end":{"line":63,"column":67}}],"line":63}},"s":{"0":1,"1":1,"2":1,"3":0,"4":0,"5":0,"6":0,"7":0,"8":0,"9":0,"10":0,"11":0,"12":0},"f":{"0":1,"1":0,"2":0},"b":{"0":[1,0],"1":[1,1],"2":[0,0],"3":[0,0],"4":[0,0],"5":[0,0],"6":[0,0]},"_coverageSchema":"1a1c01bbd47fc00a2c39e90264f33305004495a9","hash":"cfbb47f9177705f34c73299850ca8a14a2038e24"}
,"/Users/miladarbabi/Codes/projects/SynchroFlow/apps/frontend/src/test-utils.tsx": {"path":"/Users/miladarbabi/Codes/projects/SynchroFlow/apps/frontend/src/test-utils.tsx","statementMap":{"0":{"start":{"line":22,"column":30},"end":{"line":24,"column":2}},"1":{"start":{"line":22,"column":36},"end":{"line":24,"column":2}},"2":{"start":{"line":28,"column":32},"end":{"line":43,"column":1}},"3":{"start":{"line":45,"column":41},"end":{"line":62,"column":2}},"4":{"start":{"line":45,"column":123},"end":{"line":62,"column":1}},"5":{"start":{"line":64,"column":35},"end":{"line":78,"column":2}},"6":{"start":{"line":64,"column":117},"end":{"line":78,"column":1}},"7":{"start":{"line":86,"column":28},"end":{"line":109,"column":1}},"8":{"start":{"line":90,"column":26},"end":{"line":106,"column":3}},"9":{"start":{"line":91,"column":24},"end":{"line":91,"column":47}},"10":{"start":{"line":93,"column":4},"end":{"line":105,"column":6}},"11":{"start":{"line":108,"column":2},"end":{"line":108,"column":68}},"12":{"start":{"line":112,"column":24},"end":{"line":121,"column":1}},"13":{"start":{"line":114,"column":23},"end":{"line":118,"column":3}},"14":{"start":{"line":115,"column":4},"end":{"line":117,"column":25}},"15":{"start":{"line":120,"column":2},"end":{"line":120,"column":59}},"16":{"start":{"line":124,"column":27},"end":{"line":131,"column":1}},"17":{"start":{"line":126,"column":2},"end":{"line":130,"column":6}},"18":{"start":{"line":126,"column":115},"end":{"line":130,"column":3}}},"fnMap":{"0":{"name":"(anonymous_0)","decl":{"start":{"line":22,"column":30},"end":{"line":22,"column":31}},"loc":{"start":{"line":22,"column":36},"end":{"line":24,"column":2}},"line":22},"1":{"name":"(anonymous_1)","decl":{"start":{"line":45,"column":41},"end":{"line":45,"column":42}},"loc":{"start":{"line":45,"column":123},"end":{"line":62,"column":1}},"line":45},"2":{"name":"(anonymous_2)","decl":{"start":{"line":64,"column":35},"end":{"line":64,"column":36}},"loc":{"start":{"line":64,"column":117},"end":{"line":78,"column":1}},"line":64},"3":{"name":"(anonymous_3)","decl":{"start":{"line":86,"column":28},"end":{"line":86,"column":29}},"loc":{"start":{"line":89,"column":5},"end":{"line":109,"column":1}},"line":89},"4":{"name":"(anonymous_4)","decl":{"start":{"line":90,"column":26},"end":{"line":90,"column":27}},"loc":{"start":{"line":90,"column":75},"end":{"line":106,"column":3}},"line":90},"5":{"name":"(anonymous_5)","decl":{"start":{"line":112,"column":24},"end":{"line":112,"column":25}},"loc":{"start":{"line":112,"column":88},"end":{"line":121,"column":1}},"line":112},"6":{"name":"(anonymous_6)","decl":{"start":{"line":114,"column":23},"end":{"line":114,"column":24}},"loc":{"start":{"line":115,"column":4},"end":{"line":117,"column":25}},"line":115},"7":{"name":"(anonymous_7)","decl":{"start":{"line":124,"column":27},"end":{"line":124,"column":28}},"loc":{"start":{"line":124,"column":33},"end":{"line":131,"column":1}},"line":124},"8":{"name":"(anonymous_8)","decl":{"start":{"line":126,"column":108},"end":{"line":126,"column":109}},"loc":{"start":{"line":126,"column":115},"end":{"line":130,"column":3}},"line":126}},"branchMap":{"0":{"loc":{"start":{"line":45,"column":42},"end":{"line":45,"column":91}},"type":"default-arg","locations":[{"start":{"line":45,"column":89},"end":{"line":45,"column":91}}],"line":45},"1":{"loc":{"start":{"line":64,"column":36},"end":{"line":64,"column":85}},"type":"default-arg","locations":[{"start":{"line":64,"column":83},"end":{"line":64,"column":85}}],"line":64},"2":{"loc":{"start":{"line":88,"column":2},"end":{"line":88,"column":63}},"type":"default-arg","locations":[{"start":{"line":88,"column":61},"end":{"line":88,"column":63}}],"line":88}},"s":{"0":28,"1":21,"2":28,"3":28,"4":0,"5":28,"6":0,"7":28,"8":14,"9":21,"10":21,"11":14,"12":28,"13":94,"14":102,"15":94,"16":28,"17":0,"18":0},"f":{"0":21,"1":0,"2":0,"3":14,"4":21,"5":94,"6":102,"7":0,"8":0},"b":{"0":[0],"1":[0],"2":[13]},"_coverageSchema":"1a1c01bbd47fc00a2c39e90264f33305004495a9","hash":"2a7f6d14d7210ffc32918b9e7593885fc6547480"}
,"/Users/miladarbabi/Codes/projects/SynchroFlow/apps/frontend/src/activation/ActivationSurfaceAdapter.tsx": {"path":"/Users/miladarbabi/Codes/projects/SynchroFlow/apps/frontend/src/activation/ActivationSurfaceAdapter.tsx","statementMap":{"0":{"start":{"line":11,"column":2},"end":{"line":19,"column":4}},"1":{"start":{"line":17,"column":24},"end":{"line":17,"column":61}}},"fnMap":{"0":{"name":"ActivationSurfaceAdapter","decl":{"start":{"line":10,"column":16},"end":{"line":10,"column":40}},"loc":{"start":{"line":10,"column":71},"end":{"line":20,"column":1}},"line":10},"1":{"name":"(anonymous_1)","decl":{"start":{"line":17,"column":18},"end":{"line":17,"column":19}},"loc":{"start":{"line":17,"column":24},"end":{"line":17,"column":61}},"line":17}},"branchMap":{},"s":{"0":1,"1":0},"f":{"0":1,"1":0},"b":{},"_coverageSchema":"1a1c01bbd47fc00a2c39e90264f33305004495a9","hash":"ac229e373dbdcc49712a0f14b8277eee623f0b46"}
,"/Users/miladarbabi/Codes/projects/SynchroFlow/apps/frontend/src/activation/ActivationSurfacePage.tsx": {"path":"/Users/miladarbabi/Codes/projects/SynchroFlow/apps/frontend/src/activation/ActivationSurfacePage.tsx","statementMap":{"0":{"start":{"line":60,"column":56},"end":{"line":81,"column":1}},"1":{"start":{"line":99,"column":16},"end":{"line":99,"column":26}},"2":{"start":{"line":109,"column":6},"end":{"line":109,"column":12}},"3":{"start":{"line":120,"column":4},"end":{"line":121,"column":29}},"4":{"start":{"line":124,"column":2},"end":{"line":130,"column":3}},"5":{"start":{"line":125,"column":4},"end":{"line":129,"column":7}},"6":{"start":{"line":136,"column":21},"end":{"line":148,"column":3}},"7":{"start":{"line":154,"column":2},"end":{"line":393,"column":4}},"8":{"start":{"line":361,"column":14},"end":{"line":368,"column":27}}},"fnMap":{"0":{"name":"ActivationSurfacePage","decl":{"start":{"line":95,"column":24},"end":{"line":95,"column":45}},"loc":{"start":{"line":98,"column":10},"end":{"line":394,"column":1}},"line":98},"1":{"name":"(anonymous_1)","decl":{"start":{"line":360,"column":31},"end":{"line":360,"column":32}},"loc":{"start":{"line":361,"column":14},"end":{"line":368,"column":27}},"line":361}},"branchMap":{"0":{"loc":{"start":{"line":120,"column":4},"end":{"line":121,"column":29}},"type":"binary-expr","locations":[{"start":{"line":120,"column":4},"end":{"line":120,"column":39}},{"start":{"line":121,"column":4},"end":{"line":121,"column":29}}],"line":120},"1":{"loc":{"start":{"line":124,"column":2},"end":{"line":130,"column":3}},"type":"if","locations":[{"start":{"line":124,"column":2},"end":{"line":130,"column":3}},{"start":{},"end":{}}],"line":124},"2":{"loc":{"start":{"line":171,"column":7},"end":{"line":190,"column":7}},"type":"binary-expr","locations":[{"start":{"line":171,"column":7},"end":{"line":171,"column":15}},{"start":{"line":172,"column":8},"end":{"line":189,"column":16}}],"line":171},"3":{"loc":{"start":{"line":238,"column":32},"end":{"line":238,"column":65}},"type":"cond-expr","locations":[{"start":{"line":238,"column":56},"end":{"line":238,"column":59}},{"start":{"line":238,"column":62},"end":{"line":238,"column":65}}],"line":238},"4":{"loc":{"start":{"line":268,"column":9},"end":{"line":283,"column":9}},"type":"binary-expr","locations":[{"start":{"line":268,"column":9},"end":{"line":268,"column":21}},{"start":{"line":269,"column":10},"end":{"line":282,"column":16}}],"line":268},"5":{"loc":{"start":{"line":315,"column":9},"end":{"line":330,"column":9}},"type":"binary-expr","locations":[{"start":{"line":315,"column":9},"end":{"line":315,"column":29}},{"start":{"line":316,"column":10},"end":{"line":329,"column":16}}],"line":315},"6":{"loc":{"start":{"line":378,"column":7},"end":{"line":391,"column":7}},"type":"binary-expr","locations":[{"start":{"line":378,"column":7},"end":{"line":378,"column":21}},{"start":{"line":379,"column":8},"end":{"line":390,"column":21}}],"line":378}},"s":{"0":1,"1":1,"2":1,"3":1,"4":1,"5":1,"6":1,"7":1,"8":2},"f":{"0":1,"1":2},"b":{"0":[1,0],"1":[1,0],"2":[1,1],"3":[1,0],"4":[1,1],"5":[1,1],"6":[1,1]},"_coverageSchema":"1a1c01bbd47fc00a2c39e90264f33305004495a9","hash":"6b3591b76ed38c6480fd31695ebe0810942ca964"}
,"/Users/miladarbabi/Codes/projects/SynchroFlow/apps/frontend/src/activation/SyncSurfacePage.tsx": {"path":"/Users/miladarbabi/Codes/projects/SynchroFlow/apps/frontend/src/activation/SyncSurfacePage.tsx","statementMap":{"0":{"start":{"line":40,"column":2},"end":{"line":88,"column":4}}},"fnMap":{"0":{"name":"SyncSurfacePage","decl":{"start":{"line":35,"column":24},"end":{"line":35,"column":39}},"loc":{"start":{"line":39,"column":25},"end":{"line":89,"column":1}},"line":39}},"branchMap":{},"s":{"0":1},"f":{"0":1},"b":{},"_coverageSchema":"1a1c01bbd47fc00a2c39e90264f33305004495a9","hash":"8c1aeeee7ffce04180a982580c1535efd1375c1f"}
,"/Users/miladarbabi/Codes/projects/SynchroFlow/apps/frontend/src/activation/ft1ChecklistFocus.ts": {"path":"/Users/miladarbabi/Codes/projects/SynchroFlow/apps/frontend/src/activation/ft1ChecklistFocus.ts","statementMap":{"0":{"start":{"line":8,"column":38},"end":{"line":8,"column":42}},"1":{"start":{"line":15,"column":2},"end":{"line":15,"column":15}},"2":{"start":{"line":19,"column":2},"end":{"line":19,"column":15}},"3":{"start":{"line":26,"column":18},"end":{"line":26,"column":23}},"4":{"start":{"line":27,"column":2},"end":{"line":27,"column":15}},"5":{"start":{"line":28,"column":2},"end":{"line":28,"column":17}}},"fnMap":{"0":{"name":"setFt1ChecklistFocus","decl":{"start":{"line":14,"column":16},"end":{"line":14,"column":36}},"loc":{"start":{"line":14,"column":62},"end":{"line":16,"column":1}},"line":14},"1":{"name":"clearFt1ChecklistFocus","decl":{"start":{"line":18,"column":16},"end":{"line":18,"column":38}},"loc":{"start":{"line":18,"column":41},"end":{"line":20,"column":1}},"line":18},"2":{"name":"consumeFt1ChecklistFocus","decl":{"start":{"line":25,"column":16},"end":{"line":25,"column":40}},"loc":{"start":{"line":25,"column":69},"end":{"line":29,"column":1}},"line":25}},"branchMap":{},"s":{"0":14,"1":3,"2":1,"3":1,"4":1,"5":1},"f":{"0":3,"1":1,"2":1},"b":{},"_coverageSchema":"1a1c01bbd47fc00a2c39e90264f33305004495a9","hash":"8b34619c915140680c81f36d0f05fff6f4837486"}
,"/Users/miladarbabi/Codes/projects/SynchroFlow/apps/frontend/src/activation/openFt1Checklist.ts": {"path":"/Users/miladarbabi/Codes/projects/SynchroFlow/apps/frontend/src/activation/openFt1Checklist.ts","statementMap":{"0":{"start":{"line":11,"column":2},"end":{"line":14,"column":5}},"1":{"start":{"line":16,"column":2},"end":{"line":18,"column":4}}},"fnMap":{"0":{"name":"openFt1Checklist","decl":{"start":{"line":10,"column":16},"end":{"line":10,"column":32}},"loc":{"start":{"line":10,"column":35},"end":{"line":19,"column":1}},"line":10}},"branchMap":{},"s":{"0":1,"1":1},"f":{"0":1},"b":{},"_coverageSchema":"1a1c01bbd47fc00a2c39e90264f33305004495a9","hash":"534c49706ee5c59e7757fa9370b706e3cfe40bf7"}
,"/Users/miladarbabi/Codes/projects/SynchroFlow/apps/frontend/src/activation/resolveActivationConfig.ts": {"path":"/Users/miladarbabi/Codes/projects/SynchroFlow/apps/frontend/src/activation/resolveActivationConfig.ts","statementMap":{"0":{"start":{"line":18,"column":69},"end":{"line":25,"column":1}},"1":{"start":{"line":38,"column":2},"end":{"line":40,"column":3}},"2":{"start":{"line":39,"column":4},"end":{"line":39,"column":37}},"3":{"start":{"line":42,"column":2},"end":{"line":42,"column":69}}},"fnMap":{"0":{"name":"resolveActivationConfig","decl":{"start":{"line":35,"column":16},"end":{"line":35,"column":39}},"loc":{"start":{"line":37,"column":26},"end":{"line":43,"column":1}},"line":37}},"branchMap":{"0":{"loc":{"start":{"line":38,"column":2},"end":{"line":40,"column":3}},"type":"if","locations":[{"start":{"line":38,"column":2},"end":{"line":40,"column":3}},{"start":{},"end":{}}],"line":38},"1":{"loc":{"start":{"line":42,"column":9},"end":{"line":42,"column":68}},"type":"binary-expr","locations":[{"start":{"line":42,"column":9},"end":{"line":42,"column":39}},{"start":{"line":42,"column":43},"end":{"line":42,"column":68}}],"line":42}},"s":{"0":1,"1":1,"2":0,"3":1},"f":{"0":1},"b":{"0":[0,1],"1":[1,0]},"_coverageSchema":"1a1c01bbd47fc00a2c39e90264f33305004495a9","hash":"5ca330103d481d1924ed1c885660365bed480afe"}
,"/Users/miladarbabi/Codes/projects/SynchroFlow/apps/frontend/src/activation/useActivationSurface.ts": {"path":"/Users/miladarbabi/Codes/projects/SynchroFlow/apps/frontend/src/activation/useActivationSurface.ts","statementMap":{"0":{"start":{"line":14,"column":30},"end":{"line":14,"column":49}},"1":{"start":{"line":30,"column":6},"end":{"line":38,"column":4}},"2":{"start":{"line":33,"column":18},"end":{"line":33,"column":71}},"3":{"start":{"line":34,"column":6},"end":{"line":34,"column":22}},"4":{"start":{"line":40,"column":18},"end":{"line":54,"column":24}},"5":{"start":{"line":41,"column":4},"end":{"line":41,"column":30}},"6":{"start":{"line":41,"column":18},"end":{"line":41,"column":30}},"7":{"start":{"line":43,"column":4},"end":{"line":53,"column":7}},"8":{"start":{"line":56,"column":2},"end":{"line":61,"column":4}},"9":{"start":{"line":65,"column":2},"end":{"line":65,"column":44}},"10":{"start":{"line":65,"column":37},"end":{"line":65,"column":44}},"11":{"start":{"line":66,"column":2},"end":{"line":66,"column":56}}},"fnMap":{"0":{"name":"useActivationSurface","decl":{"start":{"line":23,"column":16},"end":{"line":23,"column":36}},"loc":{"start":{"line":25,"column":27},"end":{"line":62,"column":1}},"line":25},"1":{"name":"(anonymous_1)","decl":{"start":{"line":32,"column":13},"end":{"line":32,"column":14}},"loc":{"start":{"line":32,"column":25},"end":{"line":35,"column":5}},"line":32},"2":{"name":"(anonymous_2)","decl":{"start":{"line":40,"column":26},"end":{"line":40,"column":27}},"loc":{"start":{"line":40,"column":32},"end":{"line":54,"column":3}},"line":40},"3":{"name":"markFT0ModalSeen","decl":{"start":{"line":64,"column":16},"end":{"line":64,"column":32}},"loc":{"start":{"line":64,"column":41},"end":{"line":67,"column":1}},"line":64}},"branchMap":{"0":{"loc":{"start":{"line":24,"column":2},"end":{"line":24,"column":40}},"type":"default-arg","locations":[{"start":{"line":24,"column":38},"end":{"line":24,"column":40}}],"line":24},"1":{"loc":{"start":{"line":41,"column":4},"end":{"line":41,"column":30}},"type":"if","locations":[{"start":{"line":41,"column":4},"end":{"line":41,"column":30}},{"start":{},"end":{}}],"line":41},"2":{"loc":{"start":{"line":49,"column":12},"end":{"line":50,"column":68}},"type":"binary-expr","locations":[{"start":{"line":49,"column":12},"end":{"line":49,"column":41}},{"start":{"line":50,"column":12},"end":{"line":50,"column":68}}],"line":49},"3":{"loc":{"start":{"line":65,"column":2},"end":{"line":65,"column":44}},"type":"if","locations":[{"start":{"line":65,"column":2},"end":{"line":65,"column":44}},{"start":{},"end":{}}],"line":65}},"s":{"0":1,"1":11,"2":6,"3":6,"4":11,"5":11,"6":6,"7":5,"8":11,"9":1,"10":0,"11":1},"f":{"0":11,"1":6,"2":11,"3":1},"b":{"0":[9],"1":[6,5],"2":[5,5],"3":[0,1]},"_coverageSchema":"1a1c01bbd47fc00a2c39e90264f33305004495a9","hash":"5894551569f9e9bbbd8c8a3cc6ee706defbb34be"}
,"/Users/miladarbabi/Codes/projects/SynchroFlow/apps/frontend/src/activation/configs/analytics.tsx": {"path":"/Users/miladarbabi/Codes/projects/SynchroFlow/apps/frontend/src/activation/configs/analytics.tsx","statementMap":{"0":{"start":{"line":3,"column":65},"end":{"line":46,"column":1}}},"fnMap":{},"branchMap":{},"s":{"0":1},"f":{},"b":{},"_coverageSchema":"1a1c01bbd47fc00a2c39e90264f33305004495a9","hash":"75847e4d3dccfa089e2d87882918570573596260"}
,"/Users/miladarbabi/Codes/projects/SynchroFlow/apps/frontend/src/activation/configs/customers.tsx": {"path":"/Users/miladarbabi/Codes/projects/SynchroFlow/apps/frontend/src/activation/configs/customers.tsx","statementMap":{"0":{"start":{"line":3,"column":65},"end":{"line":46,"column":1}}},"fnMap":{},"branchMap":{},"s":{"0":1},"f":{},"b":{},"_coverageSchema":"1a1c01bbd47fc00a2c39e90264f33305004495a9","hash":"27ca16b5115723d6f4676359940ef09ac1501bee"}
,"/Users/miladarbabi/Codes/projects/SynchroFlow/apps/frontend/src/activation/configs/dashboard.tsx": {"path":"/Users/miladarbabi/Codes/projects/SynchroFlow/apps/frontend/src/activation/configs/dashboard.tsx","statementMap":{"0":{"start":{"line":5,"column":65},"end":{"line":45,"column":1}}},"fnMap":{},"branchMap":{},"s":{"0":1},"f":{},"b":{},"_coverageSchema":"1a1c01bbd47fc00a2c39e90264f33305004495a9","hash":"3dc358c19416703e3f1fc7c8361012ceee924ea1"}
,"/Users/miladarbabi/Codes/projects/SynchroFlow/apps/frontend/src/activation/configs/finances.tsx": {"path":"/Users/miladarbabi/Codes/projects/SynchroFlow/apps/frontend/src/activation/configs/finances.tsx","statementMap":{"0":{"start":{"line":3,"column":64},"end":{"line":46,"column":1}}},"fnMap":{},"branchMap":{},"s":{"0":1},"f":{},"b":{},"_coverageSchema":"1a1c01bbd47fc00a2c39e90264f33305004495a9","hash":"926a676ad9eb902245db0191761c38d6b757a40d"}
,"/Users/miladarbabi/Codes/projects/SynchroFlow/apps/frontend/src/activation/configs/orders.tsx": {"path":"/Users/miladarbabi/Codes/projects/SynchroFlow/apps/frontend/src/activation/configs/orders.tsx","statementMap":{"0":{"start":{"line":4,"column":66},"end":{"line":47,"column":1}}},"fnMap":{},"branchMap":{},"s":{"0":1},"f":{},"b":{},"_coverageSchema":"1a1c01bbd47fc00a2c39e90264f33305004495a9","hash":"7c450f5143a590e9d4c9ff4a5768ea1efbdcbbdd"}
,"/Users/miladarbabi/Codes/projects/SynchroFlow/apps/frontend/src/activation/configs/products.tsx": {"path":"/Users/miladarbabi/Codes/projects/SynchroFlow/apps/frontend/src/activation/configs/products.tsx","statementMap":{"0":{"start":{"line":3,"column":64},"end":{"line":46,"column":1}}},"fnMap":{},"branchMap":{},"s":{"0":1},"f":{},"b":{},"_coverageSchema":"1a1c01bbd47fc00a2c39e90264f33305004495a9","hash":"96a4d62de071b8d198ffe07060bac1141dcfc53b"}
,"/Users/miladarbabi/Codes/projects/SynchroFlow/apps/frontend/src/analytics/useUiEvents.ts": {"path":"/Users/miladarbabi/Codes/projects/SynchroFlow/apps/frontend/src/analytics/useUiEvents.ts","statementMap":{"0":{"start":{"line":24,"column":2},"end":{"line":32,"column":4}},"1":{"start":{"line":28,"column":6},"end":{"line":30,"column":7}},"2":{"start":{"line":29,"column":8},"end":{"line":29,"column":43}}},"fnMap":{"0":{"name":"useUiEvents","decl":{"start":{"line":23,"column":16},"end":{"line":23,"column":27}},"loc":{"start":{"line":23,"column":30},"end":{"line":33,"column":1}},"line":23},"1":{"name":"(anonymous_1)","decl":{"start":{"line":25,"column":4},"end":{"line":25,"column":5}},"loc":{"start":{"line":25,"column":25},"end":{"line":31,"column":5}},"line":25}},"branchMap":{"0":{"loc":{"start":{"line":28,"column":6},"end":{"line":30,"column":7}},"type":"if","locations":[{"start":{"line":28,"column":6},"end":{"line":30,"column":7}},{"start":{},"end":{}}],"line":28}},"s":{"0":14,"1":1,"2":1},"f":{"0":14,"1":1},"b":{"0":[1,0]},"_coverageSchema":"1a1c01bbd47fc00a2c39e90264f33305004495a9","hash":"2068c7bcb4689a38dd7d89c1c2976c283627ab3e"}
,"/Users/miladarbabi/Codes/projects/SynchroFlow/apps/frontend/src/api/axiosConfig.ts": {"path":"/Users/miladarbabi/Codes/projects/SynchroFlow/apps/frontend/src/api/axiosConfig.ts","statementMap":{"0":{"start":{"line":7,"column":22},"end":{"line":10,"column":2}},"1":{"start":{"line":13,"column":20},"end":{"line":18,"column":1}},"2":{"start":{"line":21,"column":2},"end":{"line":21,"column":59}},"3":{"start":{"line":21,"column":40},"end":{"line":21,"column":57}},"4":{"start":{"line":26,"column":0},"end":{"line":47,"column":2}},"5":{"start":{"line":29,"column":18},"end":{"line":29,"column":28}},"6":{"start":{"line":32,"column":4},"end":{"line":35,"column":5}},"7":{"start":{"line":33,"column":6},"end":{"line":33,"column":43}},"8":{"start":{"line":34,"column":6},"end":{"line":34,"column":20}},"9":{"start":{"line":37,"column":4},"end":{"line":39,"column":5}},"10":{"start":{"line":38,"column":6},"end":{"line":38,"column":55}},"11":{"start":{"line":41,"column":4},"end":{"line":41,"column":18}},"12":{"start":{"line":45,"column":4},"end":{"line":45,"column":33}},"13":{"start":{"line":57,"column":47},"end":{"line":57,"column":51}},"14":{"start":{"line":59,"column":0},"end":{"line":128,"column":2}},"15":{"start":{"line":62,"column":4},"end":{"line":62,"column":20}},"16":{"start":{"line":65,"column":28},"end":{"line":65,"column":40}},"17":{"start":{"line":66,"column":22},"end":{"line":66,"column":54}},"18":{"start":{"line":68,"column":4},"end":{"line":124,"column":5}},"19":{"start":{"line":73,"column":6},"end":{"line":73,"column":36}},"20":{"start":{"line":75,"column":6},"end":{"line":123,"column":7}},"21":{"start":{"line":76,"column":8},"end":{"line":115,"column":9}},"22":{"start":{"line":77,"column":10},"end":{"line":114,"column":15}},"23":{"start":{"line":78,"column":12},"end":{"line":113,"column":13}},"24":{"start":{"line":86,"column":31},"end":{"line":86,"column":85}},"25":{"start":{"line":87,"column":37},"end":{"line":87,"column":53}},"26":{"start":{"line":89,"column":14},"end":{"line":89,"column":39}},"27":{"start":{"line":91,"column":14},"end":{"line":91,"column":36}},"28":{"start":{"line":105,"column":14},"end":{"line":105,"column":27}},"29":{"start":{"line":106,"column":14},"end":{"line":106,"column":24}},"30":{"start":{"line":112,"column":14},"end":{"line":112,"column":36}},"31":{"start":{"line":117,"column":22},"end":{"line":117,"column":42}},"32":{"start":{"line":118,"column":8},"end":{"line":118,"column":66}},"33":{"start":{"line":119,"column":8},"end":{"line":119,"column":46}},"34":{"start":{"line":122,"column":8},"end":{"line":122,"column":44}},"35":{"start":{"line":126,"column":4},"end":{"line":126,"column":33}}},"fnMap":{"0":{"name":"isAuthRoute","decl":{"start":{"line":20,"column":9},"end":{"line":20,"column":20}},"loc":{"start":{"line":20,"column":35},"end":{"line":22,"column":1}},"line":20},"1":{"name":"(anonymous_1)","decl":{"start":{"line":21,"column":35},"end":{"line":21,"column":36}},"loc":{"start":{"line":21,"column":40},"end":{"line":21,"column":57}},"line":21},"2":{"name":"(anonymous_2)","decl":{"start":{"line":27,"column":2},"end":{"line":27,"column":3}},"loc":{"start":{"line":27,"column":14},"end":{"line":42,"column":3}},"line":27},"3":{"name":"(anonymous_3)","decl":{"start":{"line":43,"column":2},"end":{"line":43,"column":3}},"loc":{"start":{"line":43,"column":13},"end":{"line":46,"column":3}},"line":43},"4":{"name":"(anonymous_4)","decl":{"start":{"line":60,"column":2},"end":{"line":60,"column":3}},"loc":{"start":{"line":60,"column":16},"end":{"line":63,"column":3}},"line":60},"5":{"name":"(anonymous_5)","decl":{"start":{"line":64,"column":2},"end":{"line":64,"column":3}},"loc":{"start":{"line":64,"column":19},"end":{"line":127,"column":3}},"line":64},"6":{"name":"(anonymous_6)","decl":{"start":{"line":77,"column":28},"end":{"line":77,"column":29}},"loc":{"start":{"line":77,"column":40},"end":{"line":114,"column":11}},"line":77}},"branchMap":{"0":{"loc":{"start":{"line":21,"column":9},"end":{"line":21,"column":58}},"type":"binary-expr","locations":[{"start":{"line":21,"column":9},"end":{"line":21,"column":14}},{"start":{"line":21,"column":18},"end":{"line":21,"column":58}}],"line":21},"1":{"loc":{"start":{"line":32,"column":4},"end":{"line":35,"column":5}},"type":"if","locations":[{"start":{"line":32,"column":4},"end":{"line":35,"column":5}},{"start":{},"end":{}}],"line":32},"2":{"loc":{"start":{"line":37,"column":4},"end":{"line":39,"column":5}},"type":"if","locations":[{"start":{"line":37,"column":4},"end":{"line":39,"column":5}},{"start":{},"end":{}}],"line":37},"3":{"loc":{"start":{"line":68,"column":4},"end":{"line":124,"column":5}},"type":"if","locations":[{"start":{"line":68,"column":4},"end":{"line":124,"column":5}},{"start":{},"end":{}}],"line":68},"4":{"loc":{"start":{"line":69,"column":6},"end":{"line":71,"column":16}},"type":"binary-expr","locations":[{"start":{"line":69,"column":6},"end":{"line":69,"column":36}},{"start":{"line":70,"column":6},"end":{"line":70,"column":29}},{"start":{"line":71,"column":6},"end":{"line":71,"column":16}}],"line":69},"5":{"loc":{"start":{"line":76,"column":8},"end":{"line":115,"column":9}},"type":"if","locations":[{"start":{"line":76,"column":8},"end":{"line":115,"column":9}},{"start":{},"end":{}}],"line":76}},"s":{"0":33,"1":33,"2":42,"3":146,"4":33,"5":28,"6":28,"7":7,"8":7,"9":21,"10":18,"11":21,"12":0,"13":33,"14":33,"15":11,"16":14,"17":14,"18":14,"19":10,"20":10,"21":10,"22":6,"23":6,"24":6,"25":4,"26":4,"27":4,"28":2,"29":2,"30":6,"31":10,"32":6,"33":6,"34":4,"35":4},"f":{"0":42,"1":146,"2":28,"3":0,"4":11,"5":14,"6":6},"b":{"0":[42,40],"1":[7,21],"2":[18,3],"3":[10,4],"4":[14,12,12],"5":[6,4]},"_coverageSchema":"1a1c01bbd47fc00a2c39e90264f33305004495a9","hash":"6b1e13be13a62da994b041040a14e31d3f62f48e"}
,"/Users/miladarbabi/Codes/projects/SynchroFlow/apps/frontend/src/api/lifecycle.ts": {"path":"/Users/miladarbabi/Codes/projects/SynchroFlow/apps/frontend/src/api/lifecycle.ts","statementMap":{"0":{"start":{"line":6,"column":19},"end":{"line":6,"column":63}},"1":{"start":{"line":7,"column":2},"end":{"line":7,"column":14}},"2":{"start":{"line":11,"column":19},"end":{"line":11,"column":76}},"3":{"start":{"line":12,"column":2},"end":{"line":12,"column":14}},"4":{"start":{"line":16,"column":19},"end":{"line":16,"column":76}},"5":{"start":{"line":17,"column":2},"end":{"line":17,"column":14}}},"fnMap":{"0":{"name":"getLifecycle","decl":{"start":{"line":5,"column":22},"end":{"line":5,"column":34}},"loc":{"start":{"line":5,"column":37},"end":{"line":8,"column":1}},"line":5},"1":{"name":"evaluateFt2","decl":{"start":{"line":10,"column":22},"end":{"line":10,"column":33}},"loc":{"start":{"line":10,"column":36},"end":{"line":13,"column":1}},"line":10},"2":{"name":"confirmFt2","decl":{"start":{"line":15,"column":22},"end":{"line":15,"column":32}},"loc":{"start":{"line":15,"column":35},"end":{"line":18,"column":1}},"line":15}},"branchMap":{},"s":{"0":0,"1":0,"2":0,"3":0,"4":0,"5":0},"f":{"0":0,"1":0,"2":0},"b":{},"_coverageSchema":"1a1c01bbd47fc00a2c39e90264f33305004495a9","hash":"9bdf9f262c4e6087fa3a87c7877f66fe94dfaa69"}
,"/Users/miladarbabi/Codes/projects/SynchroFlow/apps/frontend/src/api/specter.ts": {"path":"/Users/miladarbabi/Codes/projects/SynchroFlow/apps/frontend/src/api/specter.ts","statementMap":{"0":{"start":{"line":31,"column":14},"end":{"line":35,"column":4}},"1":{"start":{"line":37,"column":18},"end":{"line":37,"column":32}},"2":{"start":{"line":40,"column":4},"end":{"line":40,"column":62}},"3":{"start":{"line":43,"column":4},"end":{"line":45,"column":12}},"4":{"start":{"line":47,"column":2},"end":{"line":47,"column":28}},"5":{"start":{"line":54,"column":14},"end":{"line":62,"column":3}},"6":{"start":{"line":64,"column":18},"end":{"line":64,"column":32}},"7":{"start":{"line":67,"column":4},"end":{"line":67,"column":62}},"8":{"start":{"line":70,"column":4},"end":{"line":72,"column":12}},"9":{"start":{"line":74,"column":2},"end":{"line":74,"column":40}},"10":{"start":{"line":79,"column":32},"end":{"line":92,"column":1}},"11":{"start":{"line":80,"column":38},"end":{"line":80,"column":47}},"12":{"start":{"line":82,"column":2},"end":{"line":91,"column":5}},"13":{"start":{"line":86,"column":6},"end":{"line":88,"column":7}},"14":{"start":{"line":87,"column":8},"end":{"line":87,"column":74}},"15":{"start":{"line":89,"column":6},"end":{"line":89,"column":45}},"16":{"start":{"line":94,"column":38},"end":{"line":112,"column":1}},"17":{"start":{"line":95,"column":26},"end":{"line":95,"column":35}},"18":{"start":{"line":96,"column":22},"end":{"line":96,"column":38}},"19":{"start":{"line":98,"column":2},"end":{"line":111,"column":5}},"20":{"start":{"line":100,"column":6},"end":{"line":104,"column":7}},"21":{"start":{"line":101,"column":8},"end":{"line":103,"column":10}},"22":{"start":{"line":105,"column":6},"end":{"line":105,"column":54}},"23":{"start":{"line":109,"column":6},"end":{"line":109,"column":69}}},"fnMap":{"0":{"name":"fetchSpecterConfig","decl":{"start":{"line":28,"column":22},"end":{"line":28,"column":40}},"loc":{"start":{"line":30,"column":34},"end":{"line":48,"column":1}},"line":30},"1":{"name":"upsertSpecterConfig","decl":{"start":{"line":50,"column":22},"end":{"line":50,"column":41}},"loc":{"start":{"line":53,"column":34},"end":{"line":75,"column":1}},"line":53},"2":{"name":"(anonymous_2)","decl":{"start":{"line":79,"column":32},"end":{"line":79,"column":33}},"loc":{"start":{"line":79,"column":38},"end":{"line":92,"column":1}},"line":79},"3":{"name":"(anonymous_3)","decl":{"start":{"line":85,"column":13},"end":{"line":85,"column":14}},"loc":{"start":{"line":85,"column":19},"end":{"line":90,"column":5}},"line":85},"4":{"name":"(anonymous_4)","decl":{"start":{"line":94,"column":38},"end":{"line":94,"column":39}},"loc":{"start":{"line":94,"column":44},"end":{"line":112,"column":1}},"line":94},"5":{"name":"(anonymous_5)","decl":{"start":{"line":99,"column":16},"end":{"line":99,"column":17}},"loc":{"start":{"line":99,"column":48},"end":{"line":106,"column":5}},"line":99},"6":{"name":"(anonymous_6)","decl":{"start":{"line":107,"column":15},"end":{"line":107,"column":16}},"loc":{"start":{"line":107,"column":21},"end":{"line":110,"column":5}},"line":107}},"branchMap":{"0":{"loc":{"start":{"line":37,"column":18},"end":{"line":37,"column":32}},"type":"binary-expr","locations":[{"start":{"line":37,"column":18},"end":{"line":37,"column":26}},{"start":{"line":37,"column":30},"end":{"line":37,"column":32}}],"line":37},"1":{"loc":{"start":{"line":40,"column":4},"end":{"line":40,"column":62}},"type":"cond-expr","locations":[{"start":{"line":40,"column":41},"end":{"line":40,"column":55}},{"start":{"line":40,"column":58},"end":{"line":40,"column":62}}],"line":40},"2":{"loc":{"start":{"line":43,"column":4},"end":{"line":45,"column":12}},"type":"cond-expr","locations":[{"start":{"line":44,"column":9},"end":{"line":44,"column":45}},{"start":{"line":45,"column":8},"end":{"line":45,"column":12}}],"line":43},"3":{"loc":{"start":{"line":43,"column":4},"end":{"line":43,"column":56}},"type":"binary-expr","locations":[{"start":{"line":43,"column":4},"end":{"line":43,"column":18}},{"start":{"line":43,"column":22},"end":{"line":43,"column":56}}],"line":43},"4":{"loc":{"start":{"line":64,"column":18},"end":{"line":64,"column":32}},"type":"binary-expr","locations":[{"start":{"line":64,"column":18},"end":{"line":64,"column":26}},{"start":{"line":64,"column":30},"end":{"line":64,"column":32}}],"line":64},"5":{"loc":{"start":{"line":67,"column":4},"end":{"line":67,"column":62}},"type":"cond-expr","locations":[{"start":{"line":67,"column":41},"end":{"line":67,"column":55}},{"start":{"line":67,"column":58},"end":{"line":67,"column":62}}],"line":67},"6":{"loc":{"start":{"line":70,"column":4},"end":{"line":72,"column":12}},"type":"cond-expr","locations":[{"start":{"line":71,"column":9},"end":{"line":71,"column":45}},{"start":{"line":72,"column":8},"end":{"line":72,"column":12}}],"line":70},"7":{"loc":{"start":{"line":70,"column":4},"end":{"line":70,"column":56}},"type":"binary-expr","locations":[{"start":{"line":70,"column":4},"end":{"line":70,"column":18}},{"start":{"line":70,"column":22},"end":{"line":70,"column":56}}],"line":70},"8":{"loc":{"start":{"line":84,"column":21},"end":{"line":84,"column":46}},"type":"binary-expr","locations":[{"start":{"line":84,"column":21},"end":{"line":84,"column":32}},{"start":{"line":84,"column":36},"end":{"line":84,"column":46}}],"line":84},"9":{"loc":{"start":{"line":86,"column":6},"end":{"line":88,"column":7}},"type":"if","locations":[{"start":{"line":86,"column":6},"end":{"line":88,"column":7}},{"start":{},"end":{}}],"line":86},"10":{"loc":{"start":{"line":100,"column":6},"end":{"line":104,"column":7}},"type":"if","locations":[{"start":{"line":100,"column":6},"end":{"line":104,"column":7}},{"start":{},"end":{}}],"line":100}},"s":{"0":11,"1":9,"2":9,"3":9,"4":9,"5":14,"6":12,"7":12,"8":12,"9":12,"10":2,"11":0,"12":0,"13":0,"14":0,"15":0,"16":2,"17":0,"18":0,"19":0,"20":0,"21":0,"22":0,"23":0},"f":{"0":11,"1":14,"2":0,"3":0,"4":0,"5":0,"6":0},"b":{"0":[9,2],"1":[5,4],"2":[4,5],"3":[9,5],"4":[12,1],"5":[9,3],"6":[9,3],"7":[12,9],"8":[0,0],"9":[0,0],"10":[0,0]},"_coverageSchema":"1a1c01bbd47fc00a2c39e90264f33305004495a9","hash":"1ebb230f5e889411797857f42d5c28b1d53f9061"}
,"/Users/miladarbabi/Codes/projects/SynchroFlow/apps/frontend/src/api/user-state.ts": {"path":"/Users/miladarbabi/Codes/projects/SynchroFlow/apps/frontend/src/api/user-state.ts","statementMap":{"0":{"start":{"line":27,"column":37},"end":{"line":30,"column":1}},"1":{"start":{"line":28,"column":19},"end":{"line":28,"column":78}},"2":{"start":{"line":29,"column":2},"end":{"line":29,"column":23}},"3":{"start":{"line":32,"column":38},"end":{"line":35,"column":1}},"4":{"start":{"line":33,"column":19},"end":{"line":33,"column":97}},"5":{"start":{"line":34,"column":2},"end":{"line":34,"column":23}},"6":{"start":{"line":37,"column":35},"end":{"line":42,"column":1}},"7":{"start":{"line":38,"column":2},"end":{"line":41,"column":5}},"8":{"start":{"line":44,"column":41},"end":{"line":52,"column":1}},"9":{"start":{"line":45,"column":22},"end":{"line":45,"column":38}},"10":{"start":{"line":46,"column":2},"end":{"line":51,"column":5}},"11":{"start":{"line":49,"column":6},"end":{"line":49,"column":83}},"12":{"start":{"line":54,"column":31},"end":{"line":62,"column":1}},"13":{"start":{"line":55,"column":2},"end":{"line":61,"column":3}},"14":{"start":{"line":56,"column":21},"end":{"line":56,"column":85}},"15":{"start":{"line":57,"column":4},"end":{"line":57,"column":25}},"16":{"start":{"line":59,"column":4},"end":{"line":59,"column":57}},"17":{"start":{"line":60,"column":4},"end":{"line":60,"column":16}}},"fnMap":{"0":{"name":"(anonymous_0)","decl":{"start":{"line":27,"column":37},"end":{"line":27,"column":38}},"loc":{"start":{"line":27,"column":76},"end":{"line":30,"column":1}},"line":27},"1":{"name":"(anonymous_1)","decl":{"start":{"line":32,"column":38},"end":{"line":32,"column":39}},"loc":{"start":{"line":32,"column":111},"end":{"line":35,"column":1}},"line":32},"2":{"name":"(anonymous_2)","decl":{"start":{"line":37,"column":35},"end":{"line":37,"column":36}},"loc":{"start":{"line":37,"column":41},"end":{"line":42,"column":1}},"line":37},"3":{"name":"(anonymous_3)","decl":{"start":{"line":44,"column":41},"end":{"line":44,"column":42}},"loc":{"start":{"line":44,"column":47},"end":{"line":52,"column":1}},"line":44},"4":{"name":"(anonymous_4)","decl":{"start":{"line":48,"column":15},"end":{"line":48,"column":16}},"loc":{"start":{"line":48,"column":21},"end":{"line":50,"column":5}},"line":48},"5":{"name":"(anonymous_5)","decl":{"start":{"line":54,"column":31},"end":{"line":54,"column":32}},"loc":{"start":{"line":54,"column":98},"end":{"line":62,"column":1}},"line":54}},"branchMap":{},"s":{"0":1,"1":2,"2":1,"3":1,"4":2,"5":2,"6":1,"7":0,"8":1,"9":0,"10":0,"11":0,"12":1,"13":0,"14":0,"15":0,"16":0,"17":0},"f":{"0":2,"1":2,"2":0,"3":0,"4":0,"5":0},"b":{},"_coverageSchema":"1a1c01bbd47fc00a2c39e90264f33305004495a9","hash":"c25a26211f7a66d836567723228450ca680b41f0"}
,"/Users/miladarbabi/Codes/projects/SynchroFlow/apps/frontend/src/components/ExitIntentModal.tsx": {"path":"/Users/miladarbabi/Codes/projects/SynchroFlow/apps/frontend/src/components/ExitIntentModal.tsx","statementMap":{"0":{"start":{"line":22,"column":63},"end":{"line":134,"column":1}},"1":{"start":{"line":27,"column":47},"end":{"line":27,"column":62}},"2":{"start":{"line":29,"column":22},"end":{"line":32,"column":3}},"3":{"start":{"line":30,"column":4},"end":{"line":30,"column":22}},"4":{"start":{"line":31,"column":4},"end":{"line":31,"column":14}},"5":{"start":{"line":34,"column":23},"end":{"line":37,"column":3}},"6":{"start":{"line":35,"column":4},"end":{"line":35,"column":22}},"7":{"start":{"line":36,"column":4},"end":{"line":36,"column":20}},"8":{"start":{"line":39,"column":2},"end":{"line":41,"column":3}},"9":{"start":{"line":40,"column":4},"end":{"line":40,"column":16}},"10":{"start":{"line":43,"column":2},"end":{"line":133,"column":4}},"11":{"start":{"line":71,"column":30},"end":{"line":71,"column":53}}},"fnMap":{"0":{"name":"(anonymous_0)","decl":{"start":{"line":22,"column":63},"end":{"line":22,"column":64}},"loc":{"start":{"line":26,"column":6},"end":{"line":134,"column":1}},"line":26},"1":{"name":"(anonymous_1)","decl":{"start":{"line":29,"column":22},"end":{"line":29,"column":23}},"loc":{"start":{"line":29,"column":28},"end":{"line":32,"column":3}},"line":29},"2":{"name":"(anonymous_2)","decl":{"start":{"line":34,"column":23},"end":{"line":34,"column":24}},"loc":{"start":{"line":34,"column":29},"end":{"line":37,"column":3}},"line":34},"3":{"name":"(anonymous_3)","decl":{"start":{"line":71,"column":19},"end":{"line":71,"column":20}},"loc":{"start":{"line":71,"column":30},"end":{"line":71,"column":53}},"line":71}},"branchMap":{"0":{"loc":{"start":{"line":39,"column":2},"end":{"line":41,"column":3}},"type":"if","locations":[{"start":{"line":39,"column":2},"end":{"line":41,"column":3}},{"start":{},"end":{}}],"line":39}},"s":{"0":1,"1":17,"2":17,"3":2,"4":2,"5":17,"6":2,"7":2,"8":17,"9":4,"10":13,"11":13},"f":{"0":17,"1":2,"2":2,"3":13},"b":{"0":[4,13]},"_coverageSchema":"1a1c01bbd47fc00a2c39e90264f33305004495a9","hash":"269607434943f3ecc504cc19a8e5280e99e3adfc"}
,"/Users/miladarbabi/Codes/projects/SynchroFlow/apps/frontend/src/components/ProtectedRoute.tsx": {"path":"/Users/miladarbabi/Codes/projects/SynchroFlow/apps/frontend/src/components/ProtectedRoute.tsx","statementMap":{"0":{"start":{"line":23,"column":33},"end":{"line":52,"column":1}},"1":{"start":{"line":24,"column":49},"end":{"line":24,"column":58}},"2":{"start":{"line":25,"column":26},"end":{"line":25,"column":43}},"3":{"start":{"line":29,"column":2},"end":{"line":35,"column":3}},"4":{"start":{"line":30,"column":4},"end":{"line":34,"column":6}},"5":{"start":{"line":38,"column":2},"end":{"line":40,"column":3}},"6":{"start":{"line":39,"column":4},"end":{"line":39,"column":44}},"7":{"start":{"line":43,"column":2},"end":{"line":49,"column":3}},"8":{"start":{"line":44,"column":4},"end":{"line":48,"column":6}},"9":{"start":{"line":51,"column":2},"end":{"line":51,"column":20}}},"fnMap":{"0":{"name":"(anonymous_0)","decl":{"start":{"line":23,"column":33},"end":{"line":23,"column":34}},"loc":{"start":{"line":23,"column":39},"end":{"line":52,"column":1}},"line":23}},"branchMap":{"0":{"loc":{"start":{"line":29,"column":2},"end":{"line":35,"column":3}},"type":"if","locations":[{"start":{"line":29,"column":2},"end":{"line":35,"column":3}},{"start":{},"end":{}}],"line":29},"1":{"loc":{"start":{"line":38,"column":2},"end":{"line":40,"column":3}},"type":"if","locations":[{"start":{"line":38,"column":2},"end":{"line":40,"column":3}},{"start":{},"end":{}}],"line":38},"2":{"loc":{"start":{"line":43,"column":2},"end":{"line":49,"column":3}},"type":"if","locations":[{"start":{"line":43,"column":2},"end":{"line":49,"column":3}},{"start":{},"end":{}}],"line":43}},"s":{"0":2,"1":6,"2":6,"3":6,"4":0,"5":6,"6":1,"7":5,"8":1,"9":4},"f":{"0":6},"b":{"0":[0,6],"1":[1,5],"2":[1,4]},"_coverageSchema":"1a1c01bbd47fc00a2c39e90264f33305004495a9","hash":"ca7a1dbe92dda6f360ff1e4484b6f5dd5587021a"}
,"/Users/miladarbabi/Codes/projects/SynchroFlow/apps/frontend/src/components/ToastContainer.tsx": {"path":"/Users/miladarbabi/Codes/projects/SynchroFlow/apps/frontend/src/components/ToastContainer.tsx","statementMap":{"0":{"start":{"line":8,"column":30},"end":{"line":56,"column":1}},"1":{"start":{"line":9,"column":20},"end":{"line":9,"column":30}},"2":{"start":{"line":11,"column":19},"end":{"line":20,"column":3}},"3":{"start":{"line":12,"column":4},"end":{"line":19,"column":5}},"4":{"start":{"line":14,"column":8},"end":{"line":14,"column":23}},"5":{"start":{"line":16,"column":8},"end":{"line":16,"column":25}},"6":{"start":{"line":18,"column":8},"end":{"line":18,"column":22}},"7":{"start":{"line":22,"column":2},"end":{"line":55,"column":4}},"8":{"start":{"line":37,"column":10},"end":{"line":51,"column":23}}},"fnMap":{"0":{"name":"(anonymous_0)","decl":{"start":{"line":8,"column":30},"end":{"line":8,"column":31}},"loc":{"start":{"line":8,"column":36},"end":{"line":56,"column":1}},"line":8},"1":{"name":"(anonymous_1)","decl":{"start":{"line":11,"column":19},"end":{"line":11,"column":20}},"loc":{"start":{"line":11,"column":37},"end":{"line":20,"column":3}},"line":11},"2":{"name":"(anonymous_2)","decl":{"start":{"line":36,"column":26},"end":{"line":36,"column":27}},"loc":{"start":{"line":37,"column":10},"end":{"line":51,"column":23}},"line":37}},"branchMap":{"0":{"loc":{"start":{"line":12,"column":4},"end":{"line":19,"column":5}},"type":"switch","locations":[{"start":{"line":13,"column":6},"end":{"line":14,"column":23}},{"start":{"line":15,"column":6},"end":{"line":16,"column":25}},{"start":{"line":17,"column":6},"end":{"line":18,"column":22}}],"line":12}},"s":{"0":1,"1":12,"2":12,"3":5,"4":2,"5":2,"6":1,"7":12,"8":5},"f":{"0":12,"1":5,"2":5},"b":{"0":[2,2,1]},"_coverageSchema":"1a1c01bbd47fc00a2c39e90264f33305004495a9","hash":"a8b3ed38631ec8557c1efcfcef5f02a5fd11d8a9"}
,"/Users/miladarbabi/Codes/projects/SynchroFlow/apps/frontend/src/components/EmptyStates/EmptyDashboardState.tsx": {"path":"/Users/miladarbabi/Codes/projects/SynchroFlow/apps/frontend/src/components/EmptyStates/EmptyDashboardState.tsx","statementMap":{"0":{"start":{"line":6,"column":23},"end":{"line":6,"column":27}},"1":{"start":{"line":8,"column":45},"end":{"line":118,"column":1}},"2":{"start":{"line":9,"column":18},"end":{"line":9,"column":51}},"3":{"start":{"line":11,"column":32},"end":{"line":11,"column":46}},"4":{"start":{"line":12,"column":34},"end":{"line":12,"column":45}},"5":{"start":{"line":18,"column":2},"end":{"line":39,"column":9}},"6":{"start":{"line":19,"column":18},"end":{"line":19,"column":35}},"7":{"start":{"line":20,"column":21},"end":{"line":20,"column":25}},"8":{"start":{"line":24,"column":17},"end":{"line":35,"column":5}},"9":{"start":{"line":25,"column":22},"end":{"line":25,"column":47}},"10":{"start":{"line":26,"column":16},"end":{"line":26,"column":47}},"11":{"start":{"line":29,"column":20},"end":{"line":29,"column":42}},"12":{"start":{"line":30,"column":6},"end":{"line":30,"column":31}},"13":{"start":{"line":32,"column":6},"end":{"line":34,"column":7}},"14":{"start":{"line":33,"column":8},"end":{"line":33,"column":44}},"15":{"start":{"line":37,"column":4},"end":{"line":37,"column":40}},"16":{"start":{"line":38,"column":4},"end":{"line":38,"column":45}},"17":{"start":{"line":38,"column":17},"end":{"line":38,"column":44}},"18":{"start":{"line":45,"column":2},"end":{"line":60,"column":9}},"19":{"start":{"line":46,"column":4},"end":{"line":59,"column":6}},"20":{"start":{"line":47,"column":22},"end":{"line":47,"column":57}},"21":{"start":{"line":49,"column":6},"end":{"line":58,"column":7}},"22":{"start":{"line":50,"column":26},"end":{"line":50,"column":50}},"23":{"start":{"line":53,"column":8},"end":{"line":55,"column":22}},"24":{"start":{"line":54,"column":10},"end":{"line":54,"column":28}},"25":{"start":{"line":57,"column":8},"end":{"line":57,"column":26}},"26":{"start":{"line":66,"column":2},"end":{"line":117,"column":4}},"27":{"start":{"line":108,"column":16},"end":{"line":108,"column":42}}},"fnMap":{"0":{"name":"(anonymous_0)","decl":{"start":{"line":8,"column":45},"end":{"line":8,"column":46}},"loc":{"start":{"line":8,"column":51},"end":{"line":118,"column":1}},"line":8},"1":{"name":"(anonymous_1)","decl":{"start":{"line":18,"column":12},"end":{"line":18,"column":13}},"loc":{"start":{"line":18,"column":18},"end":{"line":39,"column":3}},"line":18},"2":{"name":"(anonymous_2)","decl":{"start":{"line":24,"column":17},"end":{"line":24,"column":18}},"loc":{"start":{"line":24,"column":23},"end":{"line":35,"column":5}},"line":24},"3":{"name":"(anonymous_3)","decl":{"start":{"line":38,"column":11},"end":{"line":38,"column":12}},"loc":{"start":{"line":38,"column":17},"end":{"line":38,"column":44}},"line":38},"4":{"name":"(anonymous_4)","decl":{"start":{"line":45,"column":12},"end":{"line":45,"column":13}},"loc":{"start":{"line":45,"column":18},"end":{"line":60,"column":3}},"line":45},"5":{"name":"(anonymous_5)","decl":{"start":{"line":46,"column":11},"end":{"line":46,"column":12}},"loc":{"start":{"line":46,"column":17},"end":{"line":59,"column":5}},"line":46},"6":{"name":"(anonymous_6)","decl":{"start":{"line":53,"column":19},"end":{"line":53,"column":20}},"loc":{"start":{"line":53,"column":25},"end":{"line":55,"column":9}},"line":53},"7":{"name":"(anonymous_7)","decl":{"start":{"line":107,"column":31},"end":{"line":107,"column":32}},"loc":{"start":{"line":108,"column":16},"end":{"line":108,"column":42}},"line":108}},"branchMap":{"0":{"loc":{"start":{"line":32,"column":6},"end":{"line":34,"column":7}},"type":"if","locations":[{"start":{"line":32,"column":6},"end":{"line":34,"column":7}},{"start":{},"end":{}}],"line":32},"1":{"loc":{"start":{"line":49,"column":6},"end":{"line":58,"column":7}},"type":"if","locations":[{"start":{"line":49,"column":6},"end":{"line":58,"column":7}},{"start":{"line":56,"column":13},"end":{"line":58,"column":7}}],"line":49}},"s":{"0":1,"1":1,"2":1,"3":1,"4":1,"5":1,"6":1,"7":1,"8":1,"9":0,"10":0,"11":0,"12":0,"13":0,"14":0,"15":1,"16":1,"17":1,"18":1,"19":1,"20":1,"21":1,"22":1,"23":1,"24":0,"25":0,"26":1,"27":1},"f":{"0":1,"1":1,"2":0,"3":1,"4":1,"5":1,"6":0,"7":1},"b":{"0":[0,0],"1":[1,0]},"_coverageSchema":"1a1c01bbd47fc00a2c39e90264f33305004495a9","hash":"56dd603c1350900faaf8f80b619fb07469c3d769"}
,"/Users/miladarbabi/Codes/projects/SynchroFlow/apps/frontend/src/components/ft1/FT1HeroArrival.tsx": {"path":"/Users/miladarbabi/Codes/projects/SynchroFlow/apps/frontend/src/components/ft1/FT1HeroArrival.tsx","statementMap":{"0":{"start":{"line":10,"column":27},"end":{"line":10,"column":42}},"1":{"start":{"line":13,"column":21},"end":{"line":13,"column":54}},"2":{"start":{"line":14,"column":32},"end":{"line":14,"column":47}},"3":{"start":{"line":16,"column":2},"end":{"line":35,"column":15}},"4":{"start":{"line":17,"column":24},"end":{"line":17,"column":67}},"5":{"start":{"line":19,"column":4},"end":{"line":19,"column":28}},"6":{"start":{"line":19,"column":21},"end":{"line":19,"column":28}},"7":{"start":{"line":21,"column":4},"end":{"line":21,"column":21}},"8":{"start":{"line":23,"column":4},"end":{"line":25,"column":5}},"9":{"start":{"line":24,"column":6},"end":{"line":24,"column":52}},"10":{"start":{"line":27,"column":28},"end":{"line":27,"column":32}},"11":{"start":{"line":29,"column":18},"end":{"line":31,"column":23}},"12":{"start":{"line":30,"column":6},"end":{"line":30,"column":22}},"13":{"start":{"line":33,"column":4},"end":{"line":33,"column":37}},"14":{"start":{"line":33,"column":17},"end":{"line":33,"column":36}},"15":{"start":{"line":37,"column":18},"end":{"line":44,"column":3}},"16":{"start":{"line":38,"column":4},"end":{"line":38,"column":45}},"17":{"start":{"line":39,"column":4},"end":{"line":39,"column":22}},"18":{"start":{"line":41,"column":4},"end":{"line":43,"column":5}},"19":{"start":{"line":42,"column":6},"end":{"line":42,"column":64}},"20":{"start":{"line":46,"column":2},"end":{"line":46,"column":28}},"21":{"start":{"line":46,"column":16},"end":{"line":46,"column":28}},"22":{"start":{"line":48,"column":2},"end":{"line":81,"column":4}},"23":{"start":{"line":63,"column":25},"end":{"line":63,"column":42}}},"fnMap":{"0":{"name":"FT1HeroArrival","decl":{"start":{"line":12,"column":16},"end":{"line":12,"column":30}},"loc":{"start":{"line":12,"column":64},"end":{"line":82,"column":1}},"line":12},"1":{"name":"(anonymous_1)","decl":{"start":{"line":16,"column":12},"end":{"line":16,"column":13}},"loc":{"start":{"line":16,"column":18},"end":{"line":35,"column":3}},"line":16},"2":{"name":"(anonymous_2)","decl":{"start":{"line":29,"column":29},"end":{"line":29,"column":30}},"loc":{"start":{"line":29,"column":35},"end":{"line":31,"column":5}},"line":29},"3":{"name":"(anonymous_3)","decl":{"start":{"line":33,"column":11},"end":{"line":33,"column":12}},"loc":{"start":{"line":33,"column":17},"end":{"line":33,"column":36}},"line":33},"4":{"name":"(anonymous_4)","decl":{"start":{"line":37,"column":18},"end":{"line":37,"column":19}},"loc":{"start":{"line":37,"column":49},"end":{"line":44,"column":3}},"line":37},"5":{"name":"(anonymous_5)","decl":{"start":{"line":63,"column":19},"end":{"line":63,"column":20}},"loc":{"start":{"line":63,"column":25},"end":{"line":63,"column":42}},"line":63}},"branchMap":{"0":{"loc":{"start":{"line":19,"column":4},"end":{"line":19,"column":28}},"type":"if","locations":[{"start":{"line":19,"column":4},"end":{"line":19,"column":28}},{"start":{},"end":{}}],"line":19},"1":{"loc":{"start":{"line":23,"column":4},"end":{"line":25,"column":5}},"type":"if","locations":[{"start":{"line":23,"column":4},"end":{"line":25,"column":5}},{"start":{},"end":{}}],"line":23},"2":{"loc":{"start":{"line":41,"column":4},"end":{"line":43,"column":5}},"type":"if","locations":[{"start":{"line":41,"column":4},"end":{"line":43,"column":5}},{"start":{},"end":{}}],"line":41},"3":{"loc":{"start":{"line":46,"column":2},"end":{"line":46,"column":28}},"type":"if","locations":[{"start":{"line":46,"column":2},"end":{"line":46,"column":28}},{"start":{},"end":{}}],"line":46}},"s":{"0":7,"1":0,"2":0,"3":0,"4":0,"5":0,"6":0,"7":0,"8":0,"9":0,"10":0,"11":0,"12":0,"13":0,"14":0,"15":0,"16":0,"17":0,"18":0,"19":0,"20":0,"21":0,"22":0,"23":0},"f":{"0":0,"1":0,"2":0,"3":0,"4":0,"5":0},"b":{"0":[0,0],"1":[0,0],"2":[0,0],"3":[0,0]},"_coverageSchema":"1a1c01bbd47fc00a2c39e90264f33305004495a9","hash":"9441dfee74fd56c8ef54ed1ad3bb08d211801a6d"}
,"/Users/miladarbabi/Codes/projects/SynchroFlow/apps/frontend/src/components/specter/SpecterConfigPanel.tsx": {"path":"/Users/miladarbabi/Codes/projects/SynchroFlow/apps/frontend/src/components/specter/SpecterConfigPanel.tsx","statementMap":{"0":{"start":{"line":18,"column":44},"end":{"line":145,"column":1}},"1":{"start":{"line":25,"column":6},"end":{"line":25,"column":24}},"2":{"start":{"line":27,"column":56},"end":{"line":27,"column":68}},"3":{"start":{"line":28,"column":62},"end":{"line":28,"column":76}},"4":{"start":{"line":29,"column":38},"end":{"line":29,"column":67}},"5":{"start":{"line":32,"column":2},"end":{"line":45,"column":15}},"6":{"start":{"line":33,"column":4},"end":{"line":37,"column":5}},"7":{"start":{"line":34,"column":6},"end":{"line":34,"column":33}},"8":{"start":{"line":35,"column":6},"end":{"line":35,"column":38}},"9":{"start":{"line":36,"column":6},"end":{"line":36,"column":13}},"10":{"start":{"line":39,"column":4},"end":{"line":39,"column":61}},"11":{"start":{"line":40,"column":4},"end":{"line":44,"column":6}},"12":{"start":{"line":47,"column":21},"end":{"line":69,"column":3}},"13":{"start":{"line":48,"column":4},"end":{"line":48,"column":24}},"14":{"start":{"line":50,"column":27},"end":{"line":50,"column":53}},"15":{"start":{"line":51,"column":4},"end":{"line":54,"column":5}},"16":{"start":{"line":52,"column":6},"end":{"line":52,"column":52}},"17":{"start":{"line":53,"column":6},"end":{"line":53,"column":13}},"18":{"start":{"line":57,"column":43},"end":{"line":61,"column":5}},"19":{"start":{"line":63,"column":4},"end":{"line":68,"column":5}},"20":{"start":{"line":64,"column":6},"end":{"line":64,"column":35}},"21":{"start":{"line":67,"column":6},"end":{"line":67,"column":69}},"22":{"start":{"line":71,"column":17},"end":{"line":71,"column":38}},"23":{"start":{"line":73,"column":2},"end":{"line":144,"column":4}},"24":{"start":{"line":103,"column":25},"end":{"line":103,"column":63}},"25":{"start":{"line":105,"column":10},"end":{"line":108,"column":11}},"26":{"start":{"line":106,"column":12},"end":{"line":106,"column":31}},"27":{"start":{"line":107,"column":12},"end":{"line":107,"column":25}},"28":{"start":{"line":125,"column":29},"end":{"line":125,"column":72}}},"fnMap":{"0":{"name":"(anonymous_0)","decl":{"start":{"line":18,"column":44},"end":{"line":18,"column":45}},"loc":{"start":{"line":18,"column":50},"end":{"line":145,"column":1}},"line":18},"1":{"name":"(anonymous_1)","decl":{"start":{"line":32,"column":12},"end":{"line":32,"column":13}},"loc":{"start":{"line":32,"column":18},"end":{"line":45,"column":3}},"line":32},"2":{"name":"(anonymous_2)","decl":{"start":{"line":47,"column":21},"end":{"line":47,"column":22}},"loc":{"start":{"line":47,"column":33},"end":{"line":69,"column":3}},"line":47},"3":{"name":"(anonymous_3)","decl":{"start":{"line":103,"column":18},"end":{"line":103,"column":19}},"loc":{"start":{"line":103,"column":25},"end":{"line":103,"column":63}},"line":103},"4":{"name":"(anonymous_4)","decl":{"start":{"line":104,"column":19},"end":{"line":104,"column":20}},"loc":{"start":{"line":104,"column":26},"end":{"line":109,"column":9}},"line":104},"5":{"name":"(anonymous_5)","decl":{"start":{"line":125,"column":22},"end":{"line":125,"column":23}},"loc":{"start":{"line":125,"column":29},"end":{"line":125,"column":72}},"line":125}},"branchMap":{"0":{"loc":{"start":{"line":33,"column":4},"end":{"line":37,"column":5}},"type":"if","locations":[{"start":{"line":33,"column":4},"end":{"line":37,"column":5}},{"start":{},"end":{}}],"line":33},"1":{"loc":{"start":{"line":39,"column":27},"end":{"line":39,"column":59}},"type":"binary-expr","locations":[{"start":{"line":39,"column":27},"end":{"line":39,"column":53}},{"start":{"line":39,"column":57},"end":{"line":39,"column":59}}],"line":39},"2":{"loc":{"start":{"line":41,"column":6},"end":{"line":43,"column":14}},"type":"cond-expr","locations":[{"start":{"line":42,"column":10},"end":{"line":42,"column":39}},{"start":{"line":43,"column":10},"end":{"line":43,"column":14}}],"line":41},"3":{"loc":{"start":{"line":51,"column":4},"end":{"line":54,"column":5}},"type":"if","locations":[{"start":{"line":51,"column":4},"end":{"line":54,"column":5}},{"start":{},"end":{}}],"line":51},"4":{"loc":{"start":{"line":58,"column":10},"end":{"line":58,"column":22}},"type":"binary-expr","locations":[{"start":{"line":58,"column":10},"end":{"line":58,"column":16}},{"start":{"line":58,"column":20},"end":{"line":58,"column":22}}],"line":58},"5":{"loc":{"start":{"line":67,"column":20},"end":{"line":67,"column":67}},"type":"binary-expr","locations":[{"start":{"line":67,"column":20},"end":{"line":67,"column":32}},{"start":{"line":67,"column":36},"end":{"line":67,"column":67}}],"line":67},"6":{"loc":{"start":{"line":71,"column":17},"end":{"line":71,"column":38}},"type":"binary-expr","locations":[{"start":{"line":71,"column":17},"end":{"line":71,"column":26}},{"start":{"line":71,"column":30},"end":{"line":71,"column":38}}],"line":71},"7":{"loc":{"start":{"line":88,"column":7},"end":{"line":96,"column":7}},"type":"binary-expr","locations":[{"start":{"line":88,"column":8},"end":{"line":88,"column":13}},{"start":{"line":88,"column":17},"end":{"line":88,"column":27}},{"start":{"line":89,"column":8},"end":{"line":95,"column":16}}],"line":88},"8":{"loc":{"start":{"line":94,"column":11},"end":{"line":94,"column":30}},"type":"binary-expr","locations":[{"start":{"line":94,"column":11},"end":{"line":94,"column":21}},{"start":{"line":94,"column":25},"end":{"line":94,"column":30}}],"line":94},"9":{"loc":{"start":{"line":105,"column":10},"end":{"line":108,"column":11}},"type":"if","locations":[{"start":{"line":105,"column":10},"end":{"line":108,"column":11}},{"start":{},"end":{}}],"line":105},"10":{"loc":{"start":{"line":105,"column":14},"end":{"line":105,"column":42}},"type":"binary-expr","locations":[{"start":{"line":105,"column":14},"end":{"line":105,"column":31}},{"start":{"line":105,"column":35},"end":{"line":105,"column":42}}],"line":105},"11":{"loc":{"start":{"line":140,"column":11},"end":{"line":140,"column":38}},"type":"cond-expr","locations":[{"start":{"line":140,"column":20},"end":{"line":140,"column":29}},{"start":{"line":140,"column":32},"end":{"line":140,"column":38}}],"line":140}},"s":{"0":1,"1":61,"2":61,"3":61,"4":61,"5":61,"6":23,"7":3,"8":3,"9":3,"10":20,"11":20,"12":61,"13":9,"14":9,"15":9,"16":2,"17":2,"18":7,"19":7,"20":7,"21":1,"22":61,"23":61,"24":7,"25":2,"26":1,"27":1,"28":2},"f":{"0":61,"1":23,"2":9,"3":7,"4":2,"5":2},"b":{"0":[3,20],"1":[20,0],"2":[19,1],"3":[2,7],"4":[7,0],"5":[1,0],"6":[61,60],"7":[61,59,7],"8":[7,2],"9":[1,1],"10":[2,1],"11":[3,58]},"_coverageSchema":"1a1c01bbd47fc00a2c39e90264f33305004495a9","hash":"0b725153bd4e37f476aabc9c12b806e1c574ff49"}
,"/Users/miladarbabi/Codes/projects/SynchroFlow/apps/frontend/src/components/triggers/BaseTrigger.tsx": {"path":"/Users/miladarbabi/Codes/projects/SynchroFlow/apps/frontend/src/components/triggers/BaseTrigger.tsx","statementMap":{"0":{"start":{"line":18,"column":55},"end":{"line":240,"column":1}},"1":{"start":{"line":29,"column":50},"end":{"line":29,"column":65}},"2":{"start":{"line":30,"column":46},"end":{"line":30,"column":83}},"3":{"start":{"line":31,"column":46},"end":{"line":31,"column":83}},"4":{"start":{"line":34,"column":25},"end":{"line":34,"column":56}},"5":{"start":{"line":35,"column":30},"end":{"line":35,"column":61}},"6":{"start":{"line":38,"column":2},"end":{"line":45,"column":25}},"7":{"start":{"line":39,"column":4},"end":{"line":44,"column":5}},"8":{"start":{"line":41,"column":6},"end":{"line":43,"column":14}},"9":{"start":{"line":42,"column":8},"end":{"line":42,"column":40}},"10":{"start":{"line":47,"column":30},"end":{"line":58,"column":3}},"11":{"start":{"line":48,"column":4},"end":{"line":48,"column":30}},"12":{"start":{"line":50,"column":4},"end":{"line":57,"column":5}},"13":{"start":{"line":52,"column":6},"end":{"line":52,"column":38}},"14":{"start":{"line":53,"column":6},"end":{"line":53,"column":33}},"15":{"start":{"line":56,"column":6},"end":{"line":56,"column":32}},"16":{"start":{"line":60,"column":29},"end":{"line":75,"column":3}},"17":{"start":{"line":61,"column":4},"end":{"line":74,"column":5}},"18":{"start":{"line":62,"column":6},"end":{"line":65,"column":9}},"19":{"start":{"line":66,"column":6},"end":{"line":66,"column":33}},"20":{"start":{"line":67,"column":6},"end":{"line":67,"column":30}},"21":{"start":{"line":68,"column":6},"end":{"line":68,"column":30}},"22":{"start":{"line":71,"column":6},"end":{"line":73,"column":14}},"23":{"start":{"line":72,"column":8},"end":{"line":72,"column":45}},"24":{"start":{"line":77,"column":31},"end":{"line":86,"column":3}},"25":{"start":{"line":78,"column":4},"end":{"line":78,"column":31}},"26":{"start":{"line":79,"column":4},"end":{"line":79,"column":28}},"27":{"start":{"line":80,"column":4},"end":{"line":80,"column":28}},"28":{"start":{"line":83,"column":4},"end":{"line":85,"column":12}},"29":{"start":{"line":84,"column":6},"end":{"line":84,"column":43}},"30":{"start":{"line":88,"column":2},"end":{"line":239,"column":4}},"31":{"start":{"line":147,"column":14},"end":{"line":149,"column":27}},"32":{"start":{"line":179,"column":31},"end":{"line":179,"column":62}},"33":{"start":{"line":187,"column":31},"end":{"line":187,"column":63}},"34":{"start":{"line":202,"column":20},"end":{"line":211,"column":29}},"35":{"start":{"line":206,"column":37},"end":{"line":206,"column":62}}},"fnMap":{"0":{"name":"(anonymous_0)","decl":{"start":{"line":18,"column":55},"end":{"line":18,"column":56}},"loc":{"start":{"line":28,"column":6},"end":{"line":240,"column":1}},"line":28},"1":{"name":"(anonymous_1)","decl":{"start":{"line":38,"column":12},"end":{"line":38,"column":13}},"loc":{"start":{"line":38,"column":18},"end":{"line":45,"column":3}},"line":38},"2":{"name":"(anonymous_2)","decl":{"start":{"line":41,"column":17},"end":{"line":41,"column":18}},"loc":{"start":{"line":41,"column":23},"end":{"line":43,"column":7}},"line":41},"3":{"name":"(anonymous_3)","decl":{"start":{"line":47,"column":30},"end":{"line":47,"column":31}},"loc":{"start":{"line":47,"column":68},"end":{"line":58,"column":3}},"line":47},"4":{"name":"(anonymous_4)","decl":{"start":{"line":60,"column":29},"end":{"line":60,"column":30}},"loc":{"start":{"line":60,"column":35},"end":{"line":75,"column":3}},"line":60},"5":{"name":"(anonymous_5)","decl":{"start":{"line":71,"column":17},"end":{"line":71,"column":18}},"loc":{"start":{"line":71,"column":23},"end":{"line":73,"column":7}},"line":71},"6":{"name":"(anonymous_6)","decl":{"start":{"line":77,"column":31},"end":{"line":77,"column":32}},"loc":{"start":{"line":77,"column":37},"end":{"line":86,"column":3}},"line":77},"7":{"name":"(anonymous_7)","decl":{"start":{"line":83,"column":15},"end":{"line":83,"column":16}},"loc":{"start":{"line":83,"column":21},"end":{"line":85,"column":5}},"line":83},"8":{"name":"(anonymous_8)","decl":{"start":{"line":146,"column":27},"end":{"line":146,"column":28}},"loc":{"start":{"line":147,"column":14},"end":{"line":149,"column":27}},"line":147},"9":{"name":"(anonymous_9)","decl":{"start":{"line":179,"column":25},"end":{"line":179,"column":26}},"loc":{"start":{"line":179,"column":31},"end":{"line":179,"column":62}},"line":179},"10":{"name":"(anonymous_10)","decl":{"start":{"line":187,"column":25},"end":{"line":187,"column":26}},"loc":{"start":{"line":187,"column":31},"end":{"line":187,"column":63}},"line":187},"11":{"name":"(anonymous_11)","decl":{"start":{"line":201,"column":91},"end":{"line":201,"column":92}},"loc":{"start":{"line":202,"column":20},"end":{"line":211,"column":29}},"line":202},"12":{"name":"(anonymous_12)","decl":{"start":{"line":206,"column":31},"end":{"line":206,"column":32}},"loc":{"start":{"line":206,"column":37},"end":{"line":206,"column":62}},"line":206}},"branchMap":{"0":{"loc":{"start":{"line":23,"column":2},"end":{"line":23,"column":16}},"type":"default-arg","locations":[{"start":{"line":23,"column":14},"end":{"line":23,"column":16}}],"line":23},"1":{"loc":{"start":{"line":24,"column":2},"end":{"line":24,"column":26}},"type":"default-arg","locations":[{"start":{"line":24,"column":21},"end":{"line":24,"column":26}}],"line":24},"2":{"loc":{"start":{"line":26,"column":2},"end":{"line":26,"column":25}},"type":"default-arg","locations":[{"start":{"line":26,"column":20},"end":{"line":26,"column":25}}],"line":26},"3":{"loc":{"start":{"line":39,"column":4},"end":{"line":44,"column":5}},"type":"if","locations":[{"start":{"line":39,"column":4},"end":{"line":44,"column":5}},{"start":{},"end":{}}],"line":39},"4":{"loc":{"start":{"line":39,"column":8},"end":{"line":39,"column":50}},"type":"binary-expr","locations":[{"start":{"line":39,"column":8},"end":{"line":39,"column":24}},{"start":{"line":39,"column":28},"end":{"line":39,"column":50}}],"line":39},"5":{"loc":{"start":{"line":50,"column":4},"end":{"line":57,"column":5}},"type":"if","locations":[{"start":{"line":50,"column":4},"end":{"line":57,"column":5}},{"start":{"line":54,"column":11},"end":{"line":57,"column":5}}],"line":50},"6":{"loc":{"start":{"line":61,"column":4},"end":{"line":74,"column":5}},"type":"if","locations":[{"start":{"line":61,"column":4},"end":{"line":74,"column":5}},{"start":{},"end":{}}],"line":61},"7":{"loc":{"start":{"line":61,"column":8},"end":{"line":61,"column":40}},"type":"binary-expr","locations":[{"start":{"line":61,"column":8},"end":{"line":61,"column":22}},{"start":{"line":61,"column":26},"end":{"line":61,"column":40}}],"line":61},"8":{"loc":{"start":{"line":93,"column":29},"end":{"line":93,"column":50}},"type":"binary-expr","locations":[{"start":{"line":93,"column":29},"end":{"line":93,"column":44}},{"start":{"line":93,"column":48},"end":{"line":93,"column":50}}],"line":93},"9":{"loc":{"start":{"line":95,"column":30},"end":{"line":95,"column":52}},"type":"binary-expr","locations":[{"start":{"line":95,"column":30},"end":{"line":95,"column":46}},{"start":{"line":95,"column":50},"end":{"line":95,"column":52}}],"line":95},"10":{"loc":{"start":{"line":98,"column":16},"end":{"line":98,"column":64}},"type":"cond-expr","locations":[{"start":{"line":98,"column":35},"end":{"line":98,"column":55}},{"start":{"line":98,"column":58},"end":{"line":98,"column":64}}],"line":98},"11":{"loc":{"start":{"line":100,"column":11},"end":{"line":100,"column":35}},"type":"cond-expr","locations":[{"start":{"line":100,"column":30},"end":{"line":100,"column":31}},{"start":{"line":100,"column":34},"end":{"line":100,"column":35}}],"line":100},"12":{"loc":{"start":{"line":104,"column":7},"end":{"line":119,"column":7}},"type":"binary-expr","locations":[{"start":{"line":104,"column":7},"end":{"line":104,"column":23}},{"start":{"line":105,"column":8},"end":{"line":118,"column":14}}],"line":104},"13":{"loc":{"start":{"line":113,"column":11},"end":{"line":117,"column":11}},"type":"binary-expr","locations":[{"start":{"line":113,"column":11},"end":{"line":113,"column":27}},{"start":{"line":114,"column":12},"end":{"line":116,"column":25}}],"line":113},"14":{"loc":{"start":{"line":121,"column":7},"end":{"line":134,"column":7}},"type":"binary-expr","locations":[{"start":{"line":121,"column":7},"end":{"line":121,"column":36}},{"start":{"line":122,"column":8},"end":{"line":133,"column":14}}],"line":121},"15":{"loc":{"start":{"line":127,"column":14},"end":{"line":128,"column":57}},"type":"cond-expr","locations":[{"start":{"line":127,"column":38},"end":{"line":127,"column":47}},{"start":{"line":128,"column":14},"end":{"line":128,"column":57}}],"line":127},"16":{"loc":{"start":{"line":128,"column":14},"end":{"line":128,"column":57}},"type":"cond-expr","locations":[{"start":{"line":128,"column":38},"end":{"line":128,"column":47}},{"start":{"line":128,"column":50},"end":{"line":128,"column":57}}],"line":128},"17":{"loc":{"start":{"line":137,"column":7},"end":{"line":153,"column":7}},"type":"binary-expr","locations":[{"start":{"line":137,"column":7},"end":{"line":137,"column":27}},{"start":{"line":138,"column":8},"end":{"line":152,"column":14}}],"line":137},"18":{"loc":{"start":{"line":159,"column":7},"end":{"line":237,"column":7}},"type":"binary-expr","locations":[{"start":{"line":159,"column":7},"end":{"line":159,"column":22}},{"start":{"line":160,"column":8},"end":{"line":236,"column":14}}],"line":159},"19":{"loc":{"start":{"line":171,"column":11},"end":{"line":235,"column":11}},"type":"cond-expr","locations":[{"start":{"line":172,"column":12},"end":{"line":193,"column":18}},{"start":{"line":195,"column":12},"end":{"line":234,"column":23}}],"line":171},"20":{"loc":{"start":{"line":205,"column":31},"end":{"line":205,"column":83}},"type":"cond-expr","locations":[{"start":{"line":205,"column":59},"end":{"line":205,"column":70}},{"start":{"line":205,"column":73},"end":{"line":205,"column":83}}],"line":205},"21":{"loc":{"start":{"line":208,"column":27},"end":{"line":208,"column":67}},"type":"cond-expr","locations":[{"start":{"line":208,"column":41},"end":{"line":208,"column":55}},{"start":{"line":208,"column":58},"end":{"line":208,"column":67}}],"line":208}},"s":{"0":2,"1":46,"2":46,"3":46,"4":46,"5":46,"6":46,"7":43,"8":3,"9":2,"10":46,"11":5,"12":5,"13":2,"14":2,"15":3,"16":46,"17":1,"18":1,"19":1,"20":1,"21":1,"22":1,"23":1,"24":46,"25":0,"26":0,"27":0,"28":0,"29":0,"30":46,"31":4,"32":2,"33":3,"34":12,"35":1},"f":{"0":46,"1":43,"2":2,"3":5,"4":1,"5":1,"6":0,"7":0,"8":4,"9":2,"10":3,"11":12,"12":1},"b":{"0":[44],"1":[43],"2":[0],"3":[3,40],"4":[43,3],"5":[2,3],"6":[1,0],"7":[1,1],"8":[46,44],"9":[46,43],"10":[2,44],"11":[2,44],"12":[46,2],"13":[2,2],"14":[46,2],"15":[2,0],"16":[0,0],"17":[46,2],"18":[46,17],"19":[13,4],"20":[1,11],"21":[4,8]},"_coverageSchema":"1a1c01bbd47fc00a2c39e90264f33305004495a9","hash":"38f99a9cd580f89f240548383ff1bc9719fe7b0a"}
,"/Users/miladarbabi/Codes/projects/SynchroFlow/apps/frontend/src/components/triggers/CoachTrigger.tsx": {"path":"/Users/miladarbabi/Codes/projects/SynchroFlow/apps/frontend/src/components/triggers/CoachTrigger.tsx","statementMap":{"0":{"start":{"line":13,"column":57},"end":{"line":108,"column":1}},"1":{"start":{"line":21,"column":27},"end":{"line":40,"column":1}},"2":{"start":{"line":22,"column":22},"end":{"line":22,"column":42}},"3":{"start":{"line":25,"column":2},"end":{"line":37,"column":3}},"4":{"start":{"line":36,"column":4},"end":{"line":36,"column":21}},"5":{"start":{"line":39,"column":2},"end":{"line":39,"column":19}},"6":{"start":{"line":42,"column":2},"end":{"line":107,"column":4}}},"fnMap":{"0":{"name":"(anonymous_0)","decl":{"start":{"line":13,"column":57},"end":{"line":13,"column":58}},"loc":{"start":{"line":20,"column":6},"end":{"line":108,"column":1}},"line":20},"1":{"name":"(anonymous_1)","decl":{"start":{"line":21,"column":27},"end":{"line":21,"column":28}},"loc":{"start":{"line":21,"column":47},"end":{"line":40,"column":1}},"line":21}},"branchMap":{"0":{"loc":{"start":{"line":25,"column":2},"end":{"line":37,"column":3}},"type":"if","locations":[{"start":{"line":25,"column":2},"end":{"line":37,"column":3}},{"start":{},"end":{}}],"line":25},"1":{"loc":{"start":{"line":25,"column":6},"end":{"line":35,"column":8}},"type":"binary-expr","locations":[{"start":{"line":25,"column":6},"end":{"line":25,"column":28}},{"start":{"line":26,"column":6},"end":{"line":26,"column":38}},{"start":{"line":27,"column":6},"end":{"line":27,"column":37}},{"start":{"line":28,"column":6},"end":{"line":28,"column":36}},{"start":{"line":30,"column":7},"end":{"line":30,"column":29}},{"start":{"line":31,"column":8},"end":{"line":31,"column":37}},{"start":{"line":32,"column":8},"end":{"line":32,"column":36}},{"start":{"line":33,"column":8},"end":{"line":33,"column":37}},{"start":{"line":34,"column":8},"end":{"line":34,"column":36}}],"line":25},"2":{"loc":{"start":{"line":47,"column":11},"end":{"line":55,"column":11}},"type":"binary-expr","locations":[{"start":{"line":47,"column":11},"end":{"line":47,"column":16}},{"start":{"line":48,"column":12},"end":{"line":54,"column":25}}],"line":47}},"s":{"0":1,"1":19,"2":19,"3":19,"4":19,"5":0,"6":19},"f":{"0":19,"1":19},"b":{"0":[19,0],"1":[19,2,1,1,1,1,0,0,0],"2":[19,1]},"_coverageSchema":"1a1c01bbd47fc00a2c39e90264f33305004495a9","hash":"1e991141049c7331e55eb2f6237e095ce809e3c3"}
,"/Users/miladarbabi/Codes/projects/SynchroFlow/apps/frontend/src/contexts/AuthContext.tsx": {"path":"/Users/miladarbabi/Codes/projects/SynchroFlow/apps/frontend/src/contexts/AuthContext.tsx","statementMap":{"0":{"start":{"line":23,"column":27},"end":{"line":23,"column":80}},"1":{"start":{"line":30,"column":57},"end":{"line":137,"column":1}},"2":{"start":{"line":31,"column":36},"end":{"line":36,"column":4}},"3":{"start":{"line":42,"column":2},"end":{"line":69,"column":9}},"4":{"start":{"line":44,"column":4},"end":{"line":68,"column":5}},"5":{"start":{"line":46,"column":26},"end":{"line":46,"column":61}},"6":{"start":{"line":47,"column":25},"end":{"line":47,"column":53}},"7":{"start":{"line":49,"column":6},"end":{"line":61,"column":7}},"8":{"start":{"line":51,"column":8},"end":{"line":56,"column":11}},"9":{"start":{"line":60,"column":8},"end":{"line":60,"column":62}},"10":{"start":{"line":60,"column":30},"end":{"line":60,"column":59}},"11":{"start":{"line":65,"column":6},"end":{"line":65,"column":45}},"12":{"start":{"line":66,"column":6},"end":{"line":66,"column":38}},"13":{"start":{"line":67,"column":6},"end":{"line":67,"column":110}},"14":{"start":{"line":67,"column":28},"end":{"line":67,"column":107}},"15":{"start":{"line":72,"column":16},"end":{"line":94,"column":8}},"16":{"start":{"line":73,"column":4},"end":{"line":78,"column":7}},"17":{"start":{"line":80,"column":4},"end":{"line":80,"column":53}},"18":{"start":{"line":81,"column":4},"end":{"line":81,"column":55}},"19":{"start":{"line":97,"column":17},"end":{"line":115,"column":10}},"20":{"start":{"line":98,"column":4},"end":{"line":103,"column":7}},"21":{"start":{"line":105,"column":4},"end":{"line":105,"column":43}},"22":{"start":{"line":106,"column":4},"end":{"line":106,"column":36}},"23":{"start":{"line":118,"column":25},"end":{"line":126,"column":8}},"24":{"start":{"line":119,"column":6},"end":{"line":119,"column":62}},"25":{"start":{"line":119,"column":28},"end":{"line":119,"column":59}},"26":{"start":{"line":120,"column":6},"end":{"line":124,"column":7}},"27":{"start":{"line":121,"column":8},"end":{"line":121,"column":51}},"28":{"start":{"line":123,"column":8},"end":{"line":123,"column":47}},"29":{"start":{"line":128,"column":16},"end":{"line":133,"column":3}},"30":{"start":{"line":136,"column":2},"end":{"line":136,"column":79}},"31":{"start":{"line":140,"column":23},"end":{"line":146,"column":1}},"32":{"start":{"line":141,"column":18},"end":{"line":141,"column":41}},"33":{"start":{"line":142,"column":2},"end":{"line":144,"column":3}},"34":{"start":{"line":143,"column":4},"end":{"line":143,"column":67}},"35":{"start":{"line":145,"column":2},"end":{"line":145,"column":17}}},"fnMap":{"0":{"name":"(anonymous_0)","decl":{"start":{"line":30,"column":57},"end":{"line":30,"column":58}},"loc":{"start":{"line":30,"column":75},"end":{"line":137,"column":1}},"line":30},"1":{"name":"(anonymous_1)","decl":{"start":{"line":42,"column":18},"end":{"line":42,"column":19}},"loc":{"start":{"line":42,"column":24},"end":{"line":69,"column":3}},"line":42},"2":{"name":"(anonymous_2)","decl":{"start":{"line":60,"column":21},"end":{"line":60,"column":22}},"loc":{"start":{"line":60,"column":30},"end":{"line":60,"column":59}},"line":60},"3":{"name":"(anonymous_3)","decl":{"start":{"line":67,"column":19},"end":{"line":67,"column":20}},"loc":{"start":{"line":67,"column":28},"end":{"line":67,"column":107}},"line":67},"4":{"name":"(anonymous_4)","decl":{"start":{"line":72,"column":28},"end":{"line":72,"column":29}},"loc":{"start":{"line":72,"column":71},"end":{"line":94,"column":3}},"line":72},"5":{"name":"(anonymous_5)","decl":{"start":{"line":97,"column":29},"end":{"line":97,"column":30}},"loc":{"start":{"line":97,"column":35},"end":{"line":115,"column":5}},"line":97},"6":{"name":"(anonymous_6)","decl":{"start":{"line":118,"column":37},"end":{"line":118,"column":38}},"loc":{"start":{"line":118,"column":63},"end":{"line":126,"column":3}},"line":118},"7":{"name":"(anonymous_7)","decl":{"start":{"line":119,"column":19},"end":{"line":119,"column":20}},"loc":{"start":{"line":119,"column":28},"end":{"line":119,"column":59}},"line":119},"8":{"name":"(anonymous_8)","decl":{"start":{"line":140,"column":23},"end":{"line":140,"column":24}},"loc":{"start":{"line":140,"column":46},"end":{"line":146,"column":1}},"line":140}},"branchMap":{"0":{"loc":{"start":{"line":49,"column":6},"end":{"line":61,"column":7}},"type":"if","locations":[{"start":{"line":49,"column":6},"end":{"line":61,"column":7}},{"start":{"line":57,"column":13},"end":{"line":61,"column":7}}],"line":49},"1":{"loc":{"start":{"line":49,"column":10},"end":{"line":49,"column":35}},"type":"binary-expr","locations":[{"start":{"line":49,"column":10},"end":{"line":49,"column":21}},{"start":{"line":49,"column":25},"end":{"line":49,"column":35}}],"line":49},"2":{"loc":{"start":{"line":120,"column":6},"end":{"line":124,"column":7}},"type":"if","locations":[{"start":{"line":120,"column":6},"end":{"line":124,"column":7}},{"start":{"line":122,"column":13},"end":{"line":124,"column":7}}],"line":120},"3":{"loc":{"start":{"line":142,"column":2},"end":{"line":144,"column":3}},"type":"if","locations":[{"start":{"line":142,"column":2},"end":{"line":144,"column":3}},{"start":{},"end":{}}],"line":142}},"s":{"0":20,"1":20,"2":12,"3":12,"4":4,"5":4,"6":4,"7":4,"8":1,"9":3,"10":3,"11":0,"12":0,"13":0,"14":0,"15"
[...]
,"/Users/miladarbabi/Codes/projects/SynchroFlow/modules/shared/dist/activation/deriveActivationSurfaceState.js": {"path":"/Users/miladarbabi/Codes/projects/SynchroFlow/modules/shared/dist/activation/deriveActivationSurfaceState.js","statementMap":{"0":{"start":{"line":3,"column":24},"end":{"line":3,"column":29}},"1":{"start":{"line":7,"column":4},"end":{"line":25,"column":5}},"2":{"start":{"line":8,"column":8},"end":{"line":24,"column":9}},"3":{"start":{"line":10,"column":16},"end":{"line":13,"column":18}},"4":{"start":{"line":15,"column":16},"end":{"line":18,"column":18}},"5":{"start":{"line":20,"column":16},"end":{"line":23,"column":18}},"6":{"start":{"line":29,"column":4},"end":{"line":49,"column":5}},"7":{"start":{"line":30,"column":8},"end":{"line":48,"column":9}},"8":{"start":{"line":32,"column":16},"end":{"line":39,"column":18}},"9":{"start":{"line":41,"column":16},"end":{"line":47,"column":18}},"10":{"start":{"line":53,"column":4},"end":{"line":60,"column":6}}},"fnMap":{"0":{"name":"deriveActivationSurfaceState","decl":{"start":{"line":2,"column":16},"end":{"line":2,"column":44}},"loc":{"start":{"line":2,"column":52},"end":{"line":61,"column":1}},"line":2}},"branchMap":{"0":{"loc":{"start":{"line":7,"column":4},"end":{"line":25,"column":5}},"type":"if","locations":[{"start":{"line":7,"column":4},"end":{"line":25,"column":5}},{"start":{},"end":{}}],"line":7},"1":{"loc":{"start":{"line":8,"column":8},"end":{"line":24,"column":9}},"type":"switch","locations":[{"start":{"line":9,"column":12},"end":{"line":13,"column":18}},{"start":{"line":14,"column":12},"end":{"line":18,"column":18}},{"start":{"line":19,"column":12},"end":{"line":23,"column":18}}],"line":8},"2":{"loc":{"start":{"line":29,"column":4},"end":{"line":49,"column":5}},"type":"if","locations":[{"start":{"line":29,"column":4},"end":{"line":49,"column":5}},{"start":{},"end":{}}],"line":29},"3":{"loc":{"start":{"line":30,"column":8},"end":{"line":48,"column":9}},"type":"switch","locations":[{"start":{"line":31,"column":12},"end":{"line":39,"column":18}},{"start":{"line":40,"column":12},"end":{"line":47,"column":18}}],"line":30}},"s":{"0":5,"1":5,"2":1,"3":1,"4":0,"5":0,"6":4,"7":3,"8":2,"9":1,"10":1},"f":{"0":5},"b":{"0":[1,4],"1":[1,0,0],"2":[3,1],"3":[2,1]},"_coverageSchema":"1a1c01bbd47fc00a2c39e90264f33305004495a9","hash":"ba7e9606a4cce2fb2d3846faae02c080d00dd41a"}
,"/Users/miladarbabi/Codes/projects/SynchroFlow/modules/shared/dist/activation/deriveActivationVerdict.js": {"path":"/Users/miladarbabi/Codes/projects/SynchroFlow/modules/shared/dist/activation/deriveActivationVerdict.js","statementMap":{"0":{"start":{"line":2,"column":53},"end":{"line":2,"column":58}},"1":{"start":{"line":4,"column":4},"end":{"line":11,"column":5}},"2":{"start":{"line":5,"column":8},"end":{"line":10,"column":10}},"3":{"start":{"line":13,"column":4},"end":{"line":20,"column":5}},"4":{"start":{"line":14,"column":8},"end":{"line":19,"column":10}},"5":{"start":{"line":22,"column":4},"end":{"line":29,"column":5}},"6":{"start":{"line":23,"column":8},"end":{"line":28,"column":10}},"7":{"start":{"line":31,"column":27},"end":{"line":33,"column":30}},"8":{"start":{"line":32,"column":21},"end":{"line":32,"column":30}},"9":{"start":{"line":33,"column":18},"end":{"line":33,"column":29}},"10":{"start":{"line":34,"column":4},"end":{"line":41,"column":5}},"11":{"start":{"line":35,"column":8},"end":{"line":40,"column":10}},"12":{"start":{"line":43,"column":4},"end":{"line":46,"column":6}}},"fnMap":{"0":{"name":"deriveActivationVerdict","decl":{"start":{"line":1,"column":16},"end":{"line":1,"column":39}},"loc":{"start":{"line":1,"column":47},"end":{"line":47,"column":1}},"line":1},"1":{"name":"(anonymous_1)","decl":{"start":{"line":32,"column":16},"end":{"line":32,"column":17}},"loc":{"start":{"line":32,"column":21},"end":{"line":32,"column":30}},"line":32},"2":{"name":"(anonymous_2)","decl":{"start":{"line":33,"column":13},"end":{"line":33,"column":14}},"loc":{"start":{"line":33,"column":18},"end":{"line":33,"column":29}},"line":33}},"branchMap":{"0":{"loc":{"start":{"line":4,"column":4},"end":{"line":11,"column":5}},"type":"if","locations":[{"start":{"line":4,"column":4},"end":{"line":11,"column":5}},{"start":{},"end":{}}],"line":4},"1":{"loc":{"start":{"line":13,"column":4},"end":{"line":20,"column":5}},"type":"if","locations":[{"start":{"line":13,"column":4},"end":{"line":20,"column":5}},{"start":{},"end":{}}],"line":13},"2":{"loc":{"start":{"line":22,"column":4},"end":{"line":29,"column":5}},"type":"if","locations":[{"start":{"line":22,"column":4},"end":{"line":29,"column":5}},{"start":{},"end":{}}],"line":22},"3":{"loc":{"start":{"line":34,"column":4},"end":{"line":41,"column":5}},"type":"if","locations":[{"start":{"line":34,"column":4},"end":{"line":41,"column":5}},{"start":{},"end":{}}],"line":34}},"s":{"0":0,"1":0,"2":0,"3":0,"4":0,"5":0,"6":0,"7":0,"8":0,"9":0,"10":0,"11":0,"12":0},"f":{"0":0,"1":0,"2":0},"b":{"0":[0,0],"1":[0,0],"2":[0,0],"3":[0,0]},"_coverageSchema":"1a1c01bbd47fc00a2c39e90264f33305004495a9","hash":"f703f9c4939736350cefa03a9181699952a8f4be"}
,"/Users/miladarbabi/Codes/projects/SynchroFlow/modules/shared/dist/activation/deriveFT0Phase.js": {"path":"/Users/miladarbabi/Codes/projects/SynchroFlow/modules/shared/dist/activation/deriveFT0Phase.js","statementMap":{"0":{"start":{"line":14,"column":4},"end":{"line":16,"column":5}},"1":{"start":{"line":15,"column":8},"end":{"line":15,"column":33}},"2":{"start":{"line":17,"column":4},"end":{"line":19,"column":5}},"3":{"start":{"line":18,"column":8},"end":{"line":18,"column":27}},"4":{"start":{"line":20,"column":4},"end":{"line":20,"column":21}}},"fnMap":{"0":{"name":"deriveFT0Phase","decl":{"start":{"line":13,"column":16},"end":{"line":13,"column":30}},"loc":{"start":{"line":13,"column":59},"end":{"line":21,"column":1}},"line":13}},"branchMap":{"0":{"loc":{"start":{"line":14,"column":4},"end":{"line":16,"column":5}},"type":"if","locations":[{"start":{"line":14,"column":4},"end":{"line":16,"column":5}},{"start":{},"end":{}}],"line":14},"1":{"loc":{"start":{"line":17,"column":4},"end":{"line":19,"column":5}},"type":"if","locations":[{"start":{"line":17,"column":4},"end":{"line":19,"column":5}},{"start":{},"end":{}}],"line":17}},"s":{"0":0,"1":0,"2":0,"3":0,"4":0},"f":{"0":0},"b":{"0":[0,0],"1":[0,0]},"_coverageSchema":"1a1c01bbd47fc00a2c39e90264f33305004495a9","hash":"a8370fd47088cc29c1db39cb7272ebd8e97187ef"}
,"/Users/miladarbabi/Codes/projects/SynchroFlow/modules/shared/dist/activation/index.js": {"path":"/Users/miladarbabi/Codes/projects/SynchroFlow/modules/shared/dist/activation/index.js","statementMap":{},"fnMap":{},"branchMap":{},"s":{},"f":{},"b":{},"_coverageSchema":"1a1c01bbd47fc00a2c39e90264f33305004495a9","hash":"5b41c27944fe42fd69362490a9957355a523bc29"}
,"/Users/miladarbabi/Codes/projects/SynchroFlow/modules/shared/dist/activation/types.js": {"path":"/Users/miladarbabi/Codes/projects/SynchroFlow/modules/shared/dist/activation/types.js","statementMap":{},"fnMap":{},"branchMap":{},"s":{},"f":{},"b":{},"_coverageSchema":"1a1c01bbd47fc00a2c39e90264f33305004495a9","hash":"187521ed6802659197456968b8eb0cdf74b8fadf"}
,"/Users/miladarbabi/Codes/projects/SynchroFlow/modules/shared/dist/ui/activation/visuals/BlindnessVisual.js": {"path":"/Users/miladarbabi/Codes/projects/SynchroFlow/modules/shared/dist/ui/activation/visuals/BlindnessVisual.js","statementMap":{"0":{"start":{"line":7,"column":21},"end":{"line":7,"column":24}},"1":{"start":{"line":12,"column":21},"end":{"line":12,"column":23}},"2":{"start":{"line":19,"column":36},"end":{"line":21,"column":1}},"3":{"start":{"line":20,"column":4},"end":{"line":20,"column":27}},"4":{"start":{"line":26,"column":28},"end":{"line":29,"column":1}},"5":{"start":{"line":28,"column":4},"end":{"line":28,"column":35}},"6":{"start":{"line":33,"column":31},"end":{"line":49,"column":1}},"7":{"start":{"line":34,"column":31},"end":{"line":34,"column":61}},"8":{"start":{"line":35,"column":25},"end":{"line":35,"column":49}},"9":{"start":{"line":36,"column":25},"end":{"line":36,"column":48}},"10":{"start":{"line":37,"column":22},"end":{"line":37,"column":42}},"11":{"start":{"line":38,"column":4},"end":{"line":48,"column":270}},"12":{"start":{"line":41,"column":30},"end":{"line":41,"column":79}},"13":{"start":{"line":42,"column":36},"end":{"line":43,"column":58}},"14":{"start":{"line":44,"column":36},"end":{"line":46,"column":27}},"15":{"start":{"line":47,"column":20},"end":{"line":47,"column":158}}},"fnMap":{"0":{"name":"(anonymous_0)","decl":{"start":{"line":19,"column":36},"end":{"line":19,"column":37}},"loc":{"start":{"line":19,"column":47},"end":{"line":21,"column":1}},"line":19},"1":{"name":"(anonymous_1)","decl":{"start":{"line":26,"column":28},"end":{"line":26,"column":29}},"loc":{"start":{"line":26,"column":39},"end":{"line":29,"column":1}},"line":26},"2":{"name":"(anonymous_2)","decl":{"start":{"line":33,"column":31},"end":{"line":33,"column":32}},"loc":{"start":{"line":33,"column":47},"end":{"line":49,"column":1}},"line":33},"3":{"name":"(anonymous_3)","decl":{"start":{"line":40,"column":138},"end":{"line":40,"column":139}},"loc":{"start":{"line":40,"column":152},"end":{"line":48,"column":17}},"line":40}},"branchMap":{"0":{"loc":{"start":{"line":38,"column":473},"end":{"line":38,"column":496}},"type":"cond-expr","locations":[{"start":{"line":38,"column":488},"end":{"line":38,"column":492}},{"start":{"line":38,"column":495},"end":{"line":38,"column":496}}],"line":38},"1":{"loc":{"start":{"line":38,"column":509},"end":{"line":40,"column":31}},"type":"cond-expr","locations":[{"start":{"line":39,"column":22},"end":{"line":39,"column":49}},{"start":{"line":40,"column":22},"end":{"line":40,"column":31}}],"line":38},"2":{"loc":{"start":{"line":40,"column":41},"end":{"line":40,"column":85}},"type":"cond-expr","locations":[{"start":{"line":40,"column":53},"end":{"line":40,"column":73}},{"start":{"line":40,"column":76},"end":{"line":40,"column":85}}],"line":40},"3":{"loc":{"start":{"line":42,"column":36},"end":{"line":43,"column":58}},"type":"binary-expr","locations":[{"start":{"line":42,"column":36},"end":{"line":42,"column":55}},{"start":{"line":43,"column":24},"end":{"line":43,"column":58}}],"line":42},"4":{"loc":{"start":{"line":44,"column":36},"end":{"line":46,"column":27}},"type":"cond-expr","locations":[{"start":{"line":45,"column":26},"end":{"line":45,"column":52}},{"start":{"line":46,"column":26},"end":{"line":46,"column":27}}],"line":44},"5":{"loc":{"start":{"line":47,"column":128},"end":{"line":47,"column":146}},"type":"cond-expr","locations":[{"start":{"line":47,"column":138},"end":{"line":47,"column":142}},{"start":{"line":47,"column":145},"end":{"line":47,"column":146}}],"line":47},"6":{"loc":{"start":{"line":48,"column":23},"end":{"line":48,"column":187}},"type":"binary-expr","locations":[{"start":{"line":48,"column":23},"end":{"line":48,"column":32}},{"start":{"line":48,"column":37},"end":{"line":48,"column":186}}],"line":48}},"s":{"0":1,"1":1,"2":1,"3":0,"4":1,"5":0,"6":1,"7":1,"8":1,"9":1,"10":1,"11":1,"12":18,"13":18,"14":18,"15":18},"f":{"0":0,"1":0,"2":1,"3":18},"b":{"0":[1,0],"1":[1,0],"2":[0,1],"3":[18,0],"4":[0,18],"5":[18,0],"6":[1,0]},"_coverageSchema":"1a1c01bbd47fc00a2c39e90264f33305004495a9","hash":"4a30c1b8428cf659455147fcc0775c101ed904a4"}
,"/Users/miladarbabi/Codes/projects/SynchroFlow/modules/shared/dist/ui/activation/visuals/index.js": {"path":"/Users/miladarbabi/Codes/projects/SynchroFlow/modules/shared/dist/ui/activation/visuals/index.js","statementMap":{},"fnMap":{},"branchMap":{},"s":{},"f":{},"b":{},"_coverageSchema":"1a1c01bbd47fc00a2c39e90264f33305004495a9","hash":"5891a9a5eecf48547e6aa78069afc159306386d5"}
,"/Users/miladarbabi/Codes/projects/SynchroFlow/modules/specter/src/ui/index.ts": {"path":"/Users/miladarbabi/Codes/projects/SynchroFlow/modules/specter/src/ui/index.ts","statementMap":{},"fnMap":{},"branchMap":{},"s":{},"f":{},"b":{},"_coverageSchema":"1a1c01bbd47fc00a2c39e90264f33305004495a9","hash":"a3d6b3728bb61f651f388f948ce24f93c9c4b72e"}
,"/Users/miladarbabi/Codes/projects/SynchroFlow/modules/specter/src/ui/components/SpecterDiagnosticCard.tsx": {"path":"/Users/miladarbabi/Codes/projects/SynchroFlow/modules/specter/src/ui/components/SpecterDiagnosticCard.tsx","statementMap":{"0":{"start":{"line":29,"column":2},"end":{"line":70,"column":4}}},"fnMap":{"0":{"name":"SpecterDiagnosticCard","decl":{"start":{"line":22,"column":16},"end":{"line":22,"column":37}},"loc":{"start":{"line":28,"column":31},"end":{"line":71,"column":1}},"line":28}},"branchMap":{"0":{"loc":{"start":{"line":58,"column":9},"end":{"line":67,"column":9}},"type":"binary-expr","locations":[{"start":{"line":58,"column":9},"end":{"line":58,"column":17}},{"start":{"line":58,"column":21},"end":{"line":58,"column":31}},{"start":{"line":59,"column":10},"end":{"line":66,"column":19}}],"line":58}},"s":{"0":5},"f":{"0":5},"b":{"0":[5,1,1]},"_coverageSchema":"1a1c01bbd47fc00a2c39e90264f33305004495a9","hash":"bb8c3062e7f9d8c4c4bdaf6904f8bfdc63d7eb8a"}
,"/Users/miladarbabi/Codes/projects/SynchroFlow/modules/specter/src/ui/hooks/useSpecterFt1Scenario.ts": {"path":"/Users/miladarbabi/Codes/projects/SynchroFlow/modules/specter/src/ui/hooks/useSpecterFt1Scenario.ts","statementMap":{"0":{"start":{"line":12,"column":45},"end":{"line":12,"column":50}},"1":{"start":{"line":14,"column":2},"end":{"line":16,"column":3}},"2":{"start":{"line":15,"column":4},"end":{"line":15,"column":21}},"3":{"start":{"line":18,"column":2},"end":{"line":20,"column":3}},"4":{"start":{"line":19,"column":4},"end":{"line":19,"column":25}},"5":{"start":{"line":22,"column":2},"end":{"line":24,"column":3}},"6":{"start":{"line":23,"column":4},"end":{"line":23,"column":24}},"7":{"start":{"line":26,"column":2},"end":{"line":26,"column":19}}},"fnMap":{"0":{"name":"useSpecterFt1Scenario","decl":{"start":{"line":9,"column":16},"end":{"line":9,"column":37}},"loc":{"start":{"line":11,"column":22},"end":{"line":27,"column":1}},"line":11}},"branchMap":{"0":{"loc":{"start":{"line":14,"column":2},"end":{"line":16,"column":3}},"type":"if","locations":[{"start":{"line":14,"column":2},"end":{"line":16,"column":3}},{"start":{},"end":{}}],"line":14},"1":{"loc":{"start":{"line":18,"column":2},"end":{"line":20,"column":3}},"type":"if","locations":[{"start":{"line":18,"column":2},"end":{"line":20,"column":3}},{"start":{},"end":{}}],"line":18},"2":{"loc":{"start":{"line":22,"column":2},"end":{"line":24,"column":3}},"type":"if","locations":[{"start":{"line":22,"column":2},"end":{"line":24,"column":3}},{"start":{},"end":{}}],"line":22}},"s":{"0":9,"1":9,"2":2,"3":7,"4":3,"5":4,"6":2,"7":2},"f":{"0":9},"b":{"0":[2,7],"1":[3,4],"2":[2,2]},"_coverageSchema":"1a1c01bbd47fc00a2c39e90264f33305004495a9","hash":"cda854a9e879ae4ce63480bc975b9dfcfc286e9b"}
,"/Users/miladarbabi/Codes/projects/SynchroFlow/modules/specter/src/ui/pages/SpecterModule.tsx": {"path":"/Users/miladarbabi/Codes/projects/SynchroFlow/modules/specter/src/ui/pages/SpecterModule.tsx","statementMap":{"0":{"start":{"line":23,"column":19},"end":{"line":26,"column":4}},"1":{"start":{"line":28,"column":30},"end":{"line":33,"column":3}},"2":{"start":{"line":29,"column":4},"end":{"line":32,"column":7}},"3":{"start":{"line":35,"column":2},"end":{"line":83,"column":3}},"4":{"start":{"line":37,"column":6},"end":{"line":43,"column":8}},"5":{"start":{"line":46,"column":6},"end":{"line":58,"column":8}},"6":{"start":{"line":54,"column":22},"end":{"line":54,"column":56}},"7":{"start":{"line":61,"column":6},"end":{"line":73,"column":8}},"8":{"start":{"line":69,"column":22},"end":{"line":69,"column":58}},"9":{"start":{"line":76,"column":6},"end":{"line":82,"column":8}}},"fnMap":{"0":{"name":"SpecterModule","decl":{"start":{"line":22,"column":24},"end":{"line":22,"column":37}},"loc":{"start":{"line":22,"column":65},"end":{"line":84,"column":1}},"line":22},"1":{"name":"(anonymous_1)","decl":{"start":{"line":28,"column":30},"end":{"line":28,"column":31}},"loc":{"start":{"line":28,"column":51},"end":{"line":33,"column":3}},"line":28},"2":{"name":"(anonymous_2)","decl":{"start":{"line":54,"column":16},"end":{"line":54,"column":17}},"loc":{"start":{"line":54,"column":22},"end":{"line":54,"column":56}},"line":54},"3":{"name":"(anonymous_3)","decl":{"start":{"line":69,"column":16},"end":{"line":69,"column":17}},"loc":{"start":{"line":69,"column":22},"end":{"line":69,"column":58}},"line":69}},"branchMap":{"0":{"loc":{"start":{"line":35,"column":2},"end":{"line":83,"column":3}},"type":"switch","locations":[{"start":{"line":36,"column":4},"end":{"line":43,"column":8}},{"start":{"line":45,"column":4},"end":{"line":58,"column":8}},{"start":{"line":60,"column":4},"end":{"line":73,"column":8}},{"start":{"line":75,"column":4},"end":{"line":82,"column":8}}],"line":35},"1":{"loc":{"start":{"line":51,"column":20},"end":{"line":51,"column":76}},"type":"cond-expr","locations":[{"start":{"line":51,"column":37},"end":{"line":51,"column":64}},{"start":{"line":51,"column":67},"end":{"line":51,"column":76}}],"line":51},"2":{"loc":{"start":{"line":53,"column":12},"end":{"line":55,"column":25}},"type":"cond-expr","locations":[{"start":{"line":54,"column":16},"end":{"line":54,"column":56}},{"start":{"line":55,"column":16},"end":{"line":55,"column":25}}],"line":53},"3":{"loc":{"start":{"line":66,"column":20},"end":{"line":66,"column":65}},"type":"cond-expr","locations":[{"start":{"line":66,"column":37},"end":{"line":66,"column":53}},{"start":{"line":66,"column":56},"end":{"line":66,"column":65}}],"line":66},"4":{"loc":{"start":{"line":68,"column":12},"end":{"line":70,"column":25}},"type":"cond-expr","locations":[{"start":{"line":69,"column":16},"end":{"line":69,"column":58}},{"start":{"line":70,"column":16},"end":{"line":70,"column":25}}],"line":68}},"s":{"0":5,"1":5,"2":1,"3":5,"4":1,"5":2,"6":1,"7":1,"8":0,"9":1},"f":{"0":5,"1":1,"2":1,"3":0},"b":{"0":[1,2,1,1],"1":[1,1],"2":[1,1],"3":[0,1],"4":[0,1]},"_coverageSchema":"1a1c01bbd47fc00a2c39e90264f33305004495a9","hash":"1b7892aaeae68316decf70596c9cf501da564c3c"}
,"/Users/miladarbabi/Codes/projects/SynchroFlow/modules/specter/src/ui/pages/SpecterModuleFT2.tsx": {"path":"/Users/miladarbabi/Codes/projects/SynchroFlow/modules/specter/src/ui/pages/SpecterModuleFT2.tsx","statementMap":{"0":{"start":{"line":4,"column":2},"end":{"line":8,"column":4}}},"fnMap":{"0":{"name":"SpecterModuleFT2","decl":{"start":{"line":3,"column":24},"end":{"line":3,"column":40}},"loc":{"start":{"line":3,"column":43},"end":{"line":9,"column":1}},"line":3}},"branchMap":{},"s":{"0":0},"f":{"0":0},"b":{},"_coverageSchema":"1a1c01bbd47fc00a2c39e90264f33305004495a9","hash":"6399df22645835b24d933a1a12bbf47461c93785"}
,"/Users/miladarbabi/Codes/projects/SynchroFlow/tests/unit/ui/helpers/assertAhaPanelIntent.ts": {"path":"/Users/miladarbabi/Codes/projects/SynchroFlow/tests/unit/ui/helpers/assertAhaPanelIntent.ts","statementMap":{"0":{"start":{"line":28,"column":19},"end":{"line":28,"column":28}},"1":{"start":{"line":30,"column":2},"end":{"line":35,"column":4}},"2":{"start":{"line":37,"column":17},"end":{"line":39,"column":4}},"3":{"start":{"line":41,"column":2},"end":{"line":41,"column":37}},"4":{"start":{"line":43,"column":2},"end":{"line":43,"column":26}},"5":{"start":{"line":45,"column":2},"end":{"line":45,"column":44}},"6":{"start":{"line":46,"column":2},"end":{"line":46,"column":56}}},"fnMap":{"0":{"name":"assertAhaPanelIntent","decl":{"start":{"line":23,"column":16},"end":{"line":23,"column":36}},"loc":{"start":{"line":27,"column":29},"end":{"line":47,"column":1}},"line":27}},"branchMap":{"0":{"loc":{"start":{"line":32,"column":4},"end":{"line":34,"column":51}},"type":"cond-expr","locations":[{"start":{"line":33,"column":8},"end":{"line":33,"column":10}},{"start":{"line":34,"column":8},"end":{"line":34,"column":51}}],"line":32}},"s":{"0":1,"1":1,"2":0,"3":0,"4":0,"5":0,"6":0},"f":{"0":1},"b":{"0":[0,1]},"_coverageSchema":"1a1c01bbd47fc00a2c39e90264f33305004495a9","hash":"f192bdfc9bb8a699ee5186521bbdb0751b932558"}
}
