TN:
SF:apps/frontend/src/config.ts
FNF:0
FNH:0
DA:2,1
DA:3,1
DA:4,1
DA:35,1
DA:36,1
DA:53,1
DA:68,1
DA:69,1
LF:8
LH:8
BRF:0
BRH:0
end_of_record
TN:
SF:apps/frontend/src/test-utils.tsx
FN:21,(anonymous_0)
FN:44,(anonymous_1)
FN:63,(anonymous_2)
FN:85,(anonymous_3)
FN:89,(anonymous_4)
FN:111,(anonymous_5)
FN:113,(anonymous_6)
FN:123,(anonymous_7)
FN:125,(anonymous_8)
FNF:9
FNH:2
FNDA:0,(anonymous_0)
FNDA:0,(anonymous_1)
FNDA:0,(anonymous_2)
FNDA:0,(anonymous_3)
FNDA:0,(anonymous_4)
FNDA:4,(anonymous_5)
FNDA:4,(anonymous_6)
FNDA:0,(anonymous_7)
FNDA:0,(anonymous_8)
DA:12,1
DA:13,1
DA:21,1
DA:27,1
DA:44,1
DA:63,1
DA:85,1
DA:89,0
DA:90,0
DA:92,0
DA:107,0
DA:111,1
DA:113,4
DA:114,4
DA:119,4
DA:123,1
DA:125,0
LF:17
LH:12
BRDA:44,0,0,0
BRDA:63,1,0,0
BRDA:87,2,0,0
BRF:3
BRH:0
end_of_record
TN:
SF:apps/frontend/src/components/SyncProgressBanner.tsx
FN:12,(anonymous_0)
FNF:1
FNH:1
FNDA:4,(anonymous_0)
DA:12,1
DA:18,4
DA:21,4
DA:32,4
DA:36,4
DA:37,4
DA:46,4
DA:47,2
DA:50,2
DA:54,2
LF:10
LH:10
BRDA:32,0,0,4
BRDA:32,0,1,3
BRDA:32,0,2,2
BRDA:36,1,0,4
BRDA:36,1,1,0
BRDA:46,2,0,2
BRDA:46,2,1,2
BRDA:50,3,0,2
BRDA:50,3,1,0
BRDA:69,4,0,1
BRDA:69,4,1,1
BRDA:69,5,0,2
BRDA:69,5,1,1
BRDA:70,6,0,2
BRDA:70,6,1,1
BRDA:74,7,0,2
BRDA:74,7,1,0
BRDA:76,8,0,2
BRDA:76,8,1,1
BRF:19
BRH:16
end_of_record
TN:
SF:apps/frontend/src/contexts/ConfigContext.tsx
FN:29,(anonymous_0)
FN:33,(anonymous_1)
FN:67,ConfigProvider
FNF:3
FNH:0
FNDA:0,(anonymous_0)
FNDA:0,(anonymous_1)
FNDA:0,ConfigProvider
DA:27,1
DA:33,1
DA:34,0
DA:36,0
DA:38,0
DA:40,0
DA:42,0
DA:44,0
DA:46,0
DA:48,0
DA:50,0
DA:52,0
DA:54,0
DA:56,0
DA:58,0
DA:68,0
DA:70,0
LF:17
LH:2
BRDA:34,0,0,0
BRDA:34,0,1,0
BRDA:34,0,2,0
BRDA:34,0,3,0
BRDA:34,0,4,0
BRDA:34,0,5,0
BRDA:34,0,6,0
BRDA:34,0,7,0
BRDA:34,0,8,0
BRDA:34,0,9,0
BRDA:34,0,10,0
BRDA:34,0,11,0
BRF:12
BRH:0
end_of_record
TN:
SF:apps/frontend/src/hooks/useConfig.ts
FN:5,(anonymous_0)
FNF:1
FNH:1
FNDA:4,(anonymous_0)
DA:5,4
LF:1
LH:1
BRF:0
BRH:0
end_of_record
TN:
SF:apps/frontend/src/themes/custom-shadows.jsx
FN:7,createCustomShadow
FN:9,(anonymous_1)
FN:28,CustomShadows
FNF:3
FNH:3
FNDA:8,createCustomShadow
FNDA:48,(anonymous_1)
FNDA:8,CustomShadows
DA:8,8
DA:9,48
DA:11,8
DA:29,8
DA:30,8
LF:5
LH:5
BRDA:29,0,0,4
BRDA:29,0,1,4
BRF:2
BRH:2
end_of_record
TN:
SF:apps/frontend/src/themes/index.tsx
FN:22,ThemeCustomization
FN:27,(anonymous_1)
FN:31,(anonymous_2)
FN:32,(anonymous_3)
FN:33,(anonymous_4)
FN:36,(anonymous_5)
FN:67,(anonymous_6)
FNF:7
FNH:7
FNDA:4,ThemeCustomization
FNDA:4,(anonymous_1)
FNDA:4,(anonymous_2)
FNDA:4,(anonymous_3)
FNDA:4,(anonymous_4)
FNDA:4,(anonymous_5)
FNDA:4,(anonymous_6)
DA:25,4
DA:27,4
DA:28,4
DA:29,4
DA:31,4
DA:32,4
DA:33,4
DA:35,4
DA:36,4
DA:66,4
DA:67,4
DA:69,4
LF:12
LH:12
BRF:0
BRH:0
end_of_record
TN:
SF:apps/frontend/src/themes/palette.ts
FN:19,buildPalette
FNF:1
FNH:1
FNDA:4,buildPalette
DA:21,4
DA:24,4
DA:74,4
DA:123,4
LF:4
LH:4
BRF:0
BRH:0
end_of_record
TN:
SF:apps/frontend/src/themes/presetColors.ts
FN:146,(anonymous_0)
FN:147,(anonymous_1)
FNF:2
FNH:2
FNDA:4,(anonymous_0)
FNDA:4,(anonymous_1)
DA:35,1
DA:46,1
DA:57,1
DA:68,1
DA:79,1
DA:90,1
DA:101,1
DA:113,1
DA:134,1
DA:146,1
DA:147,4
DA:148,4
LF:12
LH:12
BRDA:148,0,0,4
BRDA:148,0,1,0
BRF:2
BRH:1
end_of_record
TN:
SF:apps/frontend/src/themes/typography.tsx
FN:6,Typography
FNF:1
FNH:1
FNDA:4,Typography
DA:7,4
LF:1
LH:1
BRF:0
BRH:0
end_of_record
TN:
SF:apps/frontend/src/themes/overrides/Alert.ts
FN:21,Alert
FN:23,(anonymous_1)
FN:33,(anonymous_2)
FN:45,(anonymous_3)
FN:57,(anonymous_4)
FN:80,(anonymous_5)
FNF:6
FNH:1
FNDA:4,Alert
FNDA:0,(anonymous_1)
FNDA:0,(anonymous_2)
FNDA:0,(anonymous_3)
FNDA:0,(anonymous_4)
FNDA:0,(anonymous_5)
DA:23,4
DA:24,0
DA:25,0
DA:26,0
DA:27,0
DA:29,0
DA:33,4
DA:34,0
DA:35,0
DA:36,0
DA:45,4
DA:46,0
DA:47,0
DA:48,0
DA:57,4
DA:58,0
DA:59,0
DA:60,0
DA:70,4
DA:80,0
LF:20
LH:5
BRDA:24,0,0,0
BRDA:24,0,1,0
BRDA:24,0,2,0
BRDA:24,0,3,0
BRDA:24,0,4,0
BRDA:35,1,0,0
BRDA:35,1,1,0
BRDA:37,2,0,0
BRDA:37,2,1,0
BRDA:38,3,0,0
BRDA:38,3,1,0
BRDA:40,4,0,0
BRDA:40,4,1,0
BRDA:47,5,0,0
BRDA:47,5,1,0
BRDA:49,6,0,0
BRDA:49,6,1,0
BRDA:50,7,0,0
BRDA:50,7,1,0
BRDA:52,8,0,0
BRDA:52,8,1,0
BRDA:59,9,0,0
BRDA:59,9,1,0
BRDA:61,10,0,0
BRDA:61,10,1,0
BRDA:62,11,0,0
BRDA:62,11,1,0
BRDA:64,12,0,0
BRDA:64,12,1,0
BRDA:83,13,0,0
BRDA:83,13,1,0
BRDA:84,14,0,0
BRDA:84,14,1,0
BRDA:85,15,0,0
BRDA:85,15,1,0
BRF:35
BRH:0
end_of_record
TN:
SF:apps/frontend/src/themes/overrides/Autocomplete.tsx
FN:15,Autocomplete
FNF:1
FNH:1
FNDA:4,Autocomplete
DA:16,4
LF:1
LH:1
BRDA:24,0,0,0
BRDA:24,0,1,4
BRDA:25,1,0,0
BRDA:25,1,1,0
BRDA:31,2,0,0
BRDA:31,2,1,4
BRDA:32,3,0,0
BRDA:32,3,1,0
BRDA:33,4,0,4
BRDA:33,4,1,0
BRDA:37,5,0,0
BRDA:37,5,1,4
BRDA:38,6,0,0
BRDA:38,6,1,0
BRDA:39,7,0,4
BRDA:39,7,1,0
BRDA:41,8,0,0
BRDA:41,8,1,4
BRF:18
BRH:6
end_of_record
TN:
SF:apps/frontend/src/themes/overrides/Avatar.tsx
FN:12,Avatar
FNF:1
FNH:1
FNDA:4,Avatar
DA:13,4
LF:1
LH:1
BRDA:18,0,0,4
BRDA:18,0,1,0
BRDA:19,1,0,4
BRDA:19,1,1,0
BRDA:22,2,0,4
BRDA:22,2,1,0
BRDA:23,3,0,0
BRDA:23,3,1,0
BRDA:24,4,0,0
BRDA:24,4,1,0
BRF:10
BRH:3
end_of_record
TN:
SF:apps/frontend/src/themes/overrides/Button.tsx
FN:21,SliderOverrides
FNF:1
FNH:1
FNDA:4,SliderOverrides
DA:24,4
DA:45,4
LF:2
LH:2
BRDA:27,0,0,0
BRDA:27,0,1,4
BRDA:28,1,0,0
BRDA:28,1,1,0
BRDA:29,2,0,4
BRDA:29,2,1,0
BRDA:37,3,0,0
BRDA:37,3,1,4
BRF:8
BRH:3
end_of_record
TN:
SF:apps/frontend/src/themes/overrides/CardActions.ts
FN:11,CardActions
FNF:1
FNH:0
FNDA:0,CardActions
DA:12,0
LF:1
LH:0
BRF:0
BRH:0
end_of_record
TN:
SF:apps/frontend/src/themes/overrides/CardContent.ts
FN:12,CardContent
FNF:1
FNH:1
FNDA:4,CardContent
DA:13,4
LF:1
LH:1
BRF:0
BRH:0
end_of_record
TN:
SF:apps/frontend/src/themes/overrides/CardHeader.ts
FN:10,CardHeader
FNF:1
FNH:1
FNDA:4,CardHeader
DA:11,4
LF:1
LH:1
BRF:0
BRH:0
end_of_record
TN:
SF:apps/frontend/src/themes/overrides/Checkbox.ts
FN:11,Checkbox
FNF:1
FNH:1
FNDA:4,Checkbox
DA:12,4
LF:1
LH:1
BRF:0
BRH:0
end_of_record
TN:
SF:apps/frontend/src/themes/overrides/Chip.tsx
FN:17,Chip
FN:19,(anonymous_1)
FN:24,(anonymous_2)
FNF:3
FNH:1
FNDA:4,Chip
FNDA:0,(anonymous_1)
FNDA:0,(anonymous_2)
DA:19,4
DA:20,0
DA:21,0
DA:24,4
DA:25,0
DA:26,0
DA:27,0
DA:28,0
DA:29,0
DA:39,0
DA:40,0
DA:50,0
DA:53,4
LF:13
LH:3
BRDA:20,0,0,0
BRDA:20,0,1,0
BRDA:20,1,0,0
BRDA:20,1,1,0
BRDA:26,2,0,0
BRDA:26,2,1,0
BRDA:28,3,0,0
BRDA:28,3,1,0
BRDA:30,4,0,0
BRDA:30,4,1,0
BRDA:31,5,0,0
BRDA:31,5,1,0
BRDA:31,6,0,0
BRDA:31,6,1,0
BRDA:32,7,0,0
BRDA:32,7,1,0
BRDA:32,8,0,0
BRDA:32,8,1,0
BRDA:33,9,0,0
BRDA:33,9,1,0
BRDA:35,10,0,0
BRDA:35,10,1,0
BRDA:36,11,0,0
BRDA:36,11,1,0
BRDA:39,12,0,0
BRDA:39,12,1,0
BRDA:42,13,0,0
BRDA:42,13,1,0
BRDA:43,14,0,0
BRDA:43,14,1,0
BRDA:45,15,0,0
BRDA:45,15,1,0
BRDA:46,16,0,0
BRDA:46,16,1,0
BRF:34
BRH:0
end_of_record
TN:
SF:apps/frontend/src/themes/overrides/DataGrid.tsx
FN:15,DataGrid
FNF:1
FNH:1
FNDA:4,DataGrid
DA:18,4
LF:1
LH:1
BRDA:42,0,0,4
BRDA:42,0,1,0
BRDA:48,1,0,0
BRDA:48,1,1,4
BRDA:60,2,0,4
BRDA:60,2,1,0
BRDA:84,3,0,0
BRDA:84,3,1,4
BRDA:92,4,0,0
BRDA:92,4,1,4
BRDA:96,5,0,0
BRDA:96,5,1,4
BRDA:99,6,0,0
BRDA:99,6,1,4
BRDA:102,7,0,0
BRDA:102,7,1,4
BRDA:106,8,0,0
BRDA:106,8,1,4
BRF:18
BRH:9
end_of_record
TN:
SF:apps/frontend/src/themes/overrides/DatePicker.tsx
FN:18,DatePicker
FN:24,(anonymous_1)
FNF:2
FNH:1
FNDA:4,DatePicker
FNDA:0,(anonymous_1)
DA:19,4
DA:24,0
LF:2
LH:1
BRF:0
BRH:0
end_of_record
TN:
SF:apps/frontend/src/themes/overrides/DateTimePickerToolbar.tsx
FN:3,DateTimePickerToolbar
FNF:1
FNH:1
FNDA:4,DateTimePickerToolbar
DA:4,4
LF:1
LH:1
BRF:0
BRH:0
end_of_record
TN:
SF:apps/frontend/src/themes/overrides/Dialog.ts
FN:10,Dialog
FNF:1
FNH:1
FNDA:4,Dialog
DA:11,4
LF:1
LH:1
BRF:0
BRH:0
end_of_record
TN:
SF:apps/frontend/src/themes/overrides/DialogTitle.ts
FN:10,DialogTitle
FNF:1
FNH:1
FNDA:4,DialogTitle
DA:11,4
LF:1
LH:1
BRF:0
BRH:0
end_of_record
TN:
SF:apps/frontend/src/themes/overrides/Divider.ts
FN:10,Divider
FNF:1
FNH:1
FNDA:4,Divider
DA:11,4
LF:1
LH:1
BRF:0
BRH:0
end_of_record
TN:
SF:apps/frontend/src/themes/overrides/InputBase.ts
FN:10,InputBase
FNF:1
FNH:1
FNDA:4,InputBase
DA:11,4
LF:1
LH:1
BRF:0
BRH:0
end_of_record
TN:
SF:apps/frontend/src/themes/overrides/InternalDateTimePickerTabs.ts
FN:18,InternalDateTimePickerTabs
FNF:1
FNH:1
FNDA:4,InternalDateTimePickerTabs
DA:19,4
LF:1
LH:1
BRDA:25,0,0,0
BRDA:25,0,1,4
BRDA:26,1,0,0
BRDA:26,1,1,0
BRDA:30,2,0,0
BRDA:30,2,1,4
BRDA:31,3,0,0
BRDA:31,3,1,0
BRDA:32,4,0,4
BRDA:32,4,1,0
BRDA:35,5,0,0
BRDA:35,5,1,4
BRDA:37,6,0,4
BRDA:37,6,1,0
BRF:14
BRH:5
end_of_record
TN:
SF:apps/frontend/src/themes/overrides/ListItemButton.ts
FN:11,ListItemButton
FNF:1
FNH:1
FNDA:4,ListItemButton
DA:12,4
DA:14,4
LF:2
LH:2
BRDA:22,0,0,0
BRDA:22,0,1,4
BRDA:23,1,0,0
BRDA:23,1,1,4
BRDA:27,2,0,0
BRDA:27,2,1,4
BRDA:33,3,0,0
BRDA:33,3,1,4
BRDA:41,4,0,0
BRDA:41,4,1,4
BRDA:42,5,0,0
BRDA:42,5,1,4
BRDA:46,6,0,0
BRDA:46,6,1,4
BRF:14
BRH:7
end_of_record
TN:
SF:apps/frontend/src/themes/overrides/ListItemIcon.ts
FN:10,ListItemIcon
FNF:1
FNH:1
FNDA:4,ListItemIcon
DA:11,4
LF:1
LH:1
BRF:0
BRH:0
end_of_record
TN:
SF:apps/frontend/src/themes/overrides/ListItemText.ts
FN:10,ListItemText
FNF:1
FNH:1
FNDA:4,ListItemText
DA:11,4
LF:1
LH:1
BRF:0
BRH:0
end_of_record
TN:
SF:apps/frontend/src/themes/overrides/OutlinedInput.ts
FN:13,OutlinedInput
FNF:1
FNH:1
FNDA:4,OutlinedInput
DA:14,4
DA:17,4
DA:18,4
DA:20,4
LF:4
LH:4
BRDA:17,0,0,4
BRDA:17,0,1,0
BRDA:17,1,0,4
BRDA:17,1,1,0
BRDA:18,2,0,4
BRDA:18,2,1,0
BRDA:18,3,0,4
BRDA:18,3,1,0
BRDA:23,4,0,0
BRDA:23,4,1,4
BRDA:39,5,0,0
BRDA:39,5,1,4
BRDA:52,6,0,0
BRDA:52,6,1,4
BRDA:82,7,0,0
BRDA:82,7,1,4
BRDA:83,8,0,0
BRDA:83,8,1,0
BRDA:84,9,0,4
BRDA:84,9,1,0
BRF:20
BRH:9
end_of_record
TN:
SF:apps/frontend/src/themes/overrides/PaginationItem.ts
FN:7,PaginationItem
FNF:1
FNH:1
FNDA:4,PaginationItem
DA:8,4
LF:1
LH:1
BRF:0
BRH:0
end_of_record
TN:
SF:apps/frontend/src/themes/overrides/Paper.ts
FN:7,Paper
FNF:1
FNH:1
FNDA:4,Paper
DA:8,4
LF:1
LH:1
BRF:0
BRH:0
end_of_record
TN:
SF:apps/frontend/src/themes/overrides/PickersTextField.ts
FN:11,PickersTextField
FNF:1
FNH:1
FNDA:4,PickersTextField
DA:12,4
DA:13,4
DA:14,4
DA:16,4
LF:4
LH:4
BRDA:13,0,0,4
BRDA:13,0,1,0
BRDA:13,1,0,4
BRDA:13,1,1,0
BRDA:14,2,0,4
BRDA:14,2,1,0
BRDA:14,3,0,4
BRDA:14,3,1,0
BRDA:21,4,0,0
BRDA:21,4,1,4
BRF:10
BRH:5
end_of_record
TN:
SF:apps/frontend/src/themes/overrides/Select.ts
FN:12,Select
FNF:1
FNH:1
FNDA:4,Select
DA:13,4
LF:1
LH:1
BRF:0
BRH:0
end_of_record
TN:
SF:apps/frontend/src/themes/overrides/TableCell.ts
FN:9,TableCell
FNF:1
FNH:1
FNDA:4,TableCell
DA:10,4
DA:12,4
LF:2
LH:2
BRDA:15,0,0,0
BRDA:15,0,1,4
BRDA:16,1,0,0
BRDA:16,1,1,0
BRDA:17,2,0,4
BRDA:17,2,1,0
BRDA:21,3,0,0
BRDA:21,3,1,4
BRDA:22,4,0,0
BRDA:22,4,1,0
BRDA:23,5,0,4
BRDA:23,5,1,0
BRF:12
BRH:4
end_of_record
TN:
SF:apps/frontend/src/themes/overrides/Tabs.ts
FN:8,Tabs
FNF:1
FNH:1
FNDA:4,Tabs
DA:9,4
DA:11,4
LF:2
LH:2
BRDA:15,0,0,0
BRDA:15,0,1,4
BRDA:16,1,0,0
BRDA:16,1,1,0
BRDA:17,2,0,4
BRDA:17,2,1,0
BRF:6
BRH:2
end_of_record
TN:
SF:apps/frontend/src/themes/overrides/TimelineContent.ts
FN:13,TimelineContent
FNF:1
FNH:1
FNDA:4,TimelineContent
DA:14,4
LF:1
LH:1
BRF:0
BRH:0
end_of_record
TN:
SF:apps/frontend/src/themes/overrides/TimelineDot.ts
FN:13,TimelineDot
FNF:1
FNH:1
FNDA:4,TimelineDot
DA:14,4
LF:1
LH:1
BRF:0
BRH:0
end_of_record
TN:
SF:apps/frontend/src/themes/overrides/Tooltip.ts
FN:10,Tooltip
FNF:1
FNH:1
FNDA:4,Tooltip
DA:11,4
LF:1
LH:1
BRF:0
BRH:0
end_of_record
TN:
SF:apps/frontend/src/themes/overrides/TreeItem.ts
FN:11,TreeItem
FNF:1
FNH:1
FNDA:4,TreeItem
DA:12,4
LF:1
LH:1
BRF:0
BRH:0
end_of_record
TN:
SF:apps/frontend/src/themes/overrides/Typography.ts
FN:12,Typography
FNF:1
FNH:1
FNDA:4,Typography
DA:14,4
DA:15,4
DA:18,4
DA:32,4
LF:4
LH:4
BRF:0
BRH:0
end_of_record
TN:
SF:apps/frontend/src/themes/overrides/index.ts
FN:43,ComponentsOverrides
FNF:1
FNH:1
FNDA:4,ComponentsOverrides
DA:46,4
LF:1
LH:1
BRF:0
BRH:0
end_of_record
TN:
SF:apps/frontend/src/utils/colorUtils.js
FN:11,hexToRgbChannel
FN:17,(anonymous_1)
FN:23,(anonymous_2)
FN:38,extendPaletteWithChannels
FN:41,(anonymous_4)
FN:52,withAlpha
FNF:6
FNH:1
FNDA:0,hexToRgbChannel
FNDA:0,(anonymous_1)
FNDA:0,(anonymous_2)
FNDA:0,extendPaletteWithChannels
FNDA:0,(anonymous_4)
FNDA:104,withAlpha
DA:12,0
DA:14,0
DA:15,0
DA:17,0
DA:20,0
DA:21,0
DA:23,0
DA:27,0
DA:28,0
DA:31,0
DA:32,0
DA:33,0
DA:35,0
DA:39,0
DA:41,0
DA:42,0
DA:43,0
DA:44,0
DA:45,0
DA:49,0
DA:54,104
DA:55,104
DA:59,0
DA:61,0
DA:65,0
LF:25
LH:2
BRDA:14,0,0,0
BRDA:14,0,1,0
BRDA:20,1,0,0
BRDA:20,1,1,0
BRDA:27,2,0,0
BRDA:27,2,1,0
BRDA:27,3,0,0
BRDA:27,3,1,0
BRDA:42,4,0,0
BRDA:42,4,1,0
BRDA:42,5,0,0
BRDA:42,5,1,0
BRDA:44,6,0,0
BRDA:44,6,1,0
BRDA:44,7,0,0
BRDA:44,7,1,0
BRDA:54,8,0,104
BRDA:54,8,1,0
BRDA:59,9,0,0
BRDA:59,9,1,0
BRF:20
BRH:1
end_of_record
