TN:
SF:jest.file-mock.js
FNF:0
FNH:0
DA:2,1
LF:1
LH:1
BRF:0
BRH:0
end_of_record
TN:
SF:apps/frontend/src/config.ts
FNF:0
FNH:0
DA:2,31
DA:3,31
DA:4,31
DA:35,31
DA:36,31
DA:53,31
DA:68,31
DA:69,31
LF:8
LH:8
BRF:0
BRH:0
end_of_record
TN:
SF:apps/frontend/src/routes.tsx
FN:43,isRouteEnabled
FN:74,filterRoutesByEntitlements
FN:78,(anonymous_2)
FNF:3
FNH:1
FNDA:1,isRouteEnabled
FNDA:0,filterRoutesByEntitlements
FNDA:0,(anonymous_2)
DA:17,1
DA:48,1
DA:49,1
DA:53,0
DA:54,0
DA:57,0
DA:59,0
DA:60,0
DA:63,0
DA:64,0
DA:67,0
DA:78,0
LF:12
LH:3
BRDA:48,0,0,1
BRDA:48,0,1,0
BRDA:48,1,0,1
BRDA:48,1,1,1
BRDA:53,2,0,0
BRDA:53,2,1,0
BRDA:59,3,0,0
BRDA:59,3,1,0
BRDA:59,4,0,0
BRDA:59,4,1,0
BRDA:63,5,0,0
BRDA:63,5,1,0
BRDA:63,6,0,0
BRDA:63,6,1,0
BRF:14
BRH:3
end_of_record
TN:
SF:apps/frontend/src/test-utils.tsx
FN:22,(anonymous_0)
FN:45,(anonymous_1)
FN:64,(anonymous_2)
FN:86,(anonymous_3)
FN:90,(anonymous_4)
FN:112,(anonymous_5)
FN:114,(anonymous_6)
FN:124,(anonymous_7)
FN:126,(anonymous_8)
FNF:9
FNH:5
FNDA:21,(anonymous_0)
FNDA:0,(anonymous_1)
FNDA:0,(anonymous_2)
FNDA:14,(anonymous_3)
FNDA:21,(anonymous_4)
FNDA:94,(anonymous_5)
FNDA:102,(anonymous_6)
FNDA:0,(anonymous_7)
FNDA:0,(anonymous_8)
DA:22,28
DA:28,28
DA:45,28
DA:64,28
DA:86,28
DA:90,14
DA:91,21
DA:93,21
DA:108,14
DA:112,28
DA:114,94
DA:115,102
DA:120,94
DA:124,28
DA:126,0
LF:15
LH:14
BRDA:45,0,0,0
BRDA:64,1,0,0
BRDA:88,2,0,13
BRF:3
BRH:1
end_of_record
TN:
SF:apps/frontend/src/activation/ActivationSurfaceAdapter.tsx
FN:10,ActivationSurfaceAdapter
FN:17,(anonymous_1)
FNF:2
FNH:1
FNDA:1,ActivationSurfaceAdapter
FNDA:0,(anonymous_1)
DA:11,1
DA:17,0
LF:2
LH:1
BRF:0
BRH:0
end_of_record
TN:
SF:apps/frontend/src/activation/ActivationSurfacePage.tsx
FN:95,ActivationSurfacePage
FN:360,(anonymous_1)
FNF:2
FNH:2
FNDA:1,ActivationSurfacePage
FNDA:2,(anonymous_1)
DA:60,1
DA:99,1
DA:109,1
DA:120,1
DA:124,1
DA:125,1
DA:136,1
DA:154,1
DA:361,2
LF:9
LH:9
BRDA:120,0,0,1
BRDA:120,0,1,0
BRDA:124,1,0,1
BRDA:124,1,1,0
BRDA:171,2,0,1
BRDA:171,2,1,1
BRDA:238,3,0,1
BRDA:238,3,1,0
BRDA:268,4,0,1
BRDA:268,4,1,1
BRDA:315,5,0,1
BRDA:315,5,1,1
BRDA:378,6,0,1
BRDA:378,6,1,1
BRF:14
BRH:11
end_of_record
TN:
SF:apps/frontend/src/activation/SyncSurfacePage.tsx
FN:35,SyncSurfacePage
FNF:1
FNH:1
FNDA:1,SyncSurfacePage
DA:40,1
LF:1
LH:1
BRF:0
BRH:0
end_of_record
TN:
SF:apps/frontend/src/activation/ft1ChecklistFocus.ts
FN:14,setFt1ChecklistFocus
FN:18,clearFt1ChecklistFocus
FN:25,consumeFt1ChecklistFocus
FNF:3
FNH:3
FNDA:3,setFt1ChecklistFocus
FNDA:1,clearFt1ChecklistFocus
FNDA:1,consumeFt1ChecklistFocus
DA:8,14
DA:15,3
DA:19,1
DA:26,1
DA:27,1
DA:28,1
LF:6
LH:6
BRF:0
BRH:0
end_of_record
TN:
SF:apps/frontend/src/activation/openFt1Checklist.ts
FN:10,openFt1Checklist
FNF:1
FNH:1
FNDA:1,openFt1Checklist
DA:11,1
DA:16,1
LF:2
LH:2
BRF:0
BRH:0
end_of_record
TN:
SF:apps/frontend/src/activation/resolveActivationConfig.ts
FN:35,resolveActivationConfig
FNF:1
FNH:1
FNDA:1,resolveActivationConfig
DA:18,1
DA:38,1
DA:39,0
DA:42,1
LF:4
LH:3
BRDA:38,0,0,0
BRDA:38,0,1,1
BRDA:42,1,0,1
BRDA:42,1,1,0
BRF:4
BRH:2
end_of_record
TN:
SF:apps/frontend/src/activation/useActivationSurface.ts
FN:23,useActivationSurface
FN:32,(anonymous_1)
FN:40,(anonymous_2)
FN:64,markFT0ModalSeen
FNF:4
FNH:4
FNDA:11,useActivationSurface
FNDA:6,(anonymous_1)
FNDA:11,(anonymous_2)
FNDA:1,markFT0ModalSeen
DA:14,1
DA:30,11
DA:33,6
DA:34,6
DA:40,11
DA:41,11
DA:43,5
DA:56,11
DA:65,1
DA:66,1
LF:10
LH:10
BRDA:24,0,0,9
BRDA:41,1,0,6
BRDA:41,1,1,5
BRDA:49,2,0,5
BRDA:49,2,1,5
BRDA:65,3,0,0
BRDA:65,3,1,1
BRF:7
BRH:6
end_of_record
TN:
SF:apps/frontend/src/activation/configs/analytics.tsx
FNF:0
FNH:0
DA:3,1
LF:1
LH:1
BRF:0
BRH:0
end_of_record
TN:
SF:apps/frontend/src/activation/configs/customers.tsx
FNF:0
FNH:0
DA:3,1
LF:1
LH:1
BRF:0
BRH:0
end_of_record
TN:
SF:apps/frontend/src/activation/configs/dashboard.tsx
FNF:0
FNH:0
DA:5,1
LF:1
LH:1
BRF:0
BRH:0
end_of_record
TN:
SF:apps/frontend/src/activation/configs/finances.tsx
FNF:0
FNH:0
DA:3,1
LF:1
LH:1
BRF:0
BRH:0
end_of_record
TN:
SF:apps/frontend/src/activation/configs/orders.tsx
FNF:0
FNH:0
DA:4,1
LF:1
LH:1
BRF:0
BRH:0
end_of_record
TN:
SF:apps/frontend/src/activation/configs/products.tsx
FNF:0
FNH:0
DA:3,1
LF:1
LH:1
BRF:0
BRH:0
end_of_record
TN:
SF:apps/frontend/src/analytics/useUiEvents.ts
FN:23,useUiEvents
FN:25,(anonymous_1)
FNF:2
FNH:2
FNDA:14,useUiEvents
FNDA:1,(anonymous_1)
DA:24,14
DA:28,1
DA:29,1
LF:3
LH:3
BRDA:28,0,0,1
BRDA:28,0,1,0
BRF:2
BRH:1
end_of_record
TN:
SF:apps/frontend/src/api/axiosConfig.ts
FN:20,isAuthRoute
FN:21,(anonymous_1)
FN:27,(anonymous_2)
FN:43,(anonymous_3)
FN:60,(anonymous_4)
FN:64,(anonymous_5)
FN:77,(anonymous_6)
FNF:7
FNH:6
FNDA:42,isAuthRoute
FNDA:146,(anonymous_1)
FNDA:28,(anonymous_2)
FNDA:0,(anonymous_3)
FNDA:11,(anonymous_4)
FNDA:14,(anonymous_5)
FNDA:6,(anonymous_6)
DA:7,33
DA:13,33
DA:21,146
DA:26,33
DA:29,28
DA:32,28
DA:33,7
DA:34,7
DA:37,21
DA:38,18
DA:41,21
DA:45,0
DA:57,33
DA:59,33
DA:62,11
DA:65,14
DA:66,14
DA:68,14
DA:73,10
DA:75,10
DA:76,10
DA:77,6
DA:78,6
DA:86,6
DA:87,4
DA:89,4
DA:91,4
DA:105,2
DA:106,2
DA:112,6
DA:117,10
DA:118,6
DA:119,6
DA:122,4
DA:126,4
LF:35
LH:34
BRDA:21,0,0,42
BRDA:21,0,1,40
BRDA:32,1,0,7
BRDA:32,1,1,21
BRDA:37,2,0,18
BRDA:37,2,1,3
BRDA:68,3,0,10
BRDA:68,3,1,4
BRDA:69,4,0,14
BRDA:69,4,1,12
BRDA:69,4,2,12
BRDA:76,5,0,6
BRDA:76,5,1,4
BRF:13
BRH:13
end_of_record
TN:
SF:apps/frontend/src/api/lifecycle.ts
FN:5,getLifecycle
FN:10,evaluateFt2
FN:15,confirmFt2
FNF:3
FNH:0
FNDA:0,getLifecycle
FNDA:0,evaluateFt2
FNDA:0,confirmFt2
DA:6,0
DA:7,0
DA:11,0
DA:12,0
DA:16,0
DA:17,0
LF:6
LH:0
BRF:0
BRH:0
end_of_record
TN:
SF:apps/frontend/src/api/specter.ts
FN:28,fetchSpecterConfig
FN:50,upsertSpecterConfig
FN:79,(anonymous_2)
FN:85,(anonymous_3)
FN:94,(anonymous_4)
FN:99,(anonymous_5)
FN:107,(anonymous_6)
FNF:7
FNH:2
FNDA:11,fetchSpecterConfig
FNDA:14,upsertSpecterConfig
FNDA:0,(anonymous_2)
FNDA:0,(anonymous_3)
FNDA:0,(anonymous_4)
FNDA:0,(anonymous_5)
FNDA:0,(anonymous_6)
DA:31,11
DA:37,9
DA:40,9
DA:43,9
DA:47,9
DA:54,14
DA:64,12
DA:67,12
DA:70,12
DA:74,12
DA:79,2
DA:80,0
DA:82,0
DA:86,0
DA:87,0
DA:89,0
DA:94,2
DA:95,0
DA:96,0
DA:98,0
DA:100,0
DA:101,0
DA:105,0
DA:109,0
LF:24
LH:12
BRDA:37,0,0,9
BRDA:37,0,1,2
BRDA:40,1,0,5
BRDA:40,1,1,4
BRDA:43,2,0,4
BRDA:43,2,1,5
BRDA:43,3,0,9
BRDA:43,3,1,5
BRDA:64,4,0,12
BRDA:64,4,1,1
BRDA:67,5,0,9
BRDA:67,5,1,3
BRDA:70,6,0,9
BRDA:70,6,1,3
BRDA:70,7,0,12
BRDA:70,7,1,9
BRDA:84,8,0,0
BRDA:84,8,1,0
BRDA:86,9,0,0
BRDA:86,9,1,0
BRDA:100,10,0,0
BRDA:100,10,1,0
BRF:22
BRH:16
end_of_record
TN:
SF:apps/frontend/src/api/user-state.ts
FN:27,(anonymous_0)
FN:32,(anonymous_1)
FN:37,(anonymous_2)
FN:44,(anonymous_3)
FN:48,(anonymous_4)
FN:54,(anonymous_5)
FNF:6
FNH:2
FNDA:2,(anonymous_0)
FNDA:2,(anonymous_1)
FNDA:0,(anonymous_2)
FNDA:0,(anonymous_3)
FNDA:0,(anonymous_4)
FNDA:0,(anonymous_5)
DA:27,1
DA:28,2
DA:29,1
DA:32,1
DA:33,2
DA:34,2
DA:37,1
DA:38,0
DA:44,1
DA:45,0
DA:46,0
DA:49,0
DA:54,1
DA:55,0
DA:56,0
DA:57,0
DA:59,0
DA:60,0
LF:18
LH:9
BRF:0
BRH:0
end_of_record
TN:
SF:apps/frontend/src/components/ExitIntentModal.tsx
FN:22,(anonymous_0)
FN:29,(anonymous_1)
FN:34,(anonymous_2)
FN:71,(anonymous_3)
FNF:4
FNH:4
FNDA:17,(anonymous_0)
FNDA:2,(anonymous_1)
FNDA:2,(anonymous_2)
FNDA:13,(anonymous_3)
DA:22,1
DA:27,17
DA:29,17
DA:30,2
DA:31,2
DA:34,17
DA:35,2
DA:36,2
DA:39,17
DA:40,4
DA:43,13
DA:71,13
LF:12
LH:12
BRDA:39,0,0,4
BRDA:39,0,1,13
BRF:2
BRH:2
end_of_record
TN:
SF:apps/frontend/src/components/ProtectedRoute.tsx
FN:23,(anonymous_0)
FNF:1
FNH:1
FNDA:6,(anonymous_0)
DA:23,2
DA:24,6
DA:25,6
DA:29,6
DA:30,0
DA:38,6
DA:39,1
DA:43,5
DA:44,1
DA:51,4
LF:10
LH:9
BRDA:29,0,0,0
BRDA:29,0,1,6
BRDA:38,1,0,1
BRDA:38,1,1,5
BRDA:43,2,0,1
BRDA:43,2,1,4
BRF:6
BRH:5
end_of_record
TN:
SF:apps/frontend/src/components/ToastContainer.tsx
FN:8,(anonymous_0)
FN:11,(anonymous_1)
FN:36,(anonymous_2)
FNF:3
FNH:3
FNDA:12,(anonymous_0)
FNDA:5,(anonymous_1)
FNDA:5,(anonymous_2)
DA:8,1
DA:9,12
DA:11,12
DA:12,5
DA:14,2
DA:16,2
DA:18,1
DA:22,12
DA:37,5
LF:9
LH:9
BRDA:12,0,0,2
BRDA:12,0,1,2
BRDA:12,0,2,1
BRF:3
BRH:3
end_of_record
TN:
SF:apps/frontend/src/components/EmptyStates/EmptyDashboardState.tsx
FN:8,(anonymous_0)
FN:18,(anonymous_1)
FN:24,(anonymous_2)
FN:38,(anonymous_3)
FN:45,(anonymous_4)
FN:46,(anonymous_5)
FN:53,(anonymous_6)
FN:107,(anonymous_7)
FNF:8
FNH:6
FNDA:1,(anonymous_0)
FNDA:1,(anonymous_1)
FNDA:0,(anonymous_2)
FNDA:1,(anonymous_3)
FNDA:1,(anonymous_4)
FNDA:1,(anonymous_5)
FNDA:0,(anonymous_6)
FNDA:1,(anonymous_7)
DA:6,1
DA:8,1
DA:9,1
DA:11,1
DA:12,1
DA:18,1
DA:19,1
DA:20,1
DA:24,1
DA:25,0
DA:26,0
DA:29,0
DA:30,0
DA:32,0
DA:33,0
DA:37,1
DA:38,1
DA:45,1
DA:46,1
DA:47,1
DA:49,1
DA:50,1
DA:53,1
DA:54,0
DA:57,0
DA:66,1
DA:108,1
LF:27
LH:19
BRDA:32,0,0,0
BRDA:32,0,1,0
BRDA:49,1,0,1
BRDA:49,1,1,0
BRF:4
BRH:1
end_of_record
TN:
SF:apps/frontend/src/components/ft1/FT1HeroArrival.tsx
FN:12,FT1HeroArrival
FN:16,(anonymous_1)
FN:29,(anonymous_2)
FN:33,(anonymous_3)
FN:37,(anonymous_4)
FN:63,(anonymous_5)
FNF:6
FNH:0
FNDA:0,FT1HeroArrival
FNDA:0,(anonymous_1)
FNDA:0,(anonymous_2)
FNDA:0,(anonymous_3)
FNDA:0,(anonymous_4)
FNDA:0,(anonymous_5)
DA:10,7
DA:13,0
DA:14,0
DA:16,0
DA:17,0
DA:19,0
DA:21,0
DA:23,0
DA:24,0
DA:27,0
DA:29,0
DA:30,0
DA:33,0
DA:37,0
DA:38,0
DA:39,0
DA:41,0
DA:42,0
DA:46,0
DA:48,0
DA:63,0
LF:21
LH:1
BRDA:19,0,0,0
BRDA:19,0,1,0
BRDA:23,1,0,0
BRDA:23,1,1,0
BRDA:41,2,0,0
BRDA:41,2,1,0
BRDA:46,3,0,0
BRDA:46,3,1,0
BRF:8
BRH:0
end_of_record
TN:
SF:apps/frontend/src/components/specter/SpecterConfigPanel.tsx
FN:18,(anonymous_0)
FN:32,(anonymous_1)
FN:47,(anonymous_2)
FN:103,(anonymous_3)
FN:104,(anonymous_4)
FN:125,(anonymous_5)
FNF:6
FNH:6
FNDA:61,(anonymous_0)
FNDA:23,(anonymous_1)
FNDA:9,(anonymous_2)
FNDA:7,(anonymous_3)
FNDA:2,(anonymous_4)
FNDA:2,(anonymous_5)
DA:18,1
DA:25,61
DA:27,61
DA:28,61
DA:29,61
DA:32,61
DA:33,23
DA:34,3
DA:35,3
DA:36,3
DA:39,20
DA:40,20
DA:47,61
DA:48,9
DA:50,9
DA:51,9
DA:52,2
DA:53,2
DA:57,7
DA:63,7
DA:64,7
DA:67,1
DA:71,61
DA:73,61
DA:103,7
DA:105,2
DA:106,1
DA:107,1
DA:125,2
LF:29
LH:29
BRDA:33,0,0,3
BRDA:33,0,1,20
BRDA:39,1,0,20
BRDA:39,1,1,0
BRDA:41,2,0,19
BRDA:41,2,1,1
BRDA:51,3,0,2
BRDA:51,3,1,7
BRDA:58,4,0,7
BRDA:58,4,1,0
BRDA:67,5,0,1
BRDA:67,5,1,0
BRDA:71,6,0,61
BRDA:71,6,1,60
BRDA:88,7,0,61
BRDA:88,7,1,59
BRDA:88,7,2,7
BRDA:94,8,0,7
BRDA:94,8,1,2
BRDA:105,9,0,1
BRDA:105,9,1,1
BRDA:105,10,0,2
BRDA:105,10,1,1
BRDA:140,11,0,3
BRDA:140,11,1,58
BRF:25
BRH:22
end_of_record
TN:
SF:apps/frontend/src/components/triggers/BaseTrigger.tsx
FN:18,(anonymous_0)
FN:38,(anonymous_1)
FN:41,(anonymous_2)
FN:47,(anonymous_3)
FN:60,(anonymous_4)
FN:71,(anonymous_5)
FN:77,(anonymous_6)
FN:83,(anonymous_7)
FN:146,(anonymous_8)
FN:179,(anonymous_9)
FN:187,(anonymous_10)
FN:201,(anonymous_11)
FN:206,(anonymous_12)
FNF:13
FNH:11
FNDA:46,(anonymous_0)
FNDA:43,(anonymous_1)
FNDA:2,(anonymous_2)
FNDA:5,(anonymous_3)
FNDA:1,(anonymous_4)
FNDA:1,(anonymous_5)
FNDA:0,(anonymous_6)
FNDA:0,(anonymous_7)
FNDA:4,(anonymous_8)
FNDA:2,(anonymous_9)
FNDA:3,(anonymous_10)
FNDA:12,(anonymous_11)
FNDA:1,(anonymous_12)
DA:18,2
DA:29,46
DA:30,46
DA:31,46
DA:34,46
DA:35,46
DA:38,46
DA:39,43
DA:41,3
DA:42,2
DA:47,46
DA:48,5
DA:50,5
DA:52,2
DA:53,2
DA:56,3
DA:60,46
DA:61,1
DA:62,1
DA:66,1
DA:67,1
DA:68,1
DA:71,1
DA:72,1
DA:77,46
DA:78,0
DA:79,0
DA:80,0
DA:83,0
DA:84,0
DA:88,46
DA:147,4
DA:179,2
DA:187,3
DA:202,12
DA:206,1
LF:36
LH:31
BRDA:23,0,0,44
BRDA:24,1,0,43
BRDA:26,2,0,0
BRDA:39,3,0,3
BRDA:39,3,1,40
BRDA:39,4,0,43
BRDA:39,4,1,3
BRDA:50,5,0,2
BRDA:50,5,1,3
BRDA:61,6,0,1
BRDA:61,6,1,0
BRDA:61,7,0,1
BRDA:61,7,1,1
BRDA:93,8,0,46
BRDA:93,8,1,44
BRDA:95,9,0,46
BRDA:95,9,1,43
BRDA:98,10,0,2
BRDA:98,10,1,44
BRDA:100,11,0,2
BRDA:100,11,1,44
BRDA:104,12,0,46
BRDA:104,12,1,2
BRDA:113,13,0,2
BRDA:113,13,1,2
BRDA:121,14,0,46
BRDA:121,14,1,2
BRDA:127,15,0,2
BRDA:127,15,1,0
BRDA:128,16,0,0
BRDA:128,16,1,0
BRDA:137,17,0,46
BRDA:137,17,1,2
BRDA:159,18,0,46
BRDA:159,18,1,17
BRDA:171,19,0,13
BRDA:171,19,1,4
BRDA:205,20,0,1
BRDA:205,20,1,11
BRDA:208,21,0,4
BRDA:208,21,1,8
BRF:41
BRH:36
end_of_record
TN:
SF:apps/frontend/src/components/triggers/CoachTrigger.tsx
FN:13,(anonymous_0)
FN:21,(anonymous_1)
FNF:2
FNH:2
FNDA:19,(anonymous_0)
FNDA:19,(anonymous_1)
DA:13,1
DA:21,19
DA:22,19
DA:25,19
DA:36,19
DA:39,0
DA:42,19
LF:7
LH:6
BRDA:25,0,0,19
BRDA:25,0,1,0
BRDA:25,1,0,19
BRDA:25,1,1,2
BRDA:25,1,2,1
BRDA:25,1,3,1
BRDA:25,1,4,1
BRDA:25,1,5,1
BRDA:25,1,6,0
BRDA:25,1,7,0
BRDA:25,1,8,0
BRDA:47,2,0,19
BRDA:47,2,1,1
BRF:13
BRH:9
end_of_record
TN:
SF:apps/frontend/src/contexts/AuthContext.tsx
FN:30,(anonymous_0)
FN:42,(anonymous_1)
FN:60,(anonymous_2)
FN:67,(anonymous_3)
FN:72,(anonymous_4)
FN:97,(anonymous_5)
FN:118,(anonymous_6)
FN:119,(anonymous_7)
FN:140,(anonymous_8)
FNF:9
FNH:8
FNDA:12,(anonymous_0)
FNDA:4,(anonymous_1)
FNDA:3,(anonymous_2)
FNDA:0,(anonymous_3)
FNDA:2,(anonymous_4)
FNDA:1,(anonymous_5)
FNDA:1,(anonymous_6)
FNDA:1,(anonymous_7)
FNDA:12,(anonymous_8)
DA:23,20
DA:30,20
DA:31,12
DA:42,12
DA:44,4
DA:46,4
DA:47,4
DA:49,4
DA:51,1
DA:60,3
DA:65,0
DA:66,0
DA:67,0
DA:72,12
DA:73,2
DA:80,2
DA:81,2
DA:97,12
DA:98,1
DA:105,1
DA:106,1
DA:118,12
DA:119,1
DA:120,1
DA:121,1
DA:123,0
DA:128,12
DA:136,12
DA:140,20
DA:141,12
DA:142,12
DA:143,0
DA:145,12
LF:33
LH:28
BRDA:49,0,0,1
BRDA:49,0,1,3
BRDA:49,1,0,4
BRDA:49,1,1,1
BRDA:120,2,0,1
BRDA:120,2,1,0
BRDA:142,3,0,0
BRDA:142,3,1,12
BRF:8
BRH:6
end_of_record
TN:
SF:apps/frontend/src/contexts/ConfigContext.tsx
FN:29,(anonymous_0)
FN:33,(anonymous_1)
FN:67,ConfigProvider
FNF:3
FNH:2
FNDA:0,(anonymous_0)
FNDA:2,(anonymous_1)
FNDA:4,ConfigProvider
DA:27,28
DA:33,28
DA:34,2
DA:36,0
DA:38,0
DA:40,0
DA:42,0
DA:44,0
DA:46,0
DA:48,0
DA:50,0
DA:52,0
DA:54,0
DA:56,2
DA:58,0
DA:68,4
DA:70,4
LF:17
LH:6
BRDA:34,0,0,0
BRDA:34,0,1,0
BRDA:34,0,2,0
BRDA:34,0,3,0
BRDA:34,0,4,0
BRDA:34,0,5,0
BRDA:34,0,6,0
BRDA:34,0,7,0
BRDA:34,0,8,0
BRDA:34,0,9,0
BRDA:34,0,10,2
BRDA:34,0,11,0
BRF:12
BRH:1
end_of_record
TN:
SF:apps/frontend/src/contexts/DashboardStateContext.tsx
FN:42,(anonymous_0)
FN:47,(anonymous_1)
FN:61,(anonymous_2)
FN:83,(anonymous_3)
FNF:4
FNH:3
FNDA:21,(anonymous_0)
FNDA:2,(anonymous_1)
FNDA:21,(anonymous_2)
FNDA:0,(anonymous_3)
DA:36,28
DA:42,28
DA:43,21
DA:45,21
DA:48,2
DA:53,0
DA:58,21
DA:61,21
DA:62,21
DA:63,0
DA:64,0
DA:67,21
DA:76,21
DA:83,28
DA:84,0
DA:85,0
DA:86,0
DA:88,0
LF:18
LH:11
BRDA:58,0,0,21
BRDA:58,0,1,19
BRDA:62,1,0,21
BRDA:62,1,1,0
BRDA:63,2,0,0
BRDA:63,2,1,0
BRDA:68,3,0,21
BRDA:68,3,1,21
BRDA:85,4,0,0
BRDA:85,4,1,0
BRF:10
BRH:5
end_of_record
TN:
SF:apps/frontend/src/contexts/EntitlementsContext.tsx
FN:44,(anonymous_0)
FN:65,(anonymous_1)
FN:66,(anonymous_2)
FN:69,(anonymous_3)
FN:91,(anonymous_4)
FN:157,(anonymous_5)
FN:192,(anonymous_6)
FN:198,(anonymous_7)
FN:204,(anonymous_8)
FN:209,(anonymous_9)
FN:232,(anonymous_10)
FNF:11
FNH:11
FNDA:112,(anonymous_0)
FNDA:5,(anonymous_1)
FNDA:5,(anonymous_2)
FNDA:39,(anonymous_3)
FNDA:29,(anonymous_4)
FNDA:7,(anonymous_5)
FNDA:36,(anonymous_6)
FNDA:36,(anonymous_7)
FNDA:220,(anonymous_8)
FNDA:220,(anonymous_9)
FNDA:113,(anonymous_10)
DA:36,2
DA:44,2
DA:47,112
DA:49,112
DA:50,112
DA:51,112
DA:52,112
DA:53,112
DA:54,112
DA:57,112
DA:64,112
DA:65,112
DA:66,5
DA:69,112
DA:70,39
DA:72,3
DA:73,3
DA:74,3
DA:75,3
DA:76,3
DA:77,3
DA:79,3
DA:80,3
DA:83,3
DA:86,36
DA:87,36
DA:89,36
DA:92,29
DA:94,27
DA:96,27
DA:98,27
DA:99,27
DA:124,27
DA:128,27
DA:139,27
DA:140,27
DA:141,27
DA:142,27
DA:143,27
DA:146,27
DA:152,27
DA:153,27
DA:158,7
DA:160,7
DA:161,7
DA:168,7
DA:169,1
DA:171,1
DA:172,1
DA:175,1
DA:176,1
DA:177,1
DA:178,1
DA:179,1
DA:181,1
DA:185,6
DA:186,6
DA:187,6
DA:188,6
DA:189,6
DA:193,36
DA:194,34
DA:198,36
DA:199,36
DA:203,112
DA:204,220
DA:208,112
DA:209,220
DA:213,112
DA:225,112
DA:232,2
DA:233,113
DA:234,113
DA:235,1
DA:237,112
LF:75
LH:75
BRDA:70,0,0,3
BRDA:70,0,1,36
BRDA:70,1,0,39
BRDA:70,1,1,36
BRDA:79,2,0,3
BRDA:79,2,1,0
BRDA:92,3,0,2
BRDA:92,3,1,27
BRDA:94,4,0,27
BRDA:94,4,1,2
BRDA:96,5,0,21
BRDA:96,5,1,6
BRDA:98,6,0,27
BRDA:98,6,1,0
BRDA:124,7,0,24
BRDA:124,7,1,3
BRDA:128,8,0,24
BRDA:128,8,1,3
BRDA:152,9,0,27
BRDA:152,9,1,0
BRDA:158,10,0,0
BRDA:158,10,1,7
BRDA:160,11,0,7
BRDA:160,11,1,0
BRDA:168,12,0,1
BRDA:168,12,1,6
BRDA:171,13,0,1
BRDA:171,13,1,0
BRDA:188,14,0,6
BRDA:188,14,1,2
BRDA:193,15,0,34
BRDA:193,15,1,2
BRDA:234,16,0,1
BRDA:234,16,1,112
BRF:34
BRH:28
end_of_record
TN:
SF:apps/frontend/src/contexts/OnboardingUIActionsContext.tsx
FN:13,(anonymous_0)
FNF:1
FNH:0
FNDA:0,(anonymous_0)
DA:11,7
DA:13,7
DA:14,0
LF:3
LH:2
BRF:0
BRH:0
end_of_record
TN:
SF:apps/frontend/src/contexts/SpecterConfigContext.tsx
FN:52,(anonymous_0)
FN:65,(anonymous_1)
FN:66,(anonymous_2)
FN:70,(anonymous_3)
FN:86,(anonymous_4)
FN:100,(anonymous_5)
FN:109,(anonymous_6)
FN:115,(anonymous_7)
FN:121,(anonymous_8)
FN:183,(anonymous_9)
FNF:10
FNH:10
FNDA:70,(anonymous_0)
FNDA:3,(anonymous_1)
FNDA:3,(anonymous_2)
FNDA:24,(anonymous_3)
FNDA:17,(anonymous_4)
FNDA:3,(anonymous_5)
FNDA:20,(anonymous_6)
FNDA:20,(anonymous_7)
FNDA:5,(anonymous_8)
FNDA:70,(anonymous_9)
DA:44,2
DA:52,2
DA:55,70
DA:57,70
DA:58,70
DA:59,70
DA:60,70
DA:61,70
DA:64,70
DA:65,70
DA:66,3
DA:70,70
DA:71,24
DA:73,4
DA:74,4
DA:75,4
DA:76,4
DA:77,4
DA:78,4
DA:81,20
DA:82,20
DA:83,20
DA:85,20
DA:87,17
DA:90,15
DA:92,15
DA:96,15
DA:97,15
DA:98,15
DA:101,3
DA:103,3
DA:104,3
DA:105,3
DA:110,20
DA:111,18
DA:115,20
DA:116,20
DA:120,70
DA:122,5
DA:124,1
DA:127,4
DA:128,4
DA:129,4
DA:131,4
DA:132,4
DA:135,2
DA:137,2
DA:141,2
DA:142,2
DA:144,2
DA:147,2
DA:149,4
DA:150,4
DA:156,70
DA:159,70
DA:163,70
DA:176,70
DA:183,2
DA:184,70
DA:185,70
DA:186,1
DA:190,69
LF:62
LH:62
BRDA:71,0,0,4
BRDA:71,0,1,20
BRDA:71,1,0,24
BRDA:71,1,1,22
BRDA:87,2,0,2
BRDA:87,2,1,15
BRDA:90,3,0,14
BRDA:90,3,1,1
BRDA:92,4,0,13
BRDA:92,4,1,2
BRDA:92,5,0,15
BRDA:92,5,1,13
BRDA:101,6,0,0
BRDA:101,6,1,3
BRDA:106,7,0,3
BRDA:106,7,1,0
BRDA:110,8,0,18
BRDA:110,8,1,2
BRDA:122,9,0,1
BRDA:122,9,1,4
BRDA:135,10,0,2
BRDA:135,10,1,0
BRDA:137,11,0,1
BRDA:137,11,1,1
BRDA:137,12,0,2
BRDA:137,12,1,1
BRDA:145,13,0,2
BRDA:145,13,1,0
BRDA:159,14,0,47
BRDA:159,14,1,23
BRDA:185,15,0,1
BRDA:185,15,1,69
BRF:32
BRH:28
end_of_record
TN:
SF:apps/frontend/src/contexts/ToastContext.tsx
FN:44,(anonymous_0)
FN:57,(anonymous_1)
FN:70,(anonymous_2)
FN:75,(anonymous_3)
FN:76,(anonymous_4)
FN:84,(anonymous_5)
FN:91,(anonymous_6)
FN:100,(anonymous_7)
FNF:8
FNH:8
FNDA:9,(anonymous_0)
FNDA:5,(anonymous_1)
FNDA:12,(anonymous_2)
FNDA:5,(anonymous_3)
FNDA:5,(anonymous_4)
FNDA:5,(anonymous_5)
FNDA:12,(anonymous_6)
FNDA:24,(anonymous_7)
DA:40,1
DA:44,1
DA:48,9
DA:50,5
DA:55,4
DA:57,5
DA:60,0
DA:66,1
DA:68,1
DA:70,1
DA:71,12
DA:74,12
DA:76,5
DA:77,5
DA:78,5
DA:81,5
DA:84,5
DA:85,5
DA:91,12
DA:93,12
DA:100,1
DA:101,24
DA:102,24
DA:103,0
DA:105,24
LF:25
LH:23
BRDA:48,0,0,5
BRDA:48,0,1,4
BRDA:48,0,2,0
BRDA:81,1,0,5
BRDA:81,1,1,4
BRDA:102,2,0,0
BRDA:102,2,1,24
BRF:7
BRH:5
end_of_record
TN:
SF:apps/frontend/src/contexts/integration/IntegrationProvider.tsx
FN:35,(anonymous_0)
FN:42,mapSyncState
FN:61,IntegrationProvider
FN:85,(anonymous_3)
FN:91,(anonymous_4)
FNF:5
FNH:0
FNDA:0,(anonymous_0)
FNDA:0,mapSyncState
FNDA:0,IntegrationProvider
FNDA:0,(anonymous_3)
FNDA:0,(anonymous_4)
DA:35,1
DA:36,0
DA:39,0
DA:45,0
DA:47,0
DA:49,0
DA:51,0
DA:53,0
DA:66,0
DA:67,0
DA:69,0
DA:71,0
DA:73,0
DA:75,0
DA:85,0
DA:86,0
DA:91,0
DA:93,0
DA:94,0
DA:95,0
DA:96,0
DA:105,0
DA:109,0
DA:110,0
DA:120,0
DA:121,0
DA:124,0
DA:125,0
DA:126,0
DA:128,0
DA:138,0
DA:141,0
DA:142,0
DA:144,0
DA:155,0
DA:165,0
LF:36
LH:1
BRDA:45,0,0,0
BRDA:45,0,1,0
BRDA:45,0,2,0
BRDA:45,0,3,0
BRDA:93,1,0,0
BRDA:93,1,1,0
BRDA:109,2,0,0
BRDA:109,2,1,0
BRDA:109,3,0,0
BRDA:109,3,1,0
BRDA:120,4,0,0
BRDA:120,4,1,0
BRDA:124,5,0,0
BRDA:124,5,1,0
BRDA:156,6,0,0
BRDA:156,6,1,0
BRF:16
BRH:0
end_of_record
TN:
SF:apps/frontend/src/contexts/integration/index.ts
FNF:0
FNH:0
LF:0
LH:0
BRF:0
BRH:0
end_of_record
TN:
SF:apps/frontend/src/contexts/integration/_internal/IntegrationContext.tsx
FNF:0
FNH:0
DA:54,1
LF:1
LH:1
BRF:0
BRH:0
end_of_record
TN:
SF:apps/frontend/src/hooks/useConfig.ts
FN:5,(anonymous_0)
FNF:1
FNH:1
FNDA:126,(anonymous_0)
DA:5,126
LF:1
LH:1
BRF:0
BRH:0
end_of_record
TN:
SF:apps/frontend/src/hooks/useDebounce.ts
FN:11,(anonymous_0)
FN:15,(anonymous_1)
FN:17,(anonymous_2)
FN:23,(anonymous_3)
FNF:4
FNH:4
FNDA:11,(anonymous_0)
FNDA:9,(anonymous_1)
FNDA:2,(anonymous_2)
FNDA:9,(anonymous_3)
DA:11,1
DA:13,11
DA:15,11
DA:17,9
DA:18,2
DA:23,9
DA:24,9
DA:28,11
LF:8
LH:8
BRF:0
BRH:0
end_of_record
TN:
SF:apps/frontend/src/hooks/useIntentScoring.ts
FN:11,(anonymous_0)
FN:25,(anonymous_1)
FN:32,(anonymous_2)
FN:33,(anonymous_3)
FN:38,(anonymous_4)
FN:39,(anonymous_5)
FN:44,(anonymous_6)
FN:45,(anonymous_7)
FN:50,(anonymous_8)
FN:51,(anonymous_9)
FN:56,(anonymous_10)
FN:57,(anonymous_11)
FN:62,(anonymous_12)
FN:74,(anonymous_13)
FN:76,(anonymous_14)
FN:78,(anonymous_15)
FN:83,(anonymous_16)
FNF:17
FNH:15
FNDA:54,(anonymous_0)
FNDA:27,(anonymous_1)
FNDA:10,(anonymous_2)
FNDA:10,(anonymous_3)
FNDA:53,(anonymous_4)
FNDA:53,(anonymous_5)
FNDA:2,(anonymous_6)
FNDA:2,(anonymous_7)
FNDA:2,(anonymous_8)
FNDA:2,(anonymous_9)
FNDA:2,(anonymous_10)
FNDA:2,(anonymous_11)
FNDA:2,(anonymous_12)
FNDA:13,(anonymous_13)
FNDA:0,(anonymous_14)
FNDA:0,(anonymous_15)
FNDA:13,(anonymous_16)
DA:11,1
DA:12,54
DA:21,54
DA:22,54
DA:25,54
DA:26,27
DA:27,27
DA:28,27
DA:29,27
DA:32,54
DA:33,10
DA:38,54
DA:39,53
DA:44,54
DA:45,2
DA:50,54
DA:51,2
DA:56,54
DA:57,2
DA:62,54
DA:63,2
DA:74,54
DA:75,13
DA:76,13
DA:77,0
DA:78,0
DA:83,13
DA:86,54
LF:28
LH:26
BRF:0
BRH:0
end_of_record
TN:
SF:apps/frontend/src/hooks/useNudgeEngine.ts
FN:23,(anonymous_0)
FN:30,(anonymous_1)
FN:31,(anonymous_2)
FN:33,(anonymous_3)
FN:40,(anonymous_4)
FN:41,(anonymous_5)
FN:41,(anonymous_6)
FN:44,(anonymous_7)
FN:45,(anonymous_8)
FN:57,(anonymous_9)
FN:58,(anonymous_10)
FN:75,(anonymous_11)
FN:76,(anonymous_12)
FN:94,(anonymous_13)
FNF:14
FNH:14
FNDA:31,(anonymous_0)
FNDA:20,(anonymous_1)
FNDA:20,(anonymous_2)
FNDA:47,(anonymous_3)
FNDA:3,(anonymous_4)
FNDA:3,(anonymous_5)
FNDA:2,(anonymous_6)
FNDA:3,(anonymous_7)
FNDA:4,(anonymous_8)
FNDA:7,(anonymous_9)
FNDA:7,(anonymous_10)
FNDA:4,(anonymous_11)
FNDA:4,(anonymous_12)
FNDA:1,(anonymous_13)
DA:23,1
DA:24,31
DA:25,31
DA:27,31
DA:28,31
DA:30,31
DA:31,20
DA:33,47
DA:34,1
DA:36,19
DA:40,31
DA:41,3
DA:44,31
DA:45,4
DA:46,3
DA:49,3
DA:50,3
DA:51,1
DA:54,2
DA:57,31
DA:58,7
DA:59,7
DA:60,7
DA:62,7
DA:75,31
DA:76,4
DA:77,4
DA:78,4
DA:80,4
DA:94,31
DA:95,1
DA:96,1
DA:98,1
DA:101,31
LF:34
LH:34
BRDA:33,0,0,1
BRDA:33,0,1,19
BRDA:46,1,0,0
BRDA:46,1,1,3
BRDA:50,2,0,1
BRDA:50,2,1,2
BRDA:59,3,0,7
BRDA:59,3,1,4
BRDA:60,4,0,7
BRDA:60,4,1,5
BRDA:77,5,0,4
BRDA:77,5,1,0
BRDA:78,6,0,4
BRDA:78,6,1,0
BRDA:96,7,0,0
BRDA:96,7,1,1
BRF:16
BRH:12
end_of_record
TN:
SF:apps/frontend/src/hooks/useSessionTracking.ts
FN:14,(anonymous_0)
FN:19,(anonymous_1)
FN:20,(anonymous_2)
FN:76,(anonymous_3)
FN:77,(anonymous_4)
FN:97,(anonymous_5)
FNF:6
FNH:6
FNDA:33,(anonymous_0)
FNDA:15,(anonymous_1)
FNDA:15,(anonymous_2)
FNDA:6,(anonymous_3)
FNDA:6,(anonymous_4)
FNDA:3,(anonymous_5)
DA:14,1
DA:15,33
DA:16,33
DA:19,33
DA:20,15
DA:21,15
DA:24,15
DA:25,15
DA:26,15
DA:27,6
DA:30,1
DA:34,15
DA:35,10
DA:44,10
DA:45,10
DA:46,10
DA:47,0
DA:50,10
DA:51,10
DA:54,0
DA:57,10
DA:60,5
DA:61,5
DA:65,15
DA:66,15
DA:67,15
DA:69,0
DA:73,15
DA:76,33
DA:77,6
DA:78,6
DA:80,6
DA:87,6
DA:88,6
DA:90,0
DA:93,6
DA:97,33
DA:98,3
DA:100,3
DA:101,3
DA:103,2
DA:107,33
LF:42
LH:38
BRDA:26,0,0,6
BRDA:26,0,1,9
BRDA:34,1,0,10
BRDA:34,1,1,5
BRDA:45,2,0,10
BRDA:45,2,1,10
BRDA:46,3,0,0
BRDA:46,3,1,10
BRDA:78,4,0,0
BRDA:78,4,1,6
BRDA:98,5,0,0
BRDA:98,5,1,3
BRDA:108,6,0,33
BRDA:108,6,1,15
BRDA:109,7,0,33
BRDA:109,7,1,15
BRDA:110,8,0,33
BRDA:110,8,1,17
BRF:18
BRH:15
end_of_record
TN:
SF:apps/frontend/src/layout/MainLayout/Header/ProfileSection/index.tsx
FN:46,(anonymous_0)
FN:60,(anonymous_1)
FN:73,(anonymous_2)
FN:90,(anonymous_3)
FN:99,(anonymous_4)
FN:100,(anonymous_5)
FN:104,(anonymous_6)
FN:113,(anonymous_7)
FN:188,(anonymous_8)
FN:215,(anonymous_9)
FN:250,(anonymous_10)
FN:254,(anonymous_11)
FN:275,(anonymous_12)
FNF:13
FNH:6
FNDA:2,(anonymous_0)
FNDA:0,(anonymous_1)
FNDA:1,(anonymous_2)
FNDA:0,(anonymous_3)
FNDA:1,(anonymous_4)
FNDA:1,(anonymous_5)
FNDA:0,(anonymous_6)
FNDA:2,(anonymous_7)
FNDA:1,(anonymous_8)
FNDA:0,(anonymous_9)
FNDA:0,(anonymous_10)
FNDA:0,(anonymous_11)
FNDA:0,(anonymous_12)
DA:46,1
DA:47,2
DA:49,2
DA:50,2
DA:53,2
DA:54,2
DA:55,2
DA:56,2
DA:57,2
DA:60,2
DA:61,0
DA:62,0
DA:65,2
DA:69,2
DA:70,2
DA:73,2
DA:74,1
DA:76,1
DA:78,1
DA:80,1
DA:82,0
DA:84,0
DA:85,0
DA:90,2
DA:91,0
DA:92,0
DA:94,0
DA:95,0
DA:99,2
DA:100,1
DA:104,2
DA:106,0
DA:107,0
DA:109,0
DA:113,2
DA:114,2
DA:116,0
DA:117,0
DA:120,2
DA:124,2
DA:126,2
DA:189,1
DA:215,0
DA:250,0
DA:254,0
DA:275,0
LF:46
LH:28
BRDA:90,0,0,0
BRDA:94,1,0,0
BRDA:94,1,1,0
BRDA:94,2,0,0
BRDA:94,2,1,0
BRDA:106,3,0,0
BRDA:106,3,1,0
BRDA:106,4,0,0
BRDA:106,4,1,0
BRDA:114,5,0,0
BRDA:114,5,1,2
BRDA:114,6,0,2
BRDA:114,6,1,0
BRDA:116,7,0,0
BRDA:116,7,1,0
BRDA:136,8,0,0
BRDA:136,8,1,2
BRDA:137,9,0,0
BRDA:137,9,1,2
BRDA:161,10,0,1
BRDA:161,10,1,1
BRDA:170,11,0,1
BRDA:170,11,1,1
BRDA:194,12,0,0
BRDA:194,12,1,1
BRDA:197,13,0,1
BRDA:197,13,1,1
BRDA:205,14,0,1
BRDA:205,14,1,0
BRDA:243,15,0,0
BRDA:243,15,1,1
BRF:31
BRH:13
end_of_record
TN:
SF:apps/frontend/src/lifecycle/Ft1ChecklistDataSurface.tsx
FN:29,Ft1ChecklistDataSurface
FNF:1
FNH:1
FNDA:2,Ft1ChecklistDataSurface
DA:30,2
DA:32,2
DA:33,1
DA:36,1
DA:38,1
LF:5
LH:5
BRDA:32,0,0,1
BRDA:32,0,1,1
BRF:2
BRH:2
end_of_record
TN:
SF:apps/frontend/src/lifecycle/Ft1ChecklistShell.tsx
FN:41,Ft1ChecklistShell
FN:48,(anonymous_1)
FN:62,(anonymous_2)
FN:82,(anonymous_3)
FN:99,(anonymous_4)
FN:100,(anonymous_5)
FN:106,(anonymous_6)
FN:116,(anonymous_7)
FNF:8
FNH:7
FNDA:9,Ft1ChecklistShell
FNDA:1,(anonymous_1)
FNDA:8,(anonymous_2)
FNDA:9,(anonymous_3)
FNDA:0,(anonymous_4)
FNDA:15,(anonymous_5)
FNDA:20,(anonymous_6)
FNDA:1,(anonymous_7)
DA:42,9
DA:43,9
DA:44,9
DA:45,9
DA:46,9
DA:48,9
DA:49,1
DA:58,1
DA:62,9
DA:63,8
DA:64,1
DA:65,1
DA:66,1
DA:70,8
DA:71,0
DA:72,0
DA:73,0
DA:76,8
DA:79,9
DA:82,9
DA:83,9
DA:84,1
DA:91,9
DA:99,0
DA:100,15
DA:108,20
DA:111,20
DA:117,1
LF:28
LH:24
BRDA:63,0,0,1
BRDA:63,0,1,7
BRDA:63,1,0,8
BRDA:63,1,1,1
BRDA:66,2,0,1
BRDA:66,2,1,0
BRDA:70,3,0,0
BRDA:70,3,1,8
BRDA:70,4,0,8
BRDA:70,4,1,7
BRDA:79,5,0,9
BRDA:79,5,1,8
BRDA:83,6,0,1
BRDA:83,6,1,8
BRDA:83,7,0,9
BRDA:83,7,1,2
BRDA:83,7,2,1
BRDA:108,8,0,20
BRDA:108,8,1,1
BRDA:114,9,0,1
BRDA:114,9,1,19
BRDA:126,10,0,1
BRDA:126,10,1,19
BRDA:129,11,0,5
BRDA:129,11,1,15
BRDA:132,12,0,20
BRDA:132,12,1,1
BRDA:146,13,0,5
BRDA:146,13,1,15
BRDA:153,14,0,20
BRDA:153,14,1,5
BRF:31
BRH:29
end_of_record
TN:
SF:apps/frontend/src/lifecycle/Ft1OnboardingGate.tsx
FN:26,Ft1OnboardingGate
FN:29,(anonymous_1)
FNF:2
FNH:2
FNDA:8,Ft1OnboardingGate
FNDA:2,(anonymous_1)
DA:27,8
DA:29,8
DA:30,2
DA:40,8
LF:4
LH:4
BRF:0
BRH:0
end_of_record
TN:
SF:apps/frontend/src/lifecycle/Ft1Outlet.tsx
FN:35,Ft1Outlet
FN:59,(anonymous_1)
FN:69,(anonymous_2)
FN:81,(anonymous_3)
FN:86,(anonymous_4)
FN:132,Ft1OutletContent
FN:157,(anonymous_6)
FN:170,(anonymous_7)
FN:222,Ft1Panel
FNF:9
FNH:0
FNDA:0,Ft1Outlet
FNDA:0,(anonymous_1)
FNDA:0,(anonymous_2)
FNDA:0,(anonymous_3)
FNDA:0,(anonymous_4)
FNDA:0,Ft1OutletContent
FNDA:0,(anonymous_6)
FNDA:0,(anonymous_7)
FNDA:0,Ft1Panel
DA:36,0
DA:37,0
DA:47,0
DA:48,0
DA:49,0
DA:59,0
DA:60,0
DA:61,0
DA:64,0
DA:66,0
DA:68,0
DA:70,0
DA:72,0
DA:78,0
DA:79,0
DA:82,0
DA:83,0
DA:86,0
DA:87,0
DA:94,0
DA:95,0
DA:104,0
DA:146,0
DA:147,0
DA:156,0
DA:157,0
DA:163,0
DA:164,0
DA:171,0
DA:173,0
DA:175,0
DA:176,0
DA:179,0
DA:183,0
DA:185,0
DA:186,0
DA:199,0
DA:200,0
DA:211,0
DA:223,0
LF:40
LH:0
BRDA:60,0,0,0
BRDA:60,0,1,0
BRDA:70,1,0,0
BRDA:70,1,1,0
BRDA:94,2,0,0
BRDA:94,2,1,0
BRDA:146,3,0,0
BRDA:146,3,1,0
BRDA:146,4,0,0
BRDA:146,4,1,0
BRDA:163,5,0,0
BRDA:163,5,1,0
BRDA:199,6,0,0
BRDA:199,6,1,0
BRF:14
BRH:0
end_of_record
TN:
SF:apps/frontend/src/lifecycle/LifecycleProvider.tsx
FN:40,LifecycleProvider
FN:48,(anonymous_1)
FN:76,(anonymous_2)
FN:77,onFt2Confirmed
FN:82,(anonymous_4)
FN:106,(anonymous_5)
FN:113,(anonymous_6)
FN:122,(anonymous_7)
FN:139,(anonymous_8)
FN:148,(anonymous_9)
FN:182,restoreFT2
FN:202,(anonymous_11)
FNF:12
FNH:9
FNDA:7,LifecycleProvider
FNDA:3,(anonymous_1)
FNDA:3,(anonymous_2)
FNDA:0,onFt2Confirmed
FNDA:3,(anonymous_4)
FNDA:5,(anonymous_5)
FNDA:5,(anonymous_6)
FNDA:5,(anonymous_7)
FNDA:5,(anonymous_8)
FNDA:4,(anonymous_9)
FNDA:0,restoreFT2
FNDA:0,(anonymous_11)
DA:44,7
DA:45,7
DA:47,7
DA:49,3
DA:56,7
DA:58,7
DA:59,7
DA:62,7
DA:65,7
DA:76,7
DA:78,0
DA:81,3
DA:82,3
DA:83,3
DA:89,7
DA:91,7
DA:97,7
DA:102,7
DA:106,7
DA:107,5
DA:108,3
DA:109,3
DA:113,7
DA:114,5
DA:115,3
DA:116,3
DA:118,0
DA:122,7
DA:123,5
DA:124,3
DA:126,0
DA:130,0
DA:133,0
DA:134,0
DA:139,7
DA:140,5
DA:141,3
DA:142,2
DA:148,7
DA:149,4
DA:151,3
DA:158,3
DA:159,1
DA:162,1
DA:163,1
DA:166,1
DA:168,1
DA:169,1
DA:172,2
DA:173,0
DA:176,2
DA:177,0
DA:178,0
DA:180,0
DA:183,0
DA:184,0
DA:186,0
DA:190,0
DA:191,0
DA:194,0
DA:195,0
DA:200,0
DA:202,0
DA:203,0
DA:214,7
DA:220,7
DA:222,7
LF:67
LH:47
BRDA:45,0,0,7
BRDA:45,0,1,2
BRDA:62,1,0,7
BRDA:62,1,1,5
BRDA:68,2,0,5
BRDA:68,2,1,2
BRDA:89,3,0,7
BRDA:89,3,1,6
BRDA:98,4,0,7
BRDA:98,4,1,7
BRDA:99,5,0,7
BRDA:99,5,1,2
BRDA:107,6,0,2
BRDA:107,6,1,3
BRDA:108,7,0,3
BRDA:108,7,1,0
BRDA:114,8,0,2
BRDA:114,8,1,3
BRDA:115,9,0,3
BRDA:115,9,1,0
BRDA:123,10,0,2
BRDA:123,10,1,3
BRDA:124,11,0,3
BRDA:124,11,1,0
BRDA:126,12,0,0
BRDA:126,12,1,0
BRDA:127,13,0,0
BRDA:127,13,1,0
BRDA:133,14,0,0
BRDA:133,14,1,0
BRDA:140,15,0,2
BRDA:140,15,1,3
BRDA:141,16,0,2
BRDA:141,16,1,1
BRDA:149,17,0,1
BRDA:149,17,1,3
BRDA:158,18,0,1
BRDA:158,18,1,2
BRDA:158,19,0,3
BRDA:158,19,1,1
BRDA:172,20,0,0
BRDA:172,20,1,2
BRDA:172,21,0,2
BRDA:172,21,1,0
BRDA:172,21,2,0
BRDA:176,22,0,2
BRDA:176,22,1,0
BRDA:177,23,0,0
BRDA:177,23,1,0
BRDA:178,24,0,0
BRDA:178,24,1,0
BRDA:190,25,0,0
BRDA:190,25,1,0
BRDA:190,26,0,0
BRDA:190,26,1,0
BRDA:194,27,0,0
BRDA:194,27,1,0
BRDA:220,28,0,0
BRDA:220,28,1,7
BRF:59
BRH:35
end_of_record
TN:
SF:apps/frontend/src/lifecycle/ModuleContentHost.tsx
FN:33,ModuleContentHost
FNF:1
FNH:1
FNDA:11,ModuleContentHost
DA:31,7
DA:40,11
DA:44,11
DA:49,0
DA:54,11
LF:5
LH:4
BRDA:40,0,0,11
BRDA:40,0,1,6
BRDA:40,0,2,4
BRDA:44,1,0,0
BRDA:44,1,1,11
BRDA:45,2,0,11
BRDA:45,2,1,11
BRDA:45,2,2,10
BRDA:57,3,0,11
BRDA:57,3,1,4
BRDA:65,4,0,11
BRDA:65,4,1,1
BRF:12
BRH:11
end_of_record
TN:
SF:apps/frontend/src/lifecycle/ModuleLifecycleShell.tsx
FN:12,ModuleLifecycleShell
FNF:1
FNH:1
FNDA:2,ModuleLifecycleShell
DA:16,2
DA:18,2
LF:2
LH:2
BRF:0
BRH:0
end_of_record
TN:
SF:apps/frontend/src/lifecycle/ShopLifecycleContext.ts
FN:12,useShopLifecycle
FNF:1
FNH:1
FNDA:25,useShopLifecycle
DA:10,10
DA:13,25
DA:15,18
DA:16,14
DA:21,4
DA:22,0
DA:36,4
LF:7
LH:6
BRDA:15,0,0,14
BRDA:15,0,1,4
BRDA:21,1,0,0
BRDA:21,1,1,4
BRDA:21,2,0,4
BRDA:21,2,1,4
BRF:6
BRH:5
end_of_record
TN:
SF:apps/frontend/src/lifecycle/ShopLifecycleGate.tsx
FN:15,ShopLifecycleGate
FN:19,(anonymous_1)
FN:37,(anonymous_2)
FNF:3
FNH:2
FNDA:2,ShopLifecycleGate
FNDA:2,(anonymous_1)
FNDA:0,(anonymous_2)
DA:16,2
DA:17,2
DA:19,2
DA:20,2
DA:21,2
DA:22,2
DA:23,2
DA:24,2
DA:25,2
DA:26,2
DA:29,2
DA:32,1
DA:34,1
DA:38,0
DA:48,1
DA:52,0
DA:55,0
DA:56,0
DA:60,0
LF:19
LH:14
BRDA:21,0,0,0
BRDA:21,0,1,2
BRDA:22,1,0,0
BRDA:22,1,1,2
BRDA:23,2,0,0
BRDA:23,2,1,2
BRDA:24,3,0,0
BRDA:24,3,1,2
BRDA:25,4,0,0
BRDA:25,4,1,2
BRDA:29,5,0,1
BRDA:29,5,1,0
BRDA:29,5,2,1
BRDA:29,5,3,0
BRDA:29,5,4,0
BRDA:29,5,5,0
BRDA:55,6,0,0
BRDA:55,6,1,0
BRF:18
BRH:7
end_of_record
TN:
SF:apps/frontend/src/lifecycle/ShopLifecycleShell.tsx
FN:15,ShopLifecycleShell
FNF:1
FNH:1
FNDA:2,ShopLifecycleShell
DA:16,2
DA:18,2
LF:2
LH:2
BRDA:23,0,0,2
BRDA:23,0,1,0
BRF:2
BRH:1
end_of_record
TN:
SF:apps/frontend/src/lifecycle/deriveInitialLifecycleState.ts
FN:10,deriveInitialLifecycleState
FNF:1
FNH:1
FNDA:11,deriveInitialLifecycleState
DA:14,11
DA:20,10
DA:37,10
DA:38,4
DA:49,6
LF:5
LH:5
BRDA:14,0,0,1
BRDA:14,0,1,10
BRDA:37,1,0,4
BRDA:37,1,1,6
BRDA:37,2,0,10
BRDA:37,2,1,6
BRDA:37,2,2,6
BRF:7
BRH:7
end_of_record
TN:
SF:apps/frontend/src/lifecycle/lifecycleEffects.ts
FN:16,useLifecycleEffects
FN:27,(anonymous_1)
FN:46,(anonymous_2)
FN:51,(anonymous_3)
FN:69,(anonymous_4)
FN:88,(anonymous_5)
FN:112,(anonymous_6)
FNF:7
FNH:6
FNDA:9,useLifecycleEffects
FNDA:9,(anonymous_1)
FNDA:0,(anonymous_2)
FNDA:1,(anonymous_3)
FNDA:9,(anonymous_4)
FNDA:9,(anonymous_5)
FNDA:8,(anonymous_6)
DA:6,5
DA:25,9
DA:27,9
DA:29,9
DA:32,7
DA:37,2
DA:38,2
DA:41,5
DA:42,1
DA:44,1
DA:46,1
DA:47,0
DA:48,0
DA:51,1
DA:52,1
DA:53,1
DA:54,1
DA:69,9
DA:70,9
DA:72,7
DA:74,7
DA:75,1
DA:76,1
DA:79,6
DA:80,2
DA:88,9
DA:89,9
DA:91,7
DA:93,7
DA:94,2
DA:95,2
DA:98,5
DA:99,2
DA:112,9
DA:113,8
DA:114,6
DA:116,4
DA:117,4
DA:119,4
DA:120,0
LF:40
LH:37
BRDA:29,0,0,2
BRDA:29,0,1,7
BRDA:32,1,0,2
BRDA:32,1,1,5
BRDA:33,2,0,7
BRDA:33,2,1,3
BRDA:33,2,2,2
BRDA:41,3,0,4
BRDA:41,3,1,1
BRDA:42,4,0,0
BRDA:42,4,1,1
BRDA:44,5,0,0
BRDA:44,5,1,1
BRDA:52,6,0,1
BRDA:52,6,1,0
BRDA:70,7,0,2
BRDA:70,7,1,7
BRDA:74,8,0,1
BRDA:74,8,1,6
BRDA:74,9,0,7
BRDA:74,9,1,1
BRDA:79,10,0,2
BRDA:79,10,1,4
BRDA:89,11,0,2
BRDA:89,11,1,7
BRDA:93,12,0,2
BRDA:93,12,1,5
BRDA:93,13,0,7
BRDA:93,13,1,2
BRDA:98,14,0,2
BRDA:98,14,1,3
BRDA:113,15,0,2
BRDA:113,15,1,6
BRDA:114,16,0,2
BRDA:114,16,1,4
BRDA:119,17,0,0
BRDA:119,17,1,4
BRDA:119,18,0,4
BRDA:119,18,1,0
BRF:39
BRH:34
end_of_record
TN:
SF:apps/frontend/src/lifecycle/lifecycleReducer.ts
FN:8,lifecycleReducer
FNF:1
FNH:1
FNDA:91,lifecycleReducer
DA:15,91
DA:16,10
DA:20,81
DA:26,18
DA:30,18
DA:34,1
DA:35,1
DA:37,0
DA:38,0
DA:47,20
DA:48,18
DA:57,2
DA:64,2
DA:68,2
DA:75,3
DA:77,0
DA:78,0
DA:81,0
DA:85,0
DA:89,12
DA:90,1
DA:93,11
DA:98,11
DA:106,9
DA:109,8
DA:114,3
DA:121,5
DA:133,10
DA:139,10
DA:148,10
DA:149,4
DA:155,6
DA:164,6
DA:165,0
DA:168,6
DA:177,0
DA:180,31
DA:181,31
DA:188,31
LF:39
LH:31
BRDA:9,0,0,0
BRDA:15,1,0,10
BRDA:15,1,1,81
BRDA:20,2,0,18
BRDA:20,2,1,1
BRDA:20,2,2,20
BRDA:20,2,3,2
BRDA:20,2,4,3
BRDA:20,2,5,12
BRDA:20,2,6,9
BRDA:20,2,7,10
BRDA:20,2,8,6
BRDA:20,2,9,0
BRDA:34,3,0,1
BRDA:34,3,1,0
BRDA:47,4,0,18
BRDA:47,4,1,2
BRDA:47,5,0,20
BRDA:47,5,1,19
BRDA:75,6,0,3
BRDA:75,6,1,0
BRDA:77,7,0,0
BRDA:77,7,1,0
BRDA:77,8,0,0
BRDA:77,8,1,0
BRDA:89,9,0,1
BRDA:89,9,1,11
BRDA:89,10,0,12
BRDA:89,10,1,11
BRDA:106,11,0,1
BRDA:106,11,1,8
BRDA:109,12,0,3
BRDA:109,12,1,5
BRDA:110,13,0,8
BRDA:110,13,1,8
BRDA:110,13,2,8
BRDA:139,14,0,10
BRDA:139,14,1,10
BRDA:139,14,2,10
BRDA:139,14,3,10
BRDA:139,14,4,6
BRDA:148,15,0,4
BRDA:148,15,1,6
BRDA:164,16,0,0
BRDA:164,16,1,6
BRDA:164,17,0,6
BRDA:164,17,1,6
BRDA:180,18,0,31
BRDA:180,18,1,0
BRF:49
BRH:39
end_of_record
TN:
SF:apps/frontend/src/lifecycle/lifecycleTypes.ts
FNF:0
FNH:0
DA:16,12
LF:1
LH:1
BRF:0
BRH:0
end_of_record
TN:
SF:apps/frontend/src/lifecycle/useOnboardingReadiness.ts
FN:7,useOnboardingReadiness
FN:13,(anonymous_1)
FNF:2
FNH:1
FNDA:2,useOnboardingReadiness
FNDA:0,(anonymous_1)
DA:11,2
DA:14,0
DA:15,0
DA:18,0
DA:22,0
LF:5
LH:1
BRDA:14,0,0,0
BRDA:14,0,1,0
BRDA:24,1,0,2
BRDA:24,1,1,2
BRF:4
BRH:2
end_of_record
TN:
SF:apps/frontend/src/pages/AnalyticsPage.tsx
FN:11,AnalyticsPage
FNF:1
FNH:1
FNDA:3,AnalyticsPage
DA:12,3
DA:13,3
DA:14,3
DA:16,3
DA:18,3
DA:19,3
DA:21,3
DA:22,3
DA:24,3
DA:35,3
DA:39,3
DA:40,0
DA:41,0
DA:45,0
DA:48,0
DA:50,0
DA:54,0
DA:57,3
DA:58,0
DA:61,3
DA:62,0
DA:65,3
DA:66,1
DA:69,2
DA:70,1
DA:74,1
DA:77,1
DA:78,1
DA:80,1
LF:29
LH:21
BRDA:16,0,0,3
BRDA:16,0,1,0
BRDA:21,1,0,3
BRDA:21,1,1,3
BRDA:22,2,0,3
BRDA:22,2,1,0
BRDA:26,3,0,3
BRDA:26,3,1,0
BRDA:39,4,0,0
BRDA:39,4,1,3
BRDA:40,5,0,0
BRDA:40,5,1,0
BRDA:57,6,0,0
BRDA:57,6,1,3
BRDA:61,7,0,0
BRDA:61,7,1,3
BRDA:65,8,0,1
BRDA:65,8,1,2
BRDA:69,9,0,1
BRDA:69,9,1,1
BRF:20
BRH:12
end_of_record
TN:
SF:apps/frontend/src/pages/DashboardPage.tsx
FN:7,(anonymous_0)
FNF:1
FNH:1
FNDA:21,(anonymous_0)
DA:7,7
DA:8,21
DA:10,0
DA:11,0
DA:14,0
LF:5
LH:2
BRDA:10,0,0,0
BRDA:10,0,1,0
BRF:2
BRH:0
end_of_record
TN:
SF:apps/frontend/src/pages/DashboardPageFT1.tsx
FN:34,(anonymous_0)
FN:54,(anonymous_1)
FN:55,(anonymous_2)
FN:57,(anonymous_3)
FNF:4
FNH:0
FNDA:0,(anonymous_0)
FNDA:0,(anonymous_1)
FNDA:0,(anonymous_2)
FNDA:0,(anonymous_3)
DA:34,7
DA:35,0
DA:36,0
DA:37,0
DA:39,0
DA:41,0
DA:42,0
DA:43,0
DA:44,0
DA:45,0
DA:47,0
DA:48,0
DA:49,0
DA:50,0
DA:51,0
DA:53,0
DA:54,0
DA:56,0
DA:57,0
DA:62,0
LF:20
LH:1
BRDA:41,0,0,0
BRDA:41,0,1,0
BRDA:42,1,0,0
BRDA:42,1,1,0
BRDA:43,2,0,0
BRDA:43,2,1,0
BRDA:44,3,0,0
BRDA:44,3,1,0
BRDA:45,4,0,0
BRDA:45,4,1,0
BRDA:65,5,0,0
BRDA:65,5,1,0
BRDA:78,6,0,0
BRDA:78,6,1,0
BRDA:87,7,0,0
BRDA:87,7,1,0
BRDA:109,8,0,0
BRDA:109,8,1,0
BRDA:118,9,0,0
BRDA:118,9,1,0
BRDA:131,10,0,0
BRDA:131,10,1,0
BRF:22
BRH:0
end_of_record
TN:
SF:apps/frontend/src/pages/DashboardPageFT2.tsx
FN:7,(anonymous_0)
FN:30,(anonymous_1)
FNF:2
FNH:0
FNDA:0,(anonymous_0)
FNDA:0,(anonymous_1)
DA:7,7
DA:15,0
DA:17,0
DA:31,0
LF:4
LH:1
BRF:0
BRH:0
end_of_record
TN:
SF:apps/frontend/src/pages/analytics/useAnalyticsFt1Adapter.ts
FN:3,mapAnalyticsFt1Props
FN:7,(anonymous_1)
FN:11,(anonymous_2)
FNF:3
FNH:3
FNDA:3,mapAnalyticsFt1Props
FNDA:3,(anonymous_1)
FNDA:3,(anonymous_2)
DA:6,3
DA:7,3
DA:10,3
DA:11,3
DA:13,3
LF:5
LH:5
BRDA:10,0,0,3
BRDA:10,0,1,0
BRDA:15,1,0,1
BRDA:15,1,1,2
BRDA:20,2,0,1
BRDA:20,2,1,2
BRDA:25,3,0,1
BRDA:25,3,1,2
BRF:8
BRH:7
end_of_record
TN:
SF:apps/frontend/src/pages/analytics/useAnalyticsFt2Adapter.ts
FN:56,mapAnalyticsFt2Props
FNF:1
FNH:1
FNDA:3,mapAnalyticsFt2Props
DA:59,3
LF:1
LH:1
BRDA:61,0,0,3
BRDA:61,0,1,1
BRDA:65,1,0,2
BRDA:65,1,1,1
BRDA:68,2,0,1
BRDA:68,2,1,2
BRF:6
BRH:6
end_of_record
TN:
SF:apps/frontend/src/pages/analytics/useAnalyticsFt2Snapshot.ts
FN:35,useAnalyticsFt2Snapshot
FN:39,(anonymous_1)
FNF:2
FNH:1
FNDA:3,useAnalyticsFt2Snapshot
FNDA:0,(anonymous_1)
DA:36,3
DA:40,0
DA:43,0
LF:3
LH:1
BRF:0
BRH:0
end_of_record
TN:
SF:apps/frontend/src/pages/customers/useCustomersFt2Adapter.ts
FN:63,mapCustomersFt2Props
FNF:1
FNH:1
FNDA:3,mapCustomersFt2Props
DA:66,3
LF:1
LH:1
BRDA:68,0,0,3
BRDA:68,0,1,0
BRDA:71,1,0,1
BRDA:71,1,1,2
BRDA:77,2,0,1
BRDA:77,2,1,2
BRDA:82,3,0,1
BRDA:82,3,1,2
BRF:8
BRH:7
end_of_record
TN:
SF:apps/frontend/src/pages/customers/useSpecterFt1Adapter.ts
FN:19,mapSpecterFt1Props
FN:24,(anonymous_1)
FN:26,(anonymous_2)
FN:27,(anonymous_3)
FNF:4
FNH:0
FNDA:0,mapSpecterFt1Props
FNDA:0,(anonymous_1)
FNDA:0,(anonymous_2)
FNDA:0,(anonymous_3)
DA:23,0
DA:24,0
DA:26,0
DA:27,0
DA:29,0
DA:30,0
DA:32,0
LF:7
LH:0
BRDA:23,0,0,0
BRDA:23,0,1,0
BRDA:24,1,0,0
BRDA:24,1,1,0
BRDA:34,2,0,0
BRDA:34,2,1,0
BRDA:34,3,0,0
BRDA:34,3,1,0
BRDA:38,4,0,0
BRDA:38,4,1,0
BRF:10
BRH:0
end_of_record
TN:
SF:apps/frontend/src/pages/dashboard/PlatformFt1Card.tsx
FN:31,PlatformFt1Card
FN:37,(anonymous_1)
FNF:2
FNH:2
FNDA:2,PlatformFt1Card
FNDA:1,(anonymous_1)
DA:37,2
DA:38,1
DA:40,1
DA:41,1
DA:44,1
DA:47,2
LF:6
LH:6
BRDA:38,0,0,0
BRDA:38,0,1,1
BRDA:40,1,0,1
BRDA:40,1,1,0
BRDA:53,2,0,2
BRDA:53,2,1,1
BRF:6
BRH:4
end_of_record
TN:
SF:apps/frontend/src/pages/finances/useFinancesFt1Adapter.ts
FN:21,mapFinancesFt1Props
FN:25,(anonymous_1)
FN:29,(anonymous_2)
FN:30,(anonymous_3)
FNF:4
FNH:0
FNDA:0,mapFinancesFt1Props
FNDA:0,(anonymous_1)
FNDA:0,(anonymous_2)
FNDA:0,(anonymous_3)
DA:24,0
DA:25,0
DA:28,0
DA:29,0
DA:30,0
DA:32,0
DA:33,0
DA:34,0
DA:36,0
LF:9
LH:0
BRDA:28,0,0,0
BRDA:28,0,1,0
BRDA:38,1,0,0
BRDA:38,1,1,0
BRDA:40,2,0,0
BRDA:40,2,1,0
BRDA:42,3,0,0
BRDA:42,3,1,0
BRF:8
BRH:0
end_of_record
TN:
SF:apps/frontend/src/pages/finances/useFinancesFt2Adapter.ts
FN:51,mapFinancesFt2Props
FNF:1
FNH:1
FNDA:4,mapFinancesFt2Props
DA:54,4
DA:91,4
DA:93,4
LF:3
LH:3
BRDA:57,0,0,1
BRDA:57,0,1,3
BRDA:61,1,0,4
BRDA:61,1,1,0
BRDA:65,2,0,1
BRDA:65,2,1,3
BRDA:71,3,0,2
BRDA:71,3,1,2
BRDA:74,4,0,2
BRDA:74,4,1,2
BRDA:77,5,0,2
BRDA:77,5,1,2
BRF:12
BRH:11
end_of_record
TN:
SF:apps/frontend/src/pages/orders/useOrdersFt1Adapter.ts
FN:20,mapOrdersFt1Props
FN:24,(anonymous_1)
FN:28,(anonymous_2)
FN:29,(anonymous_3)
FNF:4
FNH:4
FNDA:4,mapOrdersFt1Props
FNDA:4,(anonymous_1)
FNDA:12,(anonymous_2)
FNDA:15,(anonymous_3)
DA:23,4
DA:24,4
DA:27,4
DA:28,4
DA:29,15
DA:32,4
DA:34,4
LF:7
LH:7
BRDA:27,0,0,4
BRDA:27,0,1,0
BRDA:36,1,0,2
BRDA:36,1,1,2
BRDA:38,2,0,4
BRDA:38,2,1,4
BRDA:41,3,0,4
BRDA:41,3,1,4
BRF:8
BRH:7
end_of_record
TN:
SF:apps/frontend/src/pages/orders/useOrdersFt2Adapter.ts
FN:75,mapOrdersFt2Props
FNF:1
FNH:1
FNDA:4,mapOrdersFt2Props
DA:78,4
LF:1
LH:1
BRDA:80,0,0,4
BRDA:80,0,1,4
BRDA:83,1,0,4
BRDA:83,1,1,0
BRDA:90,2,0,2
BRDA:90,2,1,2
BRDA:95,3,0,2
BRDA:95,3,1,2
BRDA:100,4,0,2
BRDA:100,4,1,2
BRDA:106,5,0,2
BRDA:106,5,1,2
BRDA:111,6,0,2
BRDA:111,6,1,2
BRDA:117,7,0,2
BRDA:117,7,1,2
BRF:16
BRH:15
end_of_record
TN:
SF:apps/frontend/src/pages/products/useProductsFt1Adapter.ts
FN:19,mapProductsFt1Props
FN:23,(anonymous_1)
FN:27,(anonymous_2)
FN:28,(anonymous_3)
FNF:4
FNH:0
FNDA:0,mapProductsFt1Props
FNDA:0,(anonymous_1)
FNDA:0,(anonymous_2)
FNDA:0,(anonymous_3)
DA:22,0
DA:23,0
DA:26,0
DA:27,0
DA:28,0
DA:30,0
DA:31,0
DA:33,0
LF:8
LH:0
BRDA:26,0,0,0
BRDA:26,0,1,0
BRDA:35,1,0,0
BRDA:35,1,1,0
BRDA:37,2,0,0
BRDA:37,2,1,0
BRDA:37,3,0,0
BRDA:37,3,1,0
BRF:8
BRH:0
end_of_record
TN:
SF:apps/frontend/src/pages/products/useProductsFt2Adapter.ts
FN:45,mapProductsFt2Props
FNF:1
FNH:1
FNDA:3,mapProductsFt2Props
DA:48,3
LF:1
LH:1
BRDA:50,0,0,3
BRDA:50,0,1,0
BRDA:53,1,0,1
BRDA:53,1,1,2
BRDA:59,2,0,1
BRDA:59,2,1,2
BRDA:64,3,0,1
BRDA:64,3,1,2
BRF:8
BRH:7
end_of_record
TN:
SF:apps/frontend/src/themes/custom-shadows.jsx
FN:7,createCustomShadow
FN:9,(anonymous_1)
FN:28,CustomShadows
FNF:3
FNH:3
FNDA:242,createCustomShadow
FNDA:1452,(anonymous_1)
FNDA:242,CustomShadows
DA:8,242
DA:9,1452
DA:11,242
DA:29,242
DA:30,242
LF:5
LH:5
BRDA:29,0,0,121
BRDA:29,0,1,121
BRF:2
BRH:2
end_of_record
TN:
SF:apps/frontend/src/themes/index.tsx
FN:22,ThemeCustomization
FN:27,(anonymous_1)
FN:31,(anonymous_2)
FN:32,(anonymous_3)
FN:33,(anonymous_4)
FN:36,(anonymous_5)
FN:67,(anonymous_6)
FNF:7
FNH:7
FNDA:123,ThemeCustomization
FNDA:121,(anonymous_1)
FNDA:121,(anonymous_2)
FNDA:121,(anonymous_3)
FNDA:121,(anonymous_4)
FNDA:121,(anonymous_5)
FNDA:123,(anonymous_6)
DA:25,123
DA:27,123
DA:28,121
DA:29,121
DA:31,123
DA:32,123
DA:33,123
DA:35,123
DA:36,121
DA:66,123
DA:67,123
DA:69,123
LF:12
LH:12
BRF:0
BRH:0
end_of_record
TN:
SF:apps/frontend/src/themes/palette.ts
FN:19,buildPalette
FNF:1
FNH:1
FNDA:121,buildPalette
DA:21,121
DA:24,121
DA:74,121
DA:123,121
LF:4
LH:4
BRF:0
BRH:0
end_of_record
TN:
SF:apps/frontend/src/themes/presetColors.ts
FN:146,(anonymous_0)
FN:147,(anonymous_1)
FNF:2
FNH:2
FNDA:121,(anonymous_0)
FNDA:127,(anonymous_1)
DA:35,28
DA:46,28
DA:57,28
DA:68,28
DA:79,28
DA:90,28
DA:101,28
DA:113,28
DA:134,28
DA:146,28
DA:147,127
DA:148,121
LF:12
LH:12
BRDA:148,0,0,121
BRDA:148,0,1,1
BRF:2
BRH:2
end_of_record
TN:
SF:apps/frontend/src/themes/typography.tsx
FN:6,Typography
FNF:1
FNH:1
FNDA:121,Typography
DA:7,121
LF:1
LH:1
BRF:0
BRH:0
end_of_record
TN:
SF:apps/frontend/src/themes/overrides/Alert.ts
FN:21,Alert
FN:23,(anonymous_1)
FN:33,(anonymous_2)
FN:45,(anonymous_3)
FN:57,(anonymous_4)
FN:80,(anonymous_5)
FNF:6
FNH:1
FNDA:123,Alert
FNDA:0,(anonymous_1)
FNDA:0,(anonymous_2)
FNDA:0,(anonymous_3)
FNDA:0,(anonymous_4)
FNDA:0,(anonymous_5)
DA:23,123
DA:24,0
DA:25,0
DA:26,0
DA:27,0
DA:29,0
DA:33,123
DA:34,0
DA:35,0
DA:36,0
DA:45,123
DA:46,0
DA:47,0
DA:48,0
DA:57,123
DA:58,0
DA:59,0
DA:60,0
DA:70,123
DA:80,0
LF:20
LH:5
BRDA:24,0,0,0
BRDA:24,0,1,0
BRDA:24,0,2,0
BRDA:24,0,3,0
BRDA:24,0,4,0
BRDA:35,1,0,0
BRDA:35,1,1,0
BRDA:37,2,0,0
BRDA:37,2,1,0
BRDA:38,3,0,0
BRDA:38,3,1,0
BRDA:40,4,0,0
BRDA:40,4,1,0
BRDA:47,5,0,0
BRDA:47,5,1,0
BRDA:49,6,0,0
BRDA:49,6,1,0
BRDA:50,7,0,0
BRDA:50,7,1,0
BRDA:52,8,0,0
BRDA:52,8,1,0
BRDA:59,9,0,0
BRDA:59,9,1,0
BRDA:61,10,0,0
BRDA:61,10,1,0
BRDA:62,11,0,0
BRDA:62,11,1,0
BRDA:64,12,0,0
BRDA:64,12,1,0
BRDA:83,13,0,0
BRDA:83,13,1,0
BRDA:84,14,0,0
BRDA:84,14,1,0
BRDA:85,15,0,0
BRDA:85,15,1,0
BRF:35
BRH:0
end_of_record
TN:
SF:apps/frontend/src/themes/overrides/Autocomplete.tsx
FN:15,Autocomplete
FNF:1
FNH:1
FNDA:123,Autocomplete
DA:16,123
LF:1
LH:1
BRDA:24,0,0,0
BRDA:24,0,1,123
BRDA:25,1,0,0
BRDA:25,1,1,0
BRDA:31,2,0,0
BRDA:31,2,1,123
BRDA:32,3,0,0
BRDA:32,3,1,0
BRDA:33,4,0,123
BRDA:33,4,1,0
BRDA:37,5,0,0
BRDA:37,5,1,123
BRDA:38,6,0,0
BRDA:38,6,1,0
BRDA:39,7,0,123
BRDA:39,7,1,0
BRDA:41,8,0,0
BRDA:41,8,1,123
BRF:18
BRH:6
end_of_record
TN:
SF:apps/frontend/src/themes/overrides/Avatar.tsx
FN:12,Avatar
FNF:1
FNH:1
FNDA:123,Avatar
DA:13,123
LF:1
LH:1
BRDA:18,0,0,123
BRDA:18,0,1,0
BRDA:19,1,0,123
BRDA:19,1,1,0
BRDA:22,2,0,123
BRDA:22,2,1,0
BRDA:23,3,0,0
BRDA:23,3,1,0
BRDA:24,4,0,0
BRDA:24,4,1,0
BRF:10
BRH:3
end_of_record
TN:
SF:apps/frontend/src/themes/overrides/Button.tsx
FN:21,SliderOverrides
FNF:1
FNH:1
FNDA:123,SliderOverrides
DA:24,123
DA:45,123
LF:2
LH:2
BRDA:27,0,0,0
BRDA:27,0,1,123
BRDA:28,1,0,0
BRDA:28,1,1,0
BRDA:29,2,0,123
BRDA:29,2,1,0
BRDA:37,3,0,0
BRDA:37,3,1,123
BRF:8
BRH:3
end_of_record
TN:
SF:apps/frontend/src/themes/overrides/CardActions.ts
FN:11,CardActions
FNF:1
FNH:0
FNDA:0,CardActions
DA:12,0
LF:1
LH:0
BRF:0
BRH:0
end_of_record
TN:
SF:apps/frontend/src/themes/overrides/CardContent.ts
FN:12,CardContent
FNF:1
FNH:1
FNDA:123,CardContent
DA:13,123
LF:1
LH:1
BRF:0
BRH:0
end_of_record
TN:
SF:apps/frontend/src/themes/overrides/CardHeader.ts
FN:10,CardHeader
FNF:1
FNH:1
FNDA:123,CardHeader
DA:11,123
LF:1
LH:1
BRF:0
BRH:0
end_of_record
TN:
SF:apps/frontend/src/themes/overrides/Checkbox.ts
FN:11,Checkbox
FNF:1
FNH:1
FNDA:123,Checkbox
DA:12,123
LF:1
LH:1
BRF:0
BRH:0
end_of_record
TN:
SF:apps/frontend/src/themes/overrides/Chip.tsx
FN:17,Chip
FN:19,(anonymous_1)
FN:24,(anonymous_2)
FNF:3
FNH:1
FNDA:123,Chip
FNDA:0,(anonymous_1)
FNDA:0,(anonymous_2)
DA:19,123
DA:20,0
DA:21,0
DA:24,123
DA:25,0
DA:26,0
DA:27,0
DA:28,0
DA:29,0
DA:39,0
DA:40,0
DA:50,0
DA:53,123
LF:13
LH:3
BRDA:20,0,0,0
BRDA:20,0,1,0
BRDA:20,1,0,0
BRDA:20,1,1,0
BRDA:26,2,0,0
BRDA:26,2,1,0
BRDA:28,3,0,0
BRDA:28,3,1,0
BRDA:30,4,0,0
BRDA:30,4,1,0
BRDA:31,5,0,0
BRDA:31,5,1,0
BRDA:31,6,0,0
BRDA:31,6,1,0
BRDA:32,7,0,0
BRDA:32,7,1,0
BRDA:32,8,0,0
BRDA:32,8,1,0
BRDA:33,9,0,0
BRDA:33,9,1,0
BRDA:35,10,0,0
BRDA:35,10,1,0
BRDA:36,11,0,0
BRDA:36,11,1,0
BRDA:39,12,0,0
BRDA:39,12,1,0
BRDA:42,13,0,0
BRDA:42,13,1,0
BRDA:43,14,0,0
BRDA:43,14,1,0
BRDA:45,15,0,0
BRDA:45,15,1,0
BRDA:46,16,0,0
BRDA:46,16,1,0
BRF:34
BRH:0
end_of_record
TN:
SF:apps/frontend/src/themes/overrides/DataGrid.tsx
FN:15,DataGrid
FNF:1
FNH:1
FNDA:123,DataGrid
DA:18,123
LF:1
LH:1
BRDA:42,0,0,123
BRDA:42,0,1,0
BRDA:48,1,0,0
BRDA:48,1,1,123
BRDA:60,2,0,123
BRDA:60,2,1,0
BRDA:84,3,0,0
BRDA:84,3,1,123
BRDA:92,4,0,0
BRDA:92,4,1,123
BRDA:96,5,0,0
BRDA:96,5,1,123
BRDA:99,6,0,0
BRDA:99,6,1,123
BRDA:102,7,0,0
BRDA:102,7,1,123
BRDA:106,8,0,0
BRDA:106,8,1,123
BRF:18
BRH:9
end_of_record
TN:
SF:apps/frontend/src/themes/overrides/DatePicker.tsx
FN:18,DatePicker
FN:24,(anonymous_1)
FNF:2
FNH:1
FNDA:123,DatePicker
FNDA:0,(anonymous_1)
DA:19,123
DA:24,0
LF:2
LH:1
BRF:0
BRH:0
end_of_record
TN:
SF:apps/frontend/src/themes/overrides/DateTimePickerToolbar.tsx
FN:3,DateTimePickerToolbar
FNF:1
FNH:1
FNDA:123,DateTimePickerToolbar
DA:4,123
LF:1
LH:1
BRF:0
BRH:0
end_of_record
TN:
SF:apps/frontend/src/themes/overrides/Dialog.ts
FN:10,Dialog
FNF:1
FNH:1
FNDA:123,Dialog
DA:11,123
LF:1
LH:1
BRF:0
BRH:0
end_of_record
TN:
SF:apps/frontend/src/themes/overrides/DialogTitle.ts
FN:10,DialogTitle
FNF:1
FNH:1
FNDA:123,DialogTitle
DA:11,123
LF:1
LH:1
BRF:0
BRH:0
end_of_record
TN:
SF:apps/frontend/src/themes/overrides/Divider.ts
FN:10,Divider
FNF:1
FNH:1
FNDA:123,Divider
DA:11,123
LF:1
LH:1
BRF:0
BRH:0
end_of_record
TN:
SF:apps/frontend/src/themes/overrides/InputBase.ts
FN:10,InputBase
FNF:1
FNH:1
FNDA:123,InputBase
DA:11,123
LF:1
LH:1
BRF:0
BRH:0
end_of_record
TN:
SF:apps/frontend/src/themes/overrides/InternalDateTimePickerTabs.ts
FN:18,InternalDateTimePickerTabs
FNF:1
FNH:1
FNDA:123,InternalDateTimePickerTabs
DA:19,123
LF:1
LH:1
BRDA:25,0,0,0
BRDA:25,0,1,123
BRDA:26,1,0,0
BRDA:26,1,1,0
BRDA:30,2,0,0
BRDA:30,2,1,123
BRDA:31,3,0,0
BRDA:31,3,1,0
BRDA:32,4,0,123
BRDA:32,4,1,0
BRDA:35,5,0,0
BRDA:35,5,1,123
BRDA:37,6,0,123
BRDA:37,6,1,0
BRF:14
BRH:5
end_of_record
TN:
SF:apps/frontend/src/themes/overrides/ListItemButton.ts
FN:11,ListItemButton
FNF:1
FNH:1
FNDA:123,ListItemButton
DA:12,123
DA:14,123
LF:2
LH:2
BRDA:22,0,0,0
BRDA:22,0,1,123
BRDA:23,1,0,0
BRDA:23,1,1,123
BRDA:27,2,0,0
BRDA:27,2,1,123
BRDA:33,3,0,0
BRDA:33,3,1,123
BRDA:41,4,0,0
BRDA:41,4,1,123
BRDA:42,5,0,0
BRDA:42,5,1,123
BRDA:46,6,0,0
BRDA:46,6,1,123
BRF:14
BRH:7
end_of_record
TN:
SF:apps/frontend/src/themes/overrides/ListItemIcon.ts
FN:10,ListItemIcon
FNF:1
FNH:1
FNDA:123,ListItemIcon
DA:11,123
LF:1
LH:1
BRF:0
BRH:0
end_of_record
TN:
SF:apps/frontend/src/themes/overrides/ListItemText.ts
FN:10,ListItemText
FNF:1
FNH:1
FNDA:123,ListItemText
DA:11,123
LF:1
LH:1
BRF:0
BRH:0
end_of_record
TN:
SF:apps/frontend/src/themes/overrides/OutlinedInput.ts
FN:13,OutlinedInput
FNF:1
FNH:1
FNDA:123,OutlinedInput
DA:14,123
DA:17,123
DA:18,123
DA:20,123
LF:4
LH:4
BRDA:17,0,0,122
BRDA:17,0,1,1
BRDA:17,1,0,122
BRDA:17,1,1,0
BRDA:18,2,0,122
BRDA:18,2,1,1
BRDA:18,3,0,122
BRDA:18,3,1,0
BRDA:23,4,0,0
BRDA:23,4,1,123
BRDA:39,5,0,0
BRDA:39,5,1,123
BRDA:52,6,0,0
BRDA:52,6,1,123
BRDA:82,7,0,0
BRDA:82,7,1,123
BRDA:83,8,0,0
BRDA:83,8,1,0
BRDA:84,9,0,123
BRDA:84,9,1,0
BRF:20
BRH:11
end_of_record
TN:
SF:apps/frontend/src/themes/overrides/PaginationItem.ts
FN:7,PaginationItem
FNF:1
FNH:1
FNDA:123,PaginationItem
DA:8,123
LF:1
LH:1
BRF:0
BRH:0
end_of_record
TN:
SF:apps/frontend/src/themes/overrides/Paper.ts
FN:7,Paper
FNF:1
FNH:1
FNDA:123,Paper
DA:8,123
LF:1
LH:1
BRF:0
BRH:0
end_of_record
TN:
SF:apps/frontend/src/themes/overrides/PickersTextField.ts
FN:11,PickersTextField
FNF:1
FNH:1
FNDA:123,PickersTextField
DA:12,123
DA:13,123
DA:14,123
DA:16,123
LF:4
LH:4
BRDA:13,0,0,122
BRDA:13,0,1,1
BRDA:13,1,0,122
BRDA:13,1,1,0
BRDA:14,2,0,122
BRDA:14,2,1,1
BRDA:14,3,0,122
BRDA:14,3,1,0
BRDA:21,4,0,0
BRDA:21,4,1,123
BRF:10
BRH:7
end_of_record
TN:
SF:apps/frontend/src/themes/overrides/Select.ts
FN:12,Select
FNF:1
FNH:1
FNDA:123,Select
DA:13,123
LF:1
LH:1
BRF:0
BRH:0
end_of_record
TN:
SF:apps/frontend/src/themes/overrides/TableCell.ts
FN:9,TableCell
FNF:1
FNH:1
FNDA:123,TableCell
DA:10,123
DA:12,123
LF:2
LH:2
BRDA:15,0,0,0
BRDA:15,0,1,123
BRDA:16,1,0,0
BRDA:16,1,1,0
BRDA:17,2,0,123
BRDA:17,2,1,0
BRDA:21,3,0,0
BRDA:21,3,1,123
BRDA:22,4,0,0
BRDA:22,4,1,0
BRDA:23,5,0,123
BRDA:23,5,1,0
BRF:12
BRH:4
end_of_record
TN:
SF:apps/frontend/src/themes/overrides/Tabs.ts
FN:8,Tabs
FNF:1
FNH:1
FNDA:123,Tabs
DA:9,123
DA:11,123
LF:2
LH:2
BRDA:15,0,0,0
BRDA:15,0,1,123
BRDA:16,1,0,0
BRDA:16,1,1,0
BRDA:17,2,0,123
BRDA:17,2,1,0
BRF:6
BRH:2
end_of_record
TN:
SF:apps/frontend/src/themes/overrides/TimelineContent.ts
FN:13,TimelineContent
FNF:1
FNH:1
FNDA:123,TimelineContent
DA:14,123
LF:1
LH:1
BRF:0
BRH:0
end_of_record
TN:
SF:apps/frontend/src/themes/overrides/TimelineDot.ts
FN:13,TimelineDot
FNF:1
FNH:1
FNDA:123,TimelineDot
DA:14,123
LF:1
LH:1
BRF:0
BRH:0
end_of_record
TN:
SF:apps/frontend/src/themes/overrides/Tooltip.ts
FN:10,Tooltip
FNF:1
FNH:1
FNDA:123,Tooltip
DA:11,123
LF:1
LH:1
BRF:0
BRH:0
end_of_record
TN:
SF:apps/frontend/src/themes/overrides/TreeItem.ts
FN:11,TreeItem
FNF:1
FNH:1
FNDA:123,TreeItem
DA:12,123
LF:1
LH:1
BRF:0
BRH:0
end_of_record
TN:
SF:apps/frontend/src/themes/overrides/Typography.ts
FN:12,Typography
FNF:1
FNH:1
FNDA:123,Typography
DA:14,123
DA:15,123
DA:18,123
DA:32,123
LF:4
LH:4
BRF:0
BRH:0
end_of_record
TN:
SF:apps/frontend/src/themes/overrides/index.ts
FN:43,ComponentsOverrides
FNF:1
FNH:1
FNDA:123,ComponentsOverrides
DA:46,123
LF:1
LH:1
BRF:0
BRH:0
end_of_record
TN:
SF:apps/frontend/src/ui-component/cards/MainCard.tsx
FN:41,(anonymous_0)
FN:66,(anonymous_1)
FNF:2
FNH:2
FNDA:4,(anonymous_0)
FNDA:4,(anonymous_1)
DA:18,2
DA:40,2
DA:59,4
DA:60,4
DA:62,4
DA:66,4
LF:6
LH:6
BRDA:43,0,0,4
BRDA:46,1,0,4
BRDA:47,2,0,4
BRDA:48,3,0,4
BRDA:49,4,0,4
BRDA:53,5,0,4
BRDA:60,6,0,0
BRDA:60,6,1,4
BRDA:67,7,0,0
BRDA:67,7,1,4
BRDA:70,8,0,0
BRDA:70,8,1,4
BRDA:70,9,0,0
BRDA:70,9,1,0
BRDA:73,10,0,0
BRDA:73,10,1,4
BRDA:77,11,0,4
BRDA:77,11,1,4
BRDA:77,11,2,2
BRDA:78,12,0,4
BRDA:78,12,1,0
BRDA:78,12,2,0
BRDA:83,13,0,4
BRDA:83,13,1,2
BRDA:86,14,0,4
BRDA:86,14,1,4
BRDA:91,15,0,4
BRDA:91,15,1,0
BRF:28
BRH:19
end_of_record
TN:
SF:apps/frontend/src/ui-component/extended/Accordion.tsx
FN:27,Accordion
FN:36,(anonymous_1)
FN:36,(anonymous_2)
FN:43,(anonymous_3)
FNF:4
FNH:3
FNDA:9,Accordion
FNDA:15,(anonymous_1)
FNDA:0,(anonymous_2)
FNDA:15,(anonymous_3)
DA:36,15
DA:37,0
DA:38,0
DA:41,9
DA:44,15
LF:5
LH:3
BRDA:29,0,0,0
BRDA:37,1,0,0
BRDA:37,1,1,0
BRDA:38,2,0,0
BRDA:38,2,1,0
BRDA:50,3,0,1
BRDA:50,3,1,14
BRDA:51,4,0,1
BRDA:51,4,1,14
BRDA:52,5,0,1
BRDA:52,5,1,14
BRDA:55,6,0,15
BRDA:55,6,1,0
BRDA:57,7,0,0
BRDA:57,7,1,0
BRDA:63,8,0,0
BRDA:63,8,1,15
BRDA:63,9,0,15
BRDA:63,9,1,15
BRDA:66,10,0,1
BRDA:66,10,1,14
BRDA:67,11,0,1
BRDA:67,11,1,14
BRDA:68,12,0,1
BRDA:68,12,1,14
BRDA:69,13,0,1
BRDA:69,13,1,14
BRDA:70,14,0,1
BRDA:70,14,1,14
BRF:29
BRH:20
end_of_record
TN:
SF:apps/frontend/src/ui/ft1-checklist/Ft1ChecklistSurface.tsx
FN:9,Ft1ChecklistSurface
FN:18,(anonymous_1)
FN:26,(anonymous_2)
FN:35,(anonymous_3)
FN:60,(anonymous_4)
FNF:5
FNH:0
FNDA:0,Ft1ChecklistSurface
FNDA:0,(anonymous_1)
FNDA:0,(anonymous_2)
FNDA:0,(anonymous_3)
FNDA:0,(anonymous_4)
DA:10,0
DA:12,0
DA:13,0
DA:14,0
DA:16,0
DA:18,0
DA:26,0
DA:27,0
DA:30,0
DA:33,0
DA:35,0
DA:39,0
DA:51,0
DA:53,0
DA:60,0
LF:15
LH:0
BRDA:14,0,0,0
BRDA:14,0,1,0
BRDA:16,1,0,0
BRDA:16,1,1,0
BRDA:51,2,0,0
BRDA:51,2,1,0
BRF:6
BRH:0
end_of_record
TN:
SF:apps/frontend/src/utils/authStore.ts
FN:10,(anonymous_0)
FN:14,(anonymous_1)
FN:18,(anonymous_2)
FNF:3
FNH:1
FNDA:0,(anonymous_0)
FNDA:2,(anonymous_1)
FNDA:0,(anonymous_2)
DA:8,31
DA:10,31
DA:11,0
DA:14,31
DA:15,2
DA:18,31
DA:19,0
LF:7
LH:5
BRF:0
BRH:0
end_of_record
TN:
SF:apps/frontend/src/utils/colorUtils.js
FN:11,hexToRgbChannel
FN:17,(anonymous_1)
FN:23,(anonymous_2)
FN:38,extendPaletteWithChannels
FN:41,(anonymous_4)
FN:52,withAlpha
FNF:6
FNH:1
FNDA:0,hexToRgbChannel
FNDA:0,(anonymous_1)
FNDA:0,(anonymous_2)
FNDA:0,extendPaletteWithChannels
FNDA:0,(anonymous_4)
FNDA:3146,withAlpha
DA:12,0
DA:14,0
DA:15,0
DA:17,0
DA:20,0
DA:21,0
DA:23,0
DA:27,0
DA:28,0
DA:31,0
DA:32,0
DA:33,0
DA:35,0
DA:39,0
DA:41,0
DA:42,0
DA:43,0
DA:44,0
DA:45,0
DA:49,0
DA:54,3146
DA:55,3146
DA:59,0
DA:61,0
DA:65,0
LF:25
LH:2
BRDA:14,0,0,0
BRDA:14,0,1,0
BRDA:20,1,0,0
BRDA:20,1,1,0
BRDA:27,2,0,0
BRDA:27,2,1,0
BRDA:27,3,0,0
BRDA:27,3,1,0
BRDA:42,4,0,0
BRDA:42,4,1,0
BRDA:42,5,0,0
BRDA:42,5,1,0
BRDA:44,6,0,0
BRDA:44,6,1,0
BRDA:44,7,0,0
BRDA:44,7,1,0
BRDA:54,8,0,3146
BRDA:54,8,1,0
BRDA:59,9,0,0
BRDA:59,9,1,0
BRF:20
BRH:1
end_of_record
TN:
SF:apps/frontend/src/utils/intentScoring.ts
FN:18,(anonymous_0)
FN:45,(anonymous_1)
FN:51,(anonymous_2)
FN:64,(anonymous_3)
FN:78,(anonymous_4)
FNF:5
FNH:5
FNDA:10,(anonymous_0)
FNDA:1017,(anonymous_1)
FNDA:15,(anonymous_2)
FNDA:4,(anonymous_3)
FNDA:13,(anonymous_4)
DA:18,1
DA:19,10
DA:22,10
DA:23,10
DA:26,10
DA:27,10
DA:30,10
DA:31,10
DA:34,10
DA:35,10
DA:38,10
DA:42,10
DA:45,10
DA:46,1017
DA:51,10
DA:52,15
DA:53,14
DA:54,13
DA:55,0
DA:58,10
DA:61,10
DA:64,1
DA:68,4
DA:71,4
DA:72,3
DA:75,4
DA:78,1
DA:79,13
DA:80,10
DA:81,4
LF:30
LH:29
BRDA:46,0,0,1017
BRDA:46,0,1,1016
BRDA:46,0,2,1015
BRDA:52,1,0,1
BRDA:52,1,1,14
BRDA:53,2,0,1
BRDA:53,2,1,13
BRDA:54,3,0,13
BRDA:54,3,1,0
BRDA:71,4,0,3
BRDA:71,4,1,1
BRDA:79,5,0,3
BRDA:79,5,1,10
BRDA:80,6,0,6
BRDA:80,6,1,4
BRF:15
BRH:14
end_of_record
TN:
SF:apps/frontend/src/utils/nudgeUtils.ts
FN:27,(anonymous_0)
FN:37,(anonymous_1)
FN:38,(anonymous_2)
FN:58,(anonymous_3)
FN:63,(anonymous_4)
FNF:5
FNH:5
FNDA:1008,(anonymous_0)
FNDA:2011,(anonymous_1)
FNDA:2011,(anonymous_2)
FNDA:9,(anonymous_3)
FNDA:14,(anonymous_4)
DA:27,2
DA:28,1008
DA:29,1
DA:32,1007
DA:33,2
DA:37,2011
DA:38,2011
DA:44,1005
DA:45,1005
DA:47,1005
DA:48,1720
DA:49,1720
DA:50,1005
DA:55,0
DA:58,2
DA:59,9
DA:60,6
DA:63,2
DA:65,14
DA:66,2
DA:70,12
DA:71,0
DA:75,12
DA:76,3
DA:79,9
LF:25
LH:23
BRDA:28,0,0,1
BRDA:28,0,1,1007
BRDA:32,1,0,2
BRDA:32,1,1,1005
BRDA:49,2,0,1005
BRDA:49,2,1,715
BRDA:59,3,0,3
BRDA:59,3,1,6
BRDA:59,4,0,9
BRDA:59,4,1,7
BRDA:65,5,0,2
BRDA:65,5,1,12
BRDA:65,6,0,14
BRDA:65,6,1,9
BRDA:70,7,0,0
BRDA:70,7,1,12
BRDA:70,8,0,12
BRDA:70,8,1,3
BRDA:75,9,0,3
BRDA:75,9,1,9
BRDA:75,10,0,12
BRDA:75,10,1,8
BRDA:75,11,0,8
BRDA:75,11,1,0
BRF:24
BRH:22
end_of_record
TN:
SF:apps/frontend/src/utils/sessionUtils.ts
FN:3,(anonymous_0)
FN:9,(anonymous_1)
FN:32,(anonymous_2)
FN:39,(anonymous_3)
FNF:4
FNH:4
FNDA:3,(anonymous_0)
FNDA:6,(anonymous_1)
FNDA:11,(anonymous_2)
FNDA:10,(anonymous_3)
DA:3,1
DA:4,3
DA:5,3
DA:6,3
DA:9,1
DA:10,6
DA:23,6
DA:24,6
DA:25,562
DA:26,562
DA:27,562
DA:29,6
DA:32,1
DA:33,11
DA:34,5
DA:36,6
DA:39,1
DA:40,10
DA:41,10
DA:42,10
LF:20
LH:20
BRDA:33,0,0,5
BRDA:33,0,1,6
BRDA:33,1,0,11
BRDA:33,1,1,10
BRDA:33,1,2,7
BRDA:33,1,3,6
BRDA:40,2,0,0
BRDA:40,2,1,10
BRF:8
BRH:7
end_of_record
TN:
SF:apps/frontend/src/wiring/analyticsAhaAdapter.ts
FN:7,useAnalyticsAhaAdapter
FN:10,(anonymous_1)
FNF:2
FNH:1
FNDA:3,useAnalyticsAhaAdapter
FNDA:0,(anonymous_1)
DA:8,3
DA:10,3
DA:11,0
DA:12,0
DA:15,0
DA:21,0
DA:24,0
LF:7
LH:2
BRDA:11,0,0,0
BRDA:11,0,1,0
BRF:2
BRH:0
end_of_record
TN:
SF:apps/frontend/src/wiring/checklistIntentAdapter.ts
FN:5,useChecklistIntentAdapter
FN:8,(anonymous_1)
FNF:2
FNH:2
FNDA:2,useChecklistIntentAdapter
FNDA:2,(anonymous_1)
DA:6,2
DA:8,2
DA:9,2
DA:10,2
LF:4
LH:4
BRDA:9,0,0,2
BRDA:9,0,1,0
BRF:2
BRH:1
end_of_record
TN:
SF:apps/frontend/src/wiring/financesAhaAdapter.ts
FN:8,useFinancesAhaAdapter
FN:11,(anonymous_1)
FNF:2
FNH:0
FNDA:0,useFinancesAhaAdapter
FNDA:0,(anonymous_1)
DA:9,0
DA:11,0
DA:12,0
DA:13,0
DA:16,0
DA:22,0
DA:25,0
LF:7
LH:0
BRDA:12,0,0,0
BRDA:12,0,1,0
BRF:2
BRH:0
end_of_record
TN:
SF:apps/frontend/src/wiring/ft1ChecklistAdapter.ts
FN:29,mapFt1Checklist
FN:33,(anonymous_1)
FN:36,(anonymous_2)
FNF:3
FNH:3
FNDA:4,mapFt1Checklist
FNDA:6,(anonymous_1)
FNDA:6,(anonymous_2)
DA:30,4
DA:32,4
DA:33,6
DA:36,6
LF:4
LH:4
BRDA:30,0,0,4
BRDA:30,0,1,0
BRDA:35,1,0,6
BRDA:35,1,1,0
BRDA:36,2,0,6
BRDA:36,2,1,0
BRF:6
BRH:3
end_of_record
TN:
SF:apps/frontend/src/wiring/orderNexusAhaAdapter.ts
FN:6,useOrderNexusAhaAdapter
FN:9,(anonymous_1)
FNF:2
FNH:2
FNDA:1,useOrderNexusAhaAdapter
FNDA:1,(anonymous_1)
DA:7,1
DA:9,1
DA:10,1
DA:11,1
DA:14,1
DA:20,1
DA:23,1
LF:7
LH:7
BRDA:10,0,0,1
BRDA:10,0,1,0
BRF:2
BRH:1
end_of_record
TN:
SF:apps/frontend/src/wiring/productsAhaAdapter.ts
FN:6,useProductsAhaAdapter
FN:9,(anonymous_1)
FNF:2
FNH:0
FNDA:0,useProductsAhaAdapter
FNDA:0,(anonymous_1)
DA:7,0
DA:9,0
DA:15,0
DA:21,0
DA:32,0
LF:5
LH:0
BRF:0
BRH:0
end_of_record
TN:
SF:apps/frontend/src/wiring/specterAhaAdapter.ts
FN:7,useSpecterAhaAdapter
FN:10,(anonymous_1)
FNF:2
FNH:0
FNDA:0,useSpecterAhaAdapter
FNDA:0,(anonymous_1)
DA:8,0
DA:10,0
DA:11,0
DA:12,0
DA:15,0
DA:21,0
DA:24,0
LF:7
LH:0
BRDA:11,0,0,0
BRDA:11,0,1,0
BRF:2
BRH:0
end_of_record
TN:
SF:apps/frontend/src/wiring/specterChecklistAdapter.ts
FN:23,useSpecterChecklistAdapter
FN:24,(anonymous_1)
FNF:2
FNH:2
FNDA:2,useSpecterChecklistAdapter
FNDA:2,(anonymous_1)
DA:24,2
DA:25,2
DA:27,1
LF:3
LH:3
BRDA:25,0,0,1
BRDA:25,0,1,1
BRF:2
BRH:2
end_of_record
TN:
SF:modules/analytics/src/ui/ModuleEntry.tsx
FNF:0
FNH:0
DA:4,9
LF:1
LH:1
BRF:0
BRH:0
end_of_record
TN:
SF:modules/analytics/src/ui/index.ts
FNF:0
FNH:0
LF:0
LH:0
BRF:0
BRH:0
end_of_record
TN:
SF:modules/analytics/src/ui/components/AnalyticsDiagnosticCard.tsx
FN:12,AnalyticsDiagnosticCard
FN:53,(anonymous_1)
FNF:2
FNH:0
FNDA:0,AnalyticsDiagnosticCard
FNDA:0,(anonymous_1)
DA:19,0
DA:54,0
DA:58,0
LF:3
LH:0
BRDA:48,0,0,0
BRDA:48,0,1,0
BRDA:48,0,2,0
BRF:3
BRH:0
end_of_record
TN:
SF:modules/analytics/src/ui/hooks/useAnalyticsFt1Scenario.ts
FN:4,useAnalyticsFt1Scenario
FNF:1
FNH:1
FNDA:4,useAnalyticsFt1Scenario
DA:7,4
DA:10,4
DA:15,1
DA:19,3
DA:20,1
DA:24,2
DA:25,1
DA:29,1
DA:30,0
DA:33,1
LF:10
LH:9
BRDA:10,0,0,1
BRDA:10,0,1,3
BRDA:11,1,0,4
BRDA:11,1,1,3
BRDA:11,1,2,3
BRDA:19,2,0,1
BRDA:19,2,1,2
BRDA:24,3,0,1
BRDA:24,3,1,1
BRDA:29,4,0,0
BRDA:29,4,1,1
BRF:11
BRH:10
end_of_record
TN:
SF:modules/analytics/src/ui/pages/AnalyticsModule.tsx
FN:34,AnalyticsModule
FN:44,(anonymous_1)
FN:71,(anonymous_2)
FN:86,(anonymous_3)
FN:101,(anonymous_4)
FNF:5
FNH:0
FNDA:0,AnalyticsModule
FNDA:0,(anonymous_1)
FNDA:0,(anonymous_2)
FNDA:0,(anonymous_3)
FNDA:0,(anonymous_4)
DA:35,0
DA:37,0
DA:38,0
DA:44,0
DA:45,0
DA:46,0
DA:52,0
DA:54,0
DA:63,0
DA:71,0
DA:78,0
DA:86,0
DA:93,0
DA:101,0
DA:108,0
LF:15
LH:0
BRDA:52,0,0,0
BRDA:52,0,1,0
BRDA:52,0,2,0
BRDA:52,0,3,0
BRDA:52,0,4,0
BRDA:68,1,0,0
BRDA:68,1,1,0
BRDA:70,2,0,0
BRDA:70,2,1,0
BRDA:83,3,0,0
BRDA:83,3,1,0
BRDA:85,4,0,0
BRDA:85,4,1,0
BRDA:98,5,0,0
BRDA:98,5,1,0
BRDA:100,6,0,0
BRDA:100,6,1,0
BRF:17
BRH:0
end_of_record
TN:
SF:modules/analytics/src/ui/pages/AnalyticsModuleFT2.tsx
FN:58,AnalyticsModuleFT2
FNF:1
FNH:1
FNDA:2,AnalyticsModuleFT2
DA:45,9
DA:61,2
DA:64,2
DA:66,2
LF:4
LH:4
BRDA:79,0,0,1
BRDA:79,0,1,1
BRDA:85,1,0,1
BRDA:85,1,1,1
BRF:4
BRH:4
end_of_record
TN:
SF:modules/customers/src/ui/ModuleEntry.tsx
FNF:0
FNH:0
DA:4,1
LF:1
LH:1
BRF:0
BRH:0
end_of_record
TN:
SF:modules/customers/src/ui/pages/CustomersModuleFT2.tsx
FN:70,CustomersModuleFT2
FNF:1
FNH:1
FNDA:3,CustomersModuleFT2
DA:73,3
DA:80,3
DA:85,3
LF:3
LH:3
BRDA:95,0,0,1
BRDA:95,0,1,2
BRDA:104,1,0,1
BRDA:104,1,1,2
BRDA:112,2,0,1
BRDA:112,2,1,2
BRF:6
BRH:6
end_of_record
TN:
SF:modules/finances/src/ui/ModuleEntry.tsx
FNF:0
FNH:0
DA:4,9
LF:1
LH:1
BRF:0
BRH:0
end_of_record
TN:
SF:modules/finances/src/ui/index.ts
FNF:0
FNH:0
LF:0
LH:0
BRF:0
BRH:0
end_of_record
TN:
SF:modules/finances/src/ui/components/FinancesDiagnosticCard.tsx
FN:22,FinancesDiagnosticCard
FN:63,(anonymous_1)
FNF:2
FNH:0
FNDA:0,FinancesDiagnosticCard
FNDA:0,(anonymous_1)
DA:29,0
DA:64,0
DA:68,0
LF:3
LH:0
BRDA:58,0,0,0
BRDA:58,0,1,0
BRDA:58,0,2,0
BRF:3
BRH:0
end_of_record
TN:
SF:modules/finances/src/ui/hooks/useFinancesFt1Scenario.ts
FN:14,useFinancesFt1Scenario
FNF:1
FNH:1
FNDA:4,useFinancesFt1Scenario
DA:17,4
DA:19,4
DA:24,0
DA:27,4
DA:28,0
DA:31,4
DA:32,4
DA:35,0
LF:8
LH:5
BRDA:19,0,0,0
BRDA:19,0,1,4
BRDA:20,1,0,4
BRDA:20,1,1,4
BRDA:20,1,2,4
BRDA:27,2,0,0
BRDA:27,2,1,4
BRDA:31,3,0,4
BRDA:31,3,1,0
BRF:9
BRH:6
end_of_record
TN:
SF:modules/finances/src/ui/pages/FinancesModule.tsx
FN:27,FinancesModule
FN:30,(anonymous_1)
FN:47,(anonymous_2)
FN:62,(anonymous_3)
FNF:4
FNH:0
FNDA:0,FinancesModule
FNDA:0,(anonymous_1)
FNDA:0,(anonymous_2)
FNDA:0,(anonymous_3)
DA:28,0
DA:30,0
DA:31,0
DA:37,0
DA:39,0
DA:47,0
DA:54,0
DA:62,0
DA:69,0
DA:79,0
LF:10
LH:0
BRDA:37,0,0,0
BRDA:37,0,1,0
BRDA:37,0,2,0
BRDA:37,0,3,0
BRDA:37,0,4,0
BRDA:44,1,0,0
BRDA:44,1,1,0
BRDA:46,2,0,0
BRDA:46,2,1,0
BRDA:59,3,0,0
BRDA:59,3,1,0
BRDA:61,4,0,0
BRDA:61,4,1,0
BRF:13
BRH:0
end_of_record
TN:
SF:modules/finances/src/ui/pages/FinancesModuleFT2.tsx
FN:47,FinancesModuleFT2
FNF:1
FNH:1
FNDA:8,FinancesModuleFT2
DA:50,8
DA:52,8
LF:2
LH:2
BRDA:58,0,0,1
BRDA:58,0,1,7
BRDA:65,1,0,0
BRDA:65,1,1,8
BRDA:70,2,0,0
BRDA:70,2,1,8
BRDA:77,3,0,2
BRDA:77,3,1,6
BRDA:83,4,0,2
BRDA:83,4,1,6
BRDA:89,5,0,2
BRDA:89,5,1,6
BRDA:89,6,0,8
BRDA:89,6,1,7
BRF:14
BRH:12
end_of_record
TN:
SF:modules/order-nexus/src/ui/ModuleEntry.tsx
FNF:0
FNH:0
LF:0
LH:0
BRF:0
BRH:0
end_of_record
TN:
SF:modules/order-nexus/src/ui/OrderNexusAhaPanel.tsx
FN:15,OrderNexusAhaPanel
FN:34,(anonymous_1)
FNF:2
FNH:2
FNDA:4,OrderNexusAhaPanel
FNDA:1,(anonymous_1)
DA:19,4
DA:20,1
DA:23,3
DA:34,1
LF:4
LH:4
BRDA:19,0,0,1
BRDA:19,0,1,3
BRDA:29,1,0,2
BRDA:29,1,1,1
BRF:4
BRH:4
end_of_record
TN:
SF:modules/order-nexus/src/ui/index.ts
FNF:0
FNH:0
LF:0
LH:0
BRF:0
BRH:0
end_of_record
TN:
SF:modules/order-nexus/src/ui/components/OrderNexusDiagnosticCard.tsx
FN:24,OrderNexusDiagnosticCard
FN:65,(anonymous_1)
FNF:2
FNH:0
FNDA:0,OrderNexusDiagnosticCard
FNDA:0,(anonymous_1)
DA:31,0
DA:66,0
DA:70,0
LF:3
LH:0
BRDA:60,0,0,0
BRDA:60,0,1,0
BRDA:60,0,2,0
BRF:3
BRH:0
end_of_record
TN:
SF:modules/order-nexus/src/ui/hooks/useOrdersFt1Scenario.ts
FN:15,useOrdersFt1Scenario
FNF:1
FNH:1
FNDA:9,useOrdersFt1Scenario
DA:18,9
DA:20,9
DA:26,9
DA:27,8
DA:28,6
DA:29,4
DA:30,2
LF:7
LH:7
BRDA:26,0,0,1
BRDA:26,0,1,8
BRDA:27,1,0,2
BRDA:27,1,1,6
BRDA:28,2,0,2
BRDA:28,2,1,4
BRDA:29,3,0,2
BRDA:29,3,1,2
BRF:8
BRH:8
end_of_record
TN:
SF:modules/order-nexus/src/ui/pages/OrdersModule.tsx
FN:33,OrdersModule
FN:43,(anonymous_1)
FN:60,(anonymous_2)
FN:74,(anonymous_3)
FN:88,(anonymous_4)
FNF:5
FNH:0
FNDA:0,OrdersModule
FNDA:0,(anonymous_1)
FNDA:0,(anonymous_2)
FNDA:0,(anonymous_3)
FNDA:0,(anonymous_4)
DA:34,0
DA:35,0
DA:37,0
DA:43,0
DA:44,0
DA:45,0
DA:51,0
DA:53,0
DA:60,0
DA:67,0
DA:74,0
DA:81,0
DA:88,0
DA:95,0
DA:104,0
LF:15
LH:0
BRDA:51,0,0,0
BRDA:51,0,1,0
BRDA:51,0,2,0
BRDA:51,0,3,0
BRDA:51,0,4,0
BRDA:58,1,0,0
BRDA:58,1,1,0
BRDA:59,2,0,0
BRDA:59,2,1,0
BRDA:72,3,0,0
BRDA:72,3,1,0
BRDA:73,4,0,0
BRDA:73,4,1,0
BRDA:86,5,0,0
BRDA:86,5,1,0
BRDA:87,6,0,0
BRDA:87,6,1,0
BRF:17
BRH:0
end_of_record
TN:
SF:modules/order-nexus/src/ui/pages/OrdersModuleFT2.tsx
FN:57,OrdersModuleFT2
FNF:1
FNH:1
FNDA:5,OrdersModuleFT2
DA:64,5
DA:66,5
DA:68,5
LF:3
LH:3
BRDA:78,0,0,1
BRDA:78,0,1,4
BRDA:86,1,0,1
BRDA:86,1,1,4
BRDA:88,2,0,4
BRDA:88,2,1,0
BRDA:93,3,0,1
BRDA:93,3,1,4
BRDA:95,4,0,4
BRDA:95,4,1,0
BRDA:103,5,0,1
BRDA:103,5,1,4
BRDA:111,6,0,1
BRDA:111,6,1,4
BRDA:119,7,0,1
BRDA:119,7,1,4
BRF:16
BRH:14
end_of_record
TN:
SF:modules/products/src/ui/ModuleEntry.tsx
FNF:0
FNH:0
DA:4,10
LF:1
LH:1
BRF:0
BRH:0
end_of_record
TN:
SF:modules/products/src/ui/index.ts
FNF:0
FNH:0
LF:0
LH:0
BRF:0
BRH:0
end_of_record
TN:
SF:modules/products/src/ui/components/ProductsDiagnosticCard.tsx
FN:24,ProductsDiagnosticCard
FN:65,(anonymous_1)
FNF:2
FNH:0
FNDA:0,ProductsDiagnosticCard
FNDA:0,(anonymous_1)
DA:31,0
DA:65,0
LF:2
LH:0
BRDA:60,0,0,0
BRDA:60,0,1,0
BRDA:60,0,2,0
BRF:3
BRH:0
end_of_record
TN:
SF:modules/products/src/ui/hooks/useProductsFt1Scenario.ts
FN:5,useProductsFt1Scenario
FNF:1
FNH:1
FNDA:6,useProductsFt1Scenario
DA:12,6
DA:15,6
DA:16,1
DA:20,5
DA:22,5
DA:26,5
DA:30,5
DA:31,3
DA:35,2
DA:36,1
DA:40,1
LF:11
LH:11
BRDA:15,0,0,1
BRDA:15,0,1,5
BRDA:20,1,0,5
BRDA:20,1,1,4
BRDA:22,2,0,5
BRDA:22,2,1,4
BRDA:26,3,0,5
BRDA:26,3,1,3
BRDA:26,3,2,3
BRDA:30,4,0,3
BRDA:30,4,1,2
BRDA:30,5,0,5
BRDA:30,5,1,4
BRDA:35,6,0,1
BRDA:35,6,1,1
BRDA:35,7,0,2
BRDA:35,7,1,0
BRF:17
BRH:16
end_of_record
TN:
SF:modules/products/src/ui/pages/ProductsModuleFT2.tsx
FN:84,ProductsModuleFT2
FNF:1
FNH:1
FNDA:2,ProductsModuleFT2
DA:87,2
DA:90,2
DA:95,2
LF:3
LH:3
BRDA:105,0,0,1
BRDA:105,0,1,1
BRDA:113,1,0,1
BRDA:113,1,1,1
BRDA:118,2,0,1
BRDA:118,2,1,1
BRF:6
BRH:6
end_of_record
TN:
SF:modules/products/src/ui/pages/ProductsPage.tsx
FN:21,ProductsModule
FN:28,(anonymous_1)
FN:46,(anonymous_2)
FN:61,(anonymous_3)
FN:76,(anonymous_4)
FNF:5
FNH:0
FNDA:0,ProductsModule
FNDA:0,(anonymous_1)
FNDA:0,(anonymous_2)
FNDA:0,(anonymous_3)
FNDA:0,(anonymous_4)
DA:22,0
DA:28,0
DA:29,0
DA:35,0
DA:38,0
DA:46,0
DA:53,0
DA:61,0
DA:68,0
DA:76,0
DA:83,0
LF:11
LH:0
BRDA:35,0,0,0
BRDA:35,0,1,0
BRDA:35,0,2,0
BRDA:35,0,3,0
BRDA:43,1,0,0
BRDA:43,1,1,0
BRDA:45,2,0,0
BRDA:45,2,1,0
BRDA:58,3,0,0
BRDA:58,3,1,0
BRDA:60,4,0,0
BRDA:60,4,1,0
BRDA:73,5,0,0
BRDA:73,5,1,0
BRDA:75,6,0,0
BRDA:75,6,1,0
BRF:16
BRH:0
end_of_record
TN:
SF:modules/shared/dist/activation/derivationVersion.js
FNF:0
FNH:0
DA:14,1
LF:1
LH:1
BRF:0
BRH:0
end_of_record
TN:
SF:modules/shared/dist/activation/deriveActivationSurfaceState.js
FN:2,deriveActivationSurfaceState
FNF:1
FNH:1
FNDA:5,deriveActivationSurfaceState
DA:3,5
DA:7,5
DA:8,1
DA:10,1
DA:15,0
DA:20,0
DA:29,4
DA:30,3
DA:32,2
DA:41,1
DA:53,1
LF:11
LH:9
BRDA:7,0,0,1
BRDA:7,0,1,4
BRDA:8,1,0,1
BRDA:8,1,1,0
BRDA:8,1,2,0
BRDA:29,2,0,3
BRDA:29,2,1,1
BRDA:30,3,0,2
BRDA:30,3,1,1
BRF:9
BRH:7
end_of_record
TN:
SF:modules/shared/dist/activation/deriveActivationVerdict.js
FN:1,deriveActivationVerdict
FN:32,(anonymous_1)
FN:33,(anonymous_2)
FNF:3
FNH:0
FNDA:0,deriveActivationVerdict
FNDA:0,(anonymous_1)
FNDA:0,(anonymous_2)
DA:2,0
DA:4,0
DA:5,0
DA:13,0
DA:14,0
DA:22,0
DA:23,0
DA:31,0
DA:32,0
DA:33,0
DA:34,0
DA:35,0
DA:43,0
LF:13
LH:0
BRDA:4,0,0,0
BRDA:4,0,1,0
BRDA:13,1,0,0
BRDA:13,1,1,0
BRDA:22,2,0,0
BRDA:22,2,1,0
BRDA:34,3,0,0
BRDA:34,3,1,0
BRF:8
BRH:0
end_of_record
TN:
SF:modules/shared/dist/activation/deriveFT0Phase.js
FN:13,deriveFT0Phase
FNF:1
FNH:0
FNDA:0,deriveFT0Phase
DA:14,0
DA:15,0
DA:17,0
DA:18,0
DA:20,0
LF:5
LH:0
BRDA:14,0,0,0
BRDA:14,0,1,0
BRDA:17,1,0,0
BRDA:17,1,1,0
BRF:4
BRH:0
end_of_record
TN:
SF:modules/shared/dist/activation/index.js
FNF:0
FNH:0
LF:0
LH:0
BRF:0
BRH:0
end_of_record
TN:
SF:modules/shared/dist/activation/types.js
FNF:0
FNH:0
LF:0
LH:0
BRF:0
BRH:0
end_of_record
TN:
SF:modules/shared/dist/ui/activation/visuals/BlindnessVisual.js
FN:19,(anonymous_0)
FN:26,(anonymous_1)
FN:33,(anonymous_2)
FN:40,(anonymous_3)
FNF:4
FNH:2
FNDA:0,(anonymous_0)
FNDA:0,(anonymous_1)
FNDA:1,(anonymous_2)
FNDA:18,(anonymous_3)
DA:7,1
DA:12,1
DA:19,1
DA:20,0
DA:26,1
DA:28,0
DA:33,1
DA:34,1
DA:35,1
DA:36,1
DA:37,1
DA:38,1
DA:41,18
DA:42,18
DA:44,18
DA:47,18
LF:16
LH:14
BRDA:38,0,0,1
BRDA:38,0,1,0
BRDA:38,1,0,1
BRDA:38,1,1,0
BRDA:40,2,0,0
BRDA:40,2,1,1
BRDA:42,3,0,18
BRDA:42,3,1,0
BRDA:44,4,0,0
BRDA:44,4,1,18
BRDA:47,5,0,18
BRDA:47,5,1,0
BRDA:48,6,0,1
BRDA:48,6,1,0
BRF:14
BRH:7
end_of_record
TN:
SF:modules/shared/dist/ui/activation/visuals/index.js
FNF:0
FNH:0
LF:0
LH:0
BRF:0
BRH:0
end_of_record
TN:
SF:modules/specter/src/ui/index.ts
FNF:0
FNH:0
LF:0
LH:0
BRF:0
BRH:0
end_of_record
TN:
SF:modules/specter/src/ui/components/SpecterDiagnosticCard.tsx
FN:22,SpecterDiagnosticCard
FNF:1
FNH:1
FNDA:5,SpecterDiagnosticCard
DA:29,5
LF:1
LH:1
BRDA:58,0,0,5
BRDA:58,0,1,1
BRDA:58,0,2,1
BRF:3
BRH:3
end_of_record
TN:
SF:modules/specter/src/ui/hooks/useSpecterFt1Scenario.ts
FN:9,useSpecterFt1Scenario
FNF:1
FNH:1
FNDA:9,useSpecterFt1Scenario
DA:12,9
DA:14,9
DA:15,2
DA:18,7
DA:19,3
DA:22,4
DA:23,2
DA:26,2
LF:8
LH:8
BRDA:14,0,0,2
BRDA:14,0,1,7
BRDA:18,1,0,3
BRDA:18,1,1,4
BRDA:22,2,0,2
BRDA:22,2,1,2
BRF:6
BRH:6
end_of_record
TN:
SF:modules/specter/src/ui/pages/SpecterModule.tsx
FN:22,SpecterModule
FN:28,(anonymous_1)
FN:54,(anonymous_2)
FN:69,(anonymous_3)
FNF:4
FNH:3
FNDA:5,SpecterModule
FNDA:1,(anonymous_1)
FNDA:1,(anonymous_2)
FNDA:0,(anonymous_3)
DA:23,5
DA:28,5
DA:29,1
DA:35,5
DA:37,1
DA:46,2
DA:54,1
DA:61,1
DA:69,0
DA:76,1
LF:10
LH:9
BRDA:35,0,0,1
BRDA:35,0,1,2
BRDA:35,0,2,1
BRDA:35,0,3,1
BRDA:51,1,0,1
BRDA:51,1,1,1
BRDA:53,2,0,1
BRDA:53,2,1,1
BRDA:66,3,0,0
BRDA:66,3,1,1
BRDA:68,4,0,0
BRDA:68,4,1,1
BRF:12
BRH:10
end_of_record
TN:
SF:modules/specter/src/ui/pages/SpecterModuleFT2.tsx
FN:3,SpecterModuleFT2
FNF:1
FNH:0
FNDA:0,SpecterModuleFT2
DA:4,0
LF:1
LH:0
BRF:0
BRH:0
end_of_record
TN:
SF:tests/unit/ui/helpers/assertAhaPanelIntent.ts
FN:23,assertAhaPanelIntent
FNF:1
FNH:1
FNDA:1,assertAhaPanelIntent
DA:28,1
DA:30,1
DA:37,0
DA:41,0
DA:43,0
DA:45,0
DA:46,0
LF:7
LH:2
BRDA:32,0,0,0
BRDA:32,0,1,1
BRF:2
BRH:1
end_of_record
